[0.014s] Invoking command in '/root/ROBOT_PROJECT_V2_ws/build/articubot_one': CMAKE_PREFIX_PATH=${CMAKE_PREFIX_PATH}:/root/turtlebot3_ws/install/turtlebot3_teleop:/root/turtlebot3_ws/install/turtlebot3_example:/opt/ros/humble /usr/bin/cmake --build /root/ROBOT_PROJECT_V2_ws/build/articubot_one -- -j16 -l16
[0.083s] Invoked command in '/root/ROBOT_PROJECT_V2_ws/build/articubot_one' returned '0': CMAKE_PREFIX_PATH=${CMAKE_PREFIX_PATH}:/root/turtlebot3_ws/install/turtlebot3_teleop:/root/turtlebot3_ws/install/turtlebot3_example:/opt/ros/humble /usr/bin/cmake --build /root/ROBOT_PROJECT_V2_ws/build/articubot_one -- -j16 -l16
[0.085s] Invoking command in '/root/ROBOT_PROJECT_V2_ws/build/articubot_one': CMAKE_PREFIX_PATH=${CMAKE_PREFIX_PATH}:/root/turtlebot3_ws/install/turtlebot3_teleop:/root/turtlebot3_ws/install/turtlebot3_example:/opt/ros/humble /usr/bin/cmake --install /root/ROBOT_PROJECT_V2_ws/build/articubot_one
[0.092s] -- Install configuration: ""
[0.092s] -- Up-to-date: /root/ROBOT_PROJECT_V2_ws/install/articubot_one/share/articubot_one/config
[0.092s] -- Up-to-date: /root/ROBOT_PROJECT_V2_ws/install/articubot_one/share/articubot_one/config/empty.yaml
[0.092s] -- Up-to-date: /root/ROBOT_PROJECT_V2_ws/install/articubot_one/share/articubot_one/description
[0.092s] -- Up-to-date: /root/ROBOT_PROJECT_V2_ws/install/articubot_one/share/articubot_one/description/robot.urdf.xacro
[0.092s] -- Up-to-date: /root/ROBOT_PROJECT_V2_ws/install/articubot_one/share/articubot_one/launch
[0.092s] -- Up-to-date: /root/ROBOT_PROJECT_V2_ws/install/articubot_one/share/articubot_one/launch/rsp.launch.py
[0.092s] -- Up-to-date: /root/ROBOT_PROJECT_V2_ws/install/articubot_one/share/articubot_one/worlds
[0.092s] -- Up-to-date: /root/ROBOT_PROJECT_V2_ws/install/articubot_one/share/articubot_one/worlds/World_01
[0.092s] -- Up-to-date: /root/ROBOT_PROJECT_V2_ws/install/articubot_one/share/articubot_one/worlds/empty.world
[0.092s] -- Up-to-date: /root/ROBOT_PROJECT_V2_ws/install/articubot_one/share/ament_index/resource_index/package_run_dependencies/articubot_one
[0.092s] -- Up-to-date: /root/ROBOT_PROJECT_V2_ws/install/articubot_one/share/ament_index/resource_index/parent_prefix_path/articubot_one
[0.092s] -- Up-to-date: /root/ROBOT_PROJECT_V2_ws/install/articubot_one/share/articubot_one/environment/ament_prefix_path.sh
[0.092s] -- Up-to-date: /root/ROBOT_PROJECT_V2_ws/install/articubot_one/share/articubot_one/environment/ament_prefix_path.dsv
[0.092s] -- Up-to-date: /root/ROBOT_PROJECT_V2_ws/install/articubot_one/share/articubot_one/environment/path.sh
[0.092s] -- Up-to-date: /root/ROBOT_PROJECT_V2_ws/install/articubot_one/share/articubot_one/environment/path.dsv
[0.092s] -- Up-to-date: /root/ROBOT_PROJECT_V2_ws/install/articubot_one/share/articubot_one/local_setup.bash
[0.092s] -- Up-to-date: /root/ROBOT_PROJECT_V2_ws/install/articubot_one/share/articubot_one/local_setup.sh
[0.092s] -- Up-to-date: /root/ROBOT_PROJECT_V2_ws/install/articubot_one/share/articubot_one/local_setup.zsh
[0.092s] -- Up-to-date: /root/ROBOT_PROJECT_V2_ws/install/articubot_one/share/articubot_one/local_setup.dsv
[0.092s] -- Installing: /root/ROBOT_PROJECT_V2_ws/install/articubot_one/share/articubot_one/package.dsv
[0.094s] -- Up-to-date: /root/ROBOT_PROJECT_V2_ws/install/articubot_one/share/ament_index/resource_index/packages/articubot_one
[0.095s] -- Up-to-date: /root/ROBOT_PROJECT_V2_ws/install/articubot_one/share/articubot_one/cmake/articubot_oneConfig.cmake
[0.095s] -- Up-to-date: /root/ROBOT_PROJECT_V2_ws/install/articubot_one/share/articubot_one/cmake/articubot_oneConfig-version.cmake
[0.095s] -- Up-to-date: /root/ROBOT_PROJECT_V2_ws/install/articubot_one/share/articubot_one/package.xml
[0.108s] Invoked command in '/root/ROBOT_PROJECT_V2_ws/build/articubot_one' returned '0': CMAKE_PREFIX_PATH=${CMAKE_PREFIX_PATH}:/root/turtlebot3_ws/install/turtlebot3_teleop:/root/turtlebot3_ws/install/turtlebot3_example:/opt/ros/humble /usr/bin/cmake --install /root/ROBOT_PROJECT_V2_ws/build/articubot_one
