[0.311s] DEBUG:colcon:Command line arguments: ['/usr/bin/colcon', 'build']
[0.311s] DEBUG:colcon:Parsed command line arguments: Namespace(log_base=None, log_level=None, verb_name='build', build_base='build', install_base='install', merge_install=False, symlink_install=False, test_result_base=None, continue_on_error=False, executor='parallel', parallel_workers=16, event_handlers=None, ignore_user_meta=False, metas=['./colcon.meta'], base_paths=['.'], packages_ignore=None, packages_ignore_regex=None, paths=None, packages_up_to=None, packages_up_to_regex=None, packages_above=None, packages_above_and_dependencies=None, packages_above_depth=None, packages_select_by_dep=None, packages_skip_by_dep=None, packages_skip_up_to=None, packages_select_build_failed=False, packages_skip_build_finished=False, packages_select_test_failures=False, packages_skip_test_passed=False, packages_select=None, packages_skip=None, packages_select_regex=None, packages_skip_regex=None, packages_start=None, packages_end=None, allow_overriding=[], cmake_args=None, cmake_target=None, cmake_target_skip_unavailable=False, cmake_clean_cache=False, cmake_clean_first=False, cmake_force_configure=False, ament_cmake_args=None, catkin_cmake_args=None, catkin_skip_building_tests=False, mixin_files=None, mixin=None, verb_parser=<colcon_mixin.mixin.mixin_argument.MixinArgumentDecorator object at 0x7f70172e26b0>, verb_extension=<colcon_core.verb.build.BuildVerb object at 0x7f70172e1cf0>, main=<bound method BuildVerb.main of <colcon_core.verb.build.BuildVerb object at 0x7f70172e1cf0>>, mixin_verb=('build',))
[0.823s] Level 1:colcon.colcon_core.package_discovery:discover_packages(colcon_meta) check parameters
[0.823s] Level 1:colcon.colcon_core.package_discovery:discover_packages(recursive) check parameters
[0.823s] Level 1:colcon.colcon_core.package_discovery:discover_packages(ignore) check parameters
[0.823s] Level 1:colcon.colcon_core.package_discovery:discover_packages(path) check parameters
[0.823s] Level 1:colcon.colcon_core.package_discovery:discover_packages(colcon_meta) discover
[0.823s] Level 1:colcon.colcon_core.package_discovery:discover_packages(recursive) discover
[0.823s] INFO:colcon.colcon_core.package_discovery:Crawling recursively for packages in '/root/ROBOT_PROJECT_V2_ws'
[0.823s] Level 1:colcon.colcon_core.package_identification:_identify(.) by extensions ['ignore', 'ignore_ament_install']
[0.823s] Level 1:colcon.colcon_core.package_identification:_identify(.) by extension 'ignore'
[0.823s] Level 1:colcon.colcon_core.package_identification:_identify(.) by extension 'ignore_ament_install'
[0.823s] Level 1:colcon.colcon_core.package_identification:_identify(.) by extensions ['colcon_pkg']
[0.823s] Level 1:colcon.colcon_core.package_identification:_identify(.) by extension 'colcon_pkg'
[0.823s] Level 1:colcon.colcon_core.package_identification:_identify(.) by extensions ['colcon_meta']
[0.823s] Level 1:colcon.colcon_core.package_identification:_identify(.) by extension 'colcon_meta'
[0.823s] Level 1:colcon.colcon_core.package_identification:_identify(.) by extensions ['ros']
[0.823s] Level 1:colcon.colcon_core.package_identification:_identify(.) by extension 'ros'
[0.830s] Level 1:colcon.colcon_core.package_identification:_identify(.) by extensions ['cmake', 'python']
[0.830s] Level 1:colcon.colcon_core.package_identification:_identify(.) by extension 'cmake'
[0.830s] Level 1:colcon.colcon_core.package_identification:_identify(.) by extension 'python'
[0.830s] Level 1:colcon.colcon_core.package_identification:_identify(.) by extensions ['python_setup_py']
[0.830s] Level 1:colcon.colcon_core.package_identification:_identify(.) by extension 'python_setup_py'
[0.830s] Level 1:colcon.colcon_core.package_identification:_identify(ROBOT_PROJECT_VERSION_02) by extensions ['ignore', 'ignore_ament_install']
[0.830s] Level 1:colcon.colcon_core.package_identification:_identify(ROBOT_PROJECT_VERSION_02) by extension 'ignore'
[0.830s] Level 1:colcon.colcon_core.package_identification:_identify(ROBOT_PROJECT_VERSION_02) by extension 'ignore_ament_install'
[0.830s] Level 1:colcon.colcon_core.package_identification:_identify(ROBOT_PROJECT_VERSION_02) by extensions ['colcon_pkg']
[0.830s] Level 1:colcon.colcon_core.package_identification:_identify(ROBOT_PROJECT_VERSION_02) by extension 'colcon_pkg'
[0.831s] Level 1:colcon.colcon_core.package_identification:_identify(ROBOT_PROJECT_VERSION_02) by extensions ['colcon_meta']
[0.831s] Level 1:colcon.colcon_core.package_identification:_identify(ROBOT_PROJECT_VERSION_02) by extension 'colcon_meta'
[0.831s] Level 1:colcon.colcon_core.package_identification:_identify(ROBOT_PROJECT_VERSION_02) by extensions ['ros']
[0.831s] Level 1:colcon.colcon_core.package_identification:_identify(ROBOT_PROJECT_VERSION_02) by extension 'ros'
[0.832s] DEBUG:colcon.colcon_core.package_identification:Package 'ROBOT_PROJECT_VERSION_02' with type 'ros.ament_cmake' and name 'articubot_one'
[0.833s] Level 1:colcon.colcon_core.package_identification:_identify(build) by extensions ['ignore', 'ignore_ament_install']
[0.833s] Level 1:colcon.colcon_core.package_identification:_identify(build) by extension 'ignore'
[0.833s] Level 1:colcon.colcon_core.package_identification:_identify(build) ignored
[0.833s] Level 1:colcon.colcon_core.package_identification:_identify(install) by extensions ['ignore', 'ignore_ament_install']
[0.833s] Level 1:colcon.colcon_core.package_identification:_identify(install) by extension 'ignore'
[0.833s] Level 1:colcon.colcon_core.package_identification:_identify(install) ignored
[0.833s] Level 1:colcon.colcon_core.package_identification:_identify(log) by extensions ['ignore', 'ignore_ament_install']
[0.833s] Level 1:colcon.colcon_core.package_identification:_identify(log) by extension 'ignore'
[0.833s] Level 1:colcon.colcon_core.package_identification:_identify(log) ignored
[0.834s] Level 1:colcon.colcon_core.package_identification:_identify(src) by extensions ['ignore', 'ignore_ament_install']
[0.834s] Level 1:colcon.colcon_core.package_identification:_identify(src) by extension 'ignore'
[0.834s] Level 1:colcon.colcon_core.package_identification:_identify(src) by extension 'ignore_ament_install'
[0.834s] Level 1:colcon.colcon_core.package_identification:_identify(src) by extensions ['colcon_pkg']
[0.834s] Level 1:colcon.colcon_core.package_identification:_identify(src) by extension 'colcon_pkg'
[0.834s] Level 1:colcon.colcon_core.package_identification:_identify(src) by extensions ['colcon_meta']
[0.834s] Level 1:colcon.colcon_core.package_identification:_identify(src) by extension 'colcon_meta'
[0.834s] Level 1:colcon.colcon_core.package_identification:_identify(src) by extensions ['ros']
[0.834s] Level 1:colcon.colcon_core.package_identification:_identify(src) by extension 'ros'
[0.834s] Level 1:colcon.colcon_core.package_identification:_identify(src) by extensions ['cmake', 'python']
[0.834s] Level 1:colcon.colcon_core.package_identification:_identify(src) by extension 'cmake'
[0.834s] Level 1:colcon.colcon_core.package_identification:_identify(src) by extension 'python'
[0.834s] Level 1:colcon.colcon_core.package_identification:_identify(src) by extensions ['python_setup_py']
[0.834s] Level 1:colcon.colcon_core.package_identification:_identify(src) by extension 'python_setup_py'
[0.835s] Level 1:colcon.colcon_core.package_identification:_identify(src/ROBOT_PROJECT_VERSION_02) by extensions ['ignore', 'ignore_ament_install']
[0.835s] Level 1:colcon.colcon_core.package_identification:_identify(src/ROBOT_PROJECT_VERSION_02) by extension 'ignore'
[0.835s] Level 1:colcon.colcon_core.package_identification:_identify(src/ROBOT_PROJECT_VERSION_02) by extension 'ignore_ament_install'
[0.835s] Level 1:colcon.colcon_core.package_identification:_identify(src/ROBOT_PROJECT_VERSION_02) by extensions ['colcon_pkg']
[0.835s] Level 1:colcon.colcon_core.package_identification:_identify(src/ROBOT_PROJECT_VERSION_02) by extension 'colcon_pkg'
[0.835s] Level 1:colcon.colcon_core.package_identification:_identify(src/ROBOT_PROJECT_VERSION_02) by extensions ['colcon_meta']
[0.835s] Level 1:colcon.colcon_core.package_identification:_identify(src/ROBOT_PROJECT_VERSION_02) by extension 'colcon_meta'
[0.835s] Level 1:colcon.colcon_core.package_identification:_identify(src/ROBOT_PROJECT_VERSION_02) by extensions ['ros']
[0.835s] Level 1:colcon.colcon_core.package_identification:_identify(src/ROBOT_PROJECT_VERSION_02) by extension 'ros'
[0.836s] DEBUG:colcon.colcon_core.package_identification:Package 'src/ROBOT_PROJECT_VERSION_02' with type 'ros.ament_cmake' and name 'ROBOT_PROJECT_VERSION_02'
[0.836s] Level 1:colcon.colcon_core.package_discovery:discover_packages(recursive) using defaults
[0.836s] Level 1:colcon.colcon_core.package_discovery:discover_packages(ignore) discover
[0.836s] Level 1:colcon.colcon_core.package_discovery:discover_packages(ignore) using defaults
[0.836s] Level 1:colcon.colcon_core.package_discovery:discover_packages(path) discover
[0.836s] Level 1:colcon.colcon_core.package_discovery:discover_packages(path) using defaults
[0.868s] Level 1:colcon.colcon_core.package_discovery:discover_packages(prefix_path) check parameters
[0.868s] Level 1:colcon.colcon_core.package_discovery:discover_packages(prefix_path) discover
[0.872s] DEBUG:colcon.colcon_installed_package_information.package_discovery:Found 12 installed packages in /root/turtlebot3_ws/install
[0.873s] DEBUG:colcon.colcon_installed_package_information.package_discovery:Found 371 installed packages in /opt/ros/humble
[0.874s] Level 1:colcon.colcon_core.package_discovery:discover_packages(prefix_path) using defaults
[0.918s] Level 5:colcon.colcon_core.verb:set package 'ROBOT_PROJECT_VERSION_02' build argument 'cmake_args' from command line to 'None'
[0.918s] Level 5:colcon.colcon_core.verb:set package 'ROBOT_PROJECT_VERSION_02' build argument 'cmake_target' from command line to 'None'
[0.918s] Level 5:colcon.colcon_core.verb:set package 'ROBOT_PROJECT_VERSION_02' build argument 'cmake_target_skip_unavailable' from command line to 'False'
[0.918s] Level 5:colcon.colcon_core.verb:set package 'ROBOT_PROJECT_VERSION_02' build argument 'cmake_clean_cache' from command line to 'False'
[0.918s] Level 5:colcon.colcon_core.verb:set package 'ROBOT_PROJECT_VERSION_02' build argument 'cmake_clean_first' from command line to 'False'
[0.918s] Level 5:colcon.colcon_core.verb:set package 'ROBOT_PROJECT_VERSION_02' build argument 'cmake_force_configure' from command line to 'False'
[0.918s] Level 5:colcon.colcon_core.verb:set package 'ROBOT_PROJECT_VERSION_02' build argument 'ament_cmake_args' from command line to 'None'
[0.918s] Level 5:colcon.colcon_core.verb:set package 'ROBOT_PROJECT_VERSION_02' build argument 'catkin_cmake_args' from command line to 'None'
[0.918s] Level 5:colcon.colcon_core.verb:set package 'ROBOT_PROJECT_VERSION_02' build argument 'catkin_skip_building_tests' from command line to 'False'
[0.918s] DEBUG:colcon.colcon_core.verb:Building package 'ROBOT_PROJECT_VERSION_02' with the following arguments: {'ament_cmake_args': None, 'build_base': '/root/ROBOT_PROJECT_V2_ws/build/ROBOT_PROJECT_VERSION_02', 'catkin_cmake_args': None, 'catkin_skip_building_tests': False, 'cmake_args': None, 'cmake_clean_cache': False, 'cmake_clean_first': False, 'cmake_force_configure': False, 'cmake_target': None, 'cmake_target_skip_unavailable': False, 'install_base': '/root/ROBOT_PROJECT_V2_ws/install/ROBOT_PROJECT_VERSION_02', 'merge_install': False, 'path': '/root/ROBOT_PROJECT_V2_ws/src/ROBOT_PROJECT_VERSION_02', 'symlink_install': False, 'test_result_base': None}
[0.918s] Level 5:colcon.colcon_core.verb:set package 'articubot_one' build argument 'cmake_args' from command line to 'None'
[0.918s] Level 5:colcon.colcon_core.verb:set package 'articubot_one' build argument 'cmake_target' from command line to 'None'
[0.918s] Level 5:colcon.colcon_core.verb:set package 'articubot_one' build argument 'cmake_target_skip_unavailable' from command line to 'False'
[0.918s] Level 5:colcon.colcon_core.verb:set package 'articubot_one' build argument 'cmake_clean_cache' from command line to 'False'
[0.918s] Level 5:colcon.colcon_core.verb:set package 'articubot_one' build argument 'cmake_clean_first' from command line to 'False'
[0.918s] Level 5:colcon.colcon_core.verb:set package 'articubot_one' build argument 'cmake_force_configure' from command line to 'False'
[0.918s] Level 5:colcon.colcon_core.verb:set package 'articubot_one' build argument 'ament_cmake_args' from command line to 'None'
[0.918s] Level 5:colcon.colcon_core.verb:set package 'articubot_one' build argument 'catkin_cmake_args' from command line to 'None'
[0.918s] Level 5:colcon.colcon_core.verb:set package 'articubot_one' build argument 'catkin_skip_building_tests' from command line to 'False'
[0.918s] DEBUG:colcon.colcon_core.verb:Building package 'articubot_one' with the following arguments: {'ament_cmake_args': None, 'build_base': '/root/ROBOT_PROJECT_V2_ws/build/articubot_one', 'catkin_cmake_args': None, 'catkin_skip_building_tests': False, 'cmake_args': None, 'cmake_clean_cache': False, 'cmake_clean_first': False, 'cmake_force_configure': False, 'cmake_target': None, 'cmake_target_skip_unavailable': False, 'install_base': '/root/ROBOT_PROJECT_V2_ws/install/articubot_one', 'merge_install': False, 'path': '/root/ROBOT_PROJECT_V2_ws/ROBOT_PROJECT_VERSION_02', 'symlink_install': False, 'test_result_base': None}
[0.918s] INFO:colcon.colcon_core.executor:Executing jobs using 'parallel' executor
[0.919s] DEBUG:colcon.colcon_parallel_executor.executor.parallel:run_until_complete
[0.919s] INFO:colcon.colcon_ros.task.ament_cmake.build:Building ROS package in '/root/ROBOT_PROJECT_V2_ws/src/ROBOT_PROJECT_VERSION_02' with build type 'ament_cmake'
[0.919s] INFO:colcon.colcon_cmake.task.cmake.build:Building CMake package in '/root/ROBOT_PROJECT_V2_ws/src/ROBOT_PROJECT_VERSION_02'
[0.926s] INFO:colcon.colcon_core.plugin_system:Skipping extension 'colcon_core.shell.bat': Not used on non-Windows systems
[0.926s] INFO:colcon.colcon_core.shell:Skip shell extension 'powershell' for command environment: Not usable outside of PowerShell
[0.926s] DEBUG:colcon.colcon_core.shell:Skip shell extension 'dsv' for command environment
[0.930s] INFO:colcon.colcon_ros.task.ament_cmake.build:Building ROS package in '/root/ROBOT_PROJECT_V2_ws/ROBOT_PROJECT_VERSION_02' with build type 'ament_cmake'
[0.930s] INFO:colcon.colcon_cmake.task.cmake.build:Building CMake package in '/root/ROBOT_PROJECT_V2_ws/ROBOT_PROJECT_VERSION_02'
[0.930s] INFO:colcon.colcon_core.shell:Skip shell extension 'powershell' for command environment: Not usable outside of PowerShell
[0.930s] DEBUG:colcon.colcon_core.shell:Skip shell extension 'dsv' for command environment
[0.939s] DEBUG:colcon.colcon_core.event_handler.log_command:Invoking command in '/root/ROBOT_PROJECT_V2_ws/build/ROBOT_PROJECT_VERSION_02': CMAKE_PREFIX_PATH=${CMAKE_PREFIX_PATH}:/root/turtlebot3_ws/install/turtlebot3_teleop:/root/turtlebot3_ws/install/turtlebot3_example:/opt/ros/humble /usr/bin/cmake --build /root/ROBOT_PROJECT_V2_ws/build/ROBOT_PROJECT_VERSION_02 -- -j16 -l16
[0.944s] DEBUG:colcon.colcon_core.event_handler.log_command:Invoking command in '/root/ROBOT_PROJECT_V2_ws/build/articubot_one': CMAKE_PREFIX_PATH=${CMAKE_PREFIX_PATH}:/root/turtlebot3_ws/install/turtlebot3_teleop:/root/turtlebot3_ws/install/turtlebot3_example:/opt/ros/humble /usr/bin/cmake --build /root/ROBOT_PROJECT_V2_ws/build/articubot_one -- -j16 -l16
[1.006s] DEBUG:colcon.colcon_core.event_handler.log_command:Invoked command in '/root/ROBOT_PROJECT_V2_ws/build/ROBOT_PROJECT_VERSION_02' returned '0': CMAKE_PREFIX_PATH=${CMAKE_PREFIX_PATH}:/root/turtlebot3_ws/install/turtlebot3_teleop:/root/turtlebot3_ws/install/turtlebot3_example:/opt/ros/humble /usr/bin/cmake --build /root/ROBOT_PROJECT_V2_ws/build/ROBOT_PROJECT_VERSION_02 -- -j16 -l16
[1.013s] DEBUG:colcon.colcon_core.event_handler.log_command:Invoking command in '/root/ROBOT_PROJECT_V2_ws/build/ROBOT_PROJECT_VERSION_02': CMAKE_PREFIX_PATH=${CMAKE_PREFIX_PATH}:/root/turtlebot3_ws/install/turtlebot3_teleop:/root/turtlebot3_ws/install/turtlebot3_example:/opt/ros/humble /usr/bin/cmake --install /root/ROBOT_PROJECT_V2_ws/build/ROBOT_PROJECT_VERSION_02
[1.014s] DEBUG:colcon.colcon_core.event_handler.log_command:Invoked command in '/root/ROBOT_PROJECT_V2_ws/build/articubot_one' returned '0': CMAKE_PREFIX_PATH=${CMAKE_PREFIX_PATH}:/root/turtlebot3_ws/install/turtlebot3_teleop:/root/turtlebot3_ws/install/turtlebot3_example:/opt/ros/humble /usr/bin/cmake --build /root/ROBOT_PROJECT_V2_ws/build/articubot_one -- -j16 -l16
[1.016s] DEBUG:colcon.colcon_core.event_handler.log_command:Invoking command in '/root/ROBOT_PROJECT_V2_ws/build/articubot_one': CMAKE_PREFIX_PATH=${CMAKE_PREFIX_PATH}:/root/turtlebot3_ws/install/turtlebot3_teleop:/root/turtlebot3_ws/install/turtlebot3_example:/opt/ros/humble /usr/bin/cmake --install /root/ROBOT_PROJECT_V2_ws/build/articubot_one
[1.030s] Level 1:colcon.colcon_core.environment:create_environment_scripts_only(articubot_one)
[1.039s] DEBUG:colcon.colcon_core.event_handler.log_command:Invoked command in '/root/ROBOT_PROJECT_V2_ws/build/articubot_one' returned '0': CMAKE_PREFIX_PATH=${CMAKE_PREFIX_PATH}:/root/turtlebot3_ws/install/turtlebot3_teleop:/root/turtlebot3_ws/install/turtlebot3_example:/opt/ros/humble /usr/bin/cmake --install /root/ROBOT_PROJECT_V2_ws/build/articubot_one
[1.045s] Level 1:colcon.colcon_core.environment:checking '/root/ROBOT_PROJECT_V2_ws/install/articubot_one' for CMake module files
[1.046s] Level 1:colcon.colcon_core.environment:checking '/root/ROBOT_PROJECT_V2_ws/install/articubot_one' for CMake config files
[1.048s] Level 1:colcon.colcon_core.shell:create_environment_hook('articubot_one', 'cmake_prefix_path')
[1.049s] INFO:colcon.colcon_core.shell:Creating environment hook '/root/ROBOT_PROJECT_V2_ws/install/articubot_one/share/articubot_one/hook/cmake_prefix_path.ps1'
[1.050s] INFO:colcon.colcon_core.shell:Creating environment descriptor '/root/ROBOT_PROJECT_V2_ws/install/articubot_one/share/articubot_one/hook/cmake_prefix_path.dsv'
[1.050s] INFO:colcon.colcon_core.shell:Creating environment hook '/root/ROBOT_PROJECT_V2_ws/install/articubot_one/share/articubot_one/hook/cmake_prefix_path.sh'
[1.052s] Level 1:colcon.colcon_core.environment:checking '/root/ROBOT_PROJECT_V2_ws/install/articubot_one/bin'
[1.052s] Level 1:colcon.colcon_core.environment:checking '/root/ROBOT_PROJECT_V2_ws/install/articubot_one/lib/pkgconfig/articubot_one.pc'
[1.052s] Level 1:colcon.colcon_core.environment:checking '/root/ROBOT_PROJECT_V2_ws/install/articubot_one/lib/python3.10/site-packages'
[1.052s] Level 1:colcon.colcon_core.environment:checking '/root/ROBOT_PROJECT_V2_ws/install/articubot_one/bin'
[1.052s] INFO:colcon.colcon_core.shell:Creating package script '/root/ROBOT_PROJECT_V2_ws/install/articubot_one/share/articubot_one/package.ps1'
[1.054s] INFO:colcon.colcon_core.shell:Creating package descriptor '/root/ROBOT_PROJECT_V2_ws/install/articubot_one/share/articubot_one/package.dsv'
[1.055s] INFO:colcon.colcon_core.shell:Creating package script '/root/ROBOT_PROJECT_V2_ws/install/articubot_one/share/articubot_one/package.sh'
[1.056s] INFO:colcon.colcon_core.shell:Creating package script '/root/ROBOT_PROJECT_V2_ws/install/articubot_one/share/articubot_one/package.bash'
[1.057s] INFO:colcon.colcon_core.shell:Creating package script '/root/ROBOT_PROJECT_V2_ws/install/articubot_one/share/articubot_one/package.zsh'
[1.059s] Level 1:colcon.colcon_core.environment:create_file_with_runtime_dependencies(/root/ROBOT_PROJECT_V2_ws/install/articubot_one/share/colcon-core/packages/articubot_one)
[1.059s] Level 1:colcon.colcon_core.environment:create_environment_scripts_only(articubot_one)
[1.059s] Level 1:colcon.colcon_core.environment:checking '/root/ROBOT_PROJECT_V2_ws/install/articubot_one' for CMake module files
[1.059s] Level 1:colcon.colcon_core.environment:checking '/root/ROBOT_PROJECT_V2_ws/install/articubot_one' for CMake config files
[1.060s] Level 1:colcon.colcon_core.shell:create_environment_hook('articubot_one', 'cmake_prefix_path')
[1.060s] INFO:colcon.colcon_core.shell:Creating environment hook '/root/ROBOT_PROJECT_V2_ws/install/articubot_one/share/articubot_one/hook/cmake_prefix_path.ps1'
[1.060s] INFO:colcon.colcon_core.shell:Creating environment descriptor '/root/ROBOT_PROJECT_V2_ws/install/articubot_one/share/articubot_one/hook/cmake_prefix_path.dsv'
[1.060s] INFO:colcon.colcon_core.shell:Creating environment hook '/root/ROBOT_PROJECT_V2_ws/install/articubot_one/share/articubot_one/hook/cmake_prefix_path.sh'
[1.060s] Level 1:colcon.colcon_core.environment:checking '/root/ROBOT_PROJECT_V2_ws/install/articubot_one/bin'
[1.060s] Level 1:colcon.colcon_core.environment:checking '/root/ROBOT_PROJECT_V2_ws/install/articubot_one/lib/pkgconfig/articubot_one.pc'
[1.061s] Level 1:colcon.colcon_core.environment:checking '/root/ROBOT_PROJECT_V2_ws/install/articubot_one/lib/python3.10/site-packages'
[1.061s] Level 1:colcon.colcon_core.environment:checking '/root/ROBOT_PROJECT_V2_ws/install/articubot_one/bin'
[1.061s] INFO:colcon.colcon_core.shell:Creating package script '/root/ROBOT_PROJECT_V2_ws/install/articubot_one/share/articubot_one/package.ps1'
[1.061s] INFO:colcon.colcon_core.shell:Creating package descriptor '/root/ROBOT_PROJECT_V2_ws/install/articubot_one/share/articubot_one/package.dsv'
[1.061s] INFO:colcon.colcon_core.shell:Creating package script '/root/ROBOT_PROJECT_V2_ws/install/articubot_one/share/articubot_one/package.sh'
[1.062s] INFO:colcon.colcon_core.shell:Creating package script '/root/ROBOT_PROJECT_V2_ws/install/articubot_one/share/articubot_one/package.bash'
[1.062s] INFO:colcon.colcon_core.shell:Creating package script '/root/ROBOT_PROJECT_V2_ws/install/articubot_one/share/articubot_one/package.zsh'
[1.062s] Level 1:colcon.colcon_core.environment:create_file_with_runtime_dependencies(/root/ROBOT_PROJECT_V2_ws/install/articubot_one/share/colcon-core/packages/articubot_one)
[1.062s] Level 1:colcon.colcon_core.environment:create_environment_scripts_only(ROBOT_PROJECT_VERSION_02)
[1.063s] Level 1:colcon.colcon_core.environment:checking '/root/ROBOT_PROJECT_V2_ws/install/ROBOT_PROJECT_VERSION_02' for CMake module files
[1.064s] DEBUG:colcon.colcon_core.event_handler.log_command:Invoked command in '/root/ROBOT_PROJECT_V2_ws/build/ROBOT_PROJECT_VERSION_02' returned '0': CMAKE_PREFIX_PATH=${CMAKE_PREFIX_PATH}:/root/turtlebot3_ws/install/turtlebot3_teleop:/root/turtlebot3_ws/install/turtlebot3_example:/opt/ros/humble /usr/bin/cmake --install /root/ROBOT_PROJECT_V2_ws/build/ROBOT_PROJECT_VERSION_02
[1.064s] Level 1:colcon.colcon_core.environment:checking '/root/ROBOT_PROJECT_V2_ws/install/ROBOT_PROJECT_VERSION_02' for CMake config files
[1.065s] Level 1:colcon.colcon_core.shell:create_environment_hook('ROBOT_PROJECT_VERSION_02', 'cmake_prefix_path')
[1.065s] INFO:colcon.colcon_core.shell:Creating environment hook '/root/ROBOT_PROJECT_V2_ws/install/ROBOT_PROJECT_VERSION_02/share/ROBOT_PROJECT_VERSION_02/hook/cmake_prefix_path.ps1'
[1.066s] INFO:colcon.colcon_core.shell:Creating environment descriptor '/root/ROBOT_PROJECT_V2_ws/install/ROBOT_PROJECT_VERSION_02/share/ROBOT_PROJECT_VERSION_02/hook/cmake_prefix_path.dsv'
[1.066s] INFO:colcon.colcon_core.shell:Creating environment hook '/root/ROBOT_PROJECT_V2_ws/install/ROBOT_PROJECT_VERSION_02/share/ROBOT_PROJECT_VERSION_02/hook/cmake_prefix_path.sh'
[1.066s] Level 1:colcon.colcon_core.environment:checking '/root/ROBOT_PROJECT_V2_ws/install/ROBOT_PROJECT_VERSION_02/bin'
[1.066s] Level 1:colcon.colcon_core.environment:checking '/root/ROBOT_PROJECT_V2_ws/install/ROBOT_PROJECT_VERSION_02/lib/pkgconfig/ROBOT_PROJECT_VERSION_02.pc'
[1.066s] Level 1:colcon.colcon_core.environment:checking '/root/ROBOT_PROJECT_V2_ws/install/ROBOT_PROJECT_VERSION_02/lib/python3.10/site-packages'
[1.066s] Level 1:colcon.colcon_core.environment:checking '/root/ROBOT_PROJECT_V2_ws/install/ROBOT_PROJECT_VERSION_02/bin'
[1.067s] INFO:colcon.colcon_core.shell:Creating package script '/root/ROBOT_PROJECT_V2_ws/install/ROBOT_PROJECT_VERSION_02/share/ROBOT_PROJECT_VERSION_02/package.ps1'
[1.067s] INFO:colcon.colcon_core.shell:Creating package descriptor '/root/ROBOT_PROJECT_V2_ws/install/ROBOT_PROJECT_VERSION_02/share/ROBOT_PROJECT_VERSION_02/package.dsv'
[1.067s] INFO:colcon.colcon_core.shell:Creating package script '/root/ROBOT_PROJECT_V2_ws/install/ROBOT_PROJECT_VERSION_02/share/ROBOT_PROJECT_VERSION_02/package.sh'
[1.067s] INFO:colcon.colcon_core.shell:Creating package script '/root/ROBOT_PROJECT_V2_ws/install/ROBOT_PROJECT_VERSION_02/share/ROBOT_PROJECT_VERSION_02/package.bash'
[1.067s] INFO:colcon.colcon_core.shell:Creating package script '/root/ROBOT_PROJECT_V2_ws/install/ROBOT_PROJECT_VERSION_02/share/ROBOT_PROJECT_VERSION_02/package.zsh'
[1.068s] Level 1:colcon.colcon_core.environment:create_file_with_runtime_dependencies(/root/ROBOT_PROJECT_V2_ws/install/ROBOT_PROJECT_VERSION_02/share/colcon-core/packages/ROBOT_PROJECT_VERSION_02)
[1.068s] Level 1:colcon.colcon_core.environment:create_environment_scripts_only(ROBOT_PROJECT_VERSION_02)
[1.068s] Level 1:colcon.colcon_core.environment:checking '/root/ROBOT_PROJECT_V2_ws/install/ROBOT_PROJECT_VERSION_02' for CMake module files
[1.069s] Level 1:colcon.colcon_core.environment:checking '/root/ROBOT_PROJECT_V2_ws/install/ROBOT_PROJECT_VERSION_02' for CMake config files
[1.069s] Level 1:colcon.colcon_core.shell:create_environment_hook('ROBOT_PROJECT_VERSION_02', 'cmake_prefix_path')
[1.069s] INFO:colcon.colcon_core.shell:Creating environment hook '/root/ROBOT_PROJECT_V2_ws/install/ROBOT_PROJECT_VERSION_02/share/ROBOT_PROJECT_VERSION_02/hook/cmake_prefix_path.ps1'
[1.069s] INFO:colcon.colcon_core.shell:Creating environment descriptor '/root/ROBOT_PROJECT_V2_ws/install/ROBOT_PROJECT_VERSION_02/share/ROBOT_PROJECT_VERSION_02/hook/cmake_prefix_path.dsv'
[1.069s] INFO:colcon.colcon_core.shell:Creating environment hook '/root/ROBOT_PROJECT_V2_ws/install/ROBOT_PROJECT_VERSION_02/share/ROBOT_PROJECT_VERSION_02/hook/cmake_prefix_path.sh'
[1.070s] Level 1:colcon.colcon_core.environment:checking '/root/ROBOT_PROJECT_V2_ws/install/ROBOT_PROJECT_VERSION_02/bin'
[1.070s] Level 1:colcon.colcon_core.environment:checking '/root/ROBOT_PROJECT_V2_ws/install/ROBOT_PROJECT_VERSION_02/lib/pkgconfig/ROBOT_PROJECT_VERSION_02.pc'
[1.070s] Level 1:colcon.colcon_core.environment:checking '/root/ROBOT_PROJECT_V2_ws/install/ROBOT_PROJECT_VERSION_02/lib/python3.10/site-packages'
[1.070s] Level 1:colcon.colcon_core.environment:checking '/root/ROBOT_PROJECT_V2_ws/install/ROBOT_PROJECT_VERSION_02/bin'
[1.070s] INFO:colcon.colcon_core.shell:Creating package script '/root/ROBOT_PROJECT_V2_ws/install/ROBOT_PROJECT_VERSION_02/share/ROBOT_PROJECT_VERSION_02/package.ps1'
[1.071s] INFO:colcon.colcon_core.shell:Creating package descriptor '/root/ROBOT_PROJECT_V2_ws/install/ROBOT_PROJECT_VERSION_02/share/ROBOT_PROJECT_VERSION_02/package.dsv'
[1.071s] INFO:colcon.colcon_core.shell:Creating package script '/root/ROBOT_PROJECT_V2_ws/install/ROBOT_PROJECT_VERSION_02/share/ROBOT_PROJECT_VERSION_02/package.sh'
[1.071s] INFO:colcon.colcon_core.shell:Creating package script '/root/ROBOT_PROJECT_V2_ws/install/ROBOT_PROJECT_VERSION_02/share/ROBOT_PROJECT_VERSION_02/package.bash'
[1.071s] INFO:colcon.colcon_core.shell:Creating package script '/root/ROBOT_PROJECT_V2_ws/install/ROBOT_PROJECT_VERSION_02/share/ROBOT_PROJECT_VERSION_02/package.zsh'
[1.072s] Level 1:colcon.colcon_core.environment:create_file_with_runtime_dependencies(/root/ROBOT_PROJECT_V2_ws/install/ROBOT_PROJECT_VERSION_02/share/colcon-core/packages/ROBOT_PROJECT_VERSION_02)
[1.072s] DEBUG:colcon.colcon_parallel_executor.executor.parallel:closing loop
[1.072s] DEBUG:colcon.colcon_parallel_executor.executor.parallel:loop closed
[1.073s] DEBUG:colcon.colcon_parallel_executor.executor.parallel:run_until_complete finished with '0'
[1.073s] DEBUG:colcon.colcon_core.event_reactor:joining thread
[1.187s] INFO:colcon.colcon_core.plugin_system:Skipping extension 'colcon_notification.desktop_notification.notify_send': Could not find 'notify-send'
[1.187s] INFO:colcon.colcon_core.plugin_system:Skipping extension 'colcon_notification.desktop_notification.terminal_notifier': Not used on non-Darwin systems
[1.187s] INFO:colcon.colcon_core.plugin_system:Skipping extension 'colcon_notification.desktop_notification.win32': Not used on non-Windows systems
[1.187s] INFO:colcon.colcon_notification.desktop_notification:Sending desktop notification using 'notify2'
[29.161s] DEBUG:colcon.colcon_notification.desktop_notification.notify2:Failed to initialize notify2: org.freedesktop.DBus.Error.NoReply: Did not receive a reply. Possible causes include: the remote application did not send a reply, the message bus security policy blocked the reply, the reply timeout expired, or the network connection was broken.
[29.163s] DEBUG:colcon.colcon_core.event_reactor:joined thread
[29.164s] INFO:colcon.colcon_core.shell:Creating prefix script '/root/ROBOT_PROJECT_V2_ws/install/local_setup.ps1'
[29.167s] INFO:colcon.colcon_core.shell:Creating prefix util module '/root/ROBOT_PROJECT_V2_ws/install/_local_setup_util_ps1.py'
[29.169s] INFO:colcon.colcon_core.shell:Creating prefix chain script '/root/ROBOT_PROJECT_V2_ws/install/setup.ps1'
[29.170s] INFO:colcon.colcon_core.shell:Creating prefix script '/root/ROBOT_PROJECT_V2_ws/install/local_setup.sh'
[29.170s] INFO:colcon.colcon_core.shell:Creating prefix util module '/root/ROBOT_PROJECT_V2_ws/install/_local_setup_util_sh.py'
[29.171s] INFO:colcon.colcon_core.shell:Creating prefix chain script '/root/ROBOT_PROJECT_V2_ws/install/setup.sh'
[29.171s] INFO:colcon.colcon_core.shell:Creating prefix script '/root/ROBOT_PROJECT_V2_ws/install/local_setup.bash'
[29.172s] INFO:colcon.colcon_core.shell:Creating prefix chain script '/root/ROBOT_PROJECT_V2_ws/install/setup.bash'
[29.172s] INFO:colcon.colcon_core.shell:Creating prefix script '/root/ROBOT_PROJECT_V2_ws/install/local_setup.zsh'
[29.172s] INFO:colcon.colcon_core.shell:Creating prefix chain script '/root/ROBOT_PROJECT_V2_ws/install/setup.zsh'
