[0.184s] DEBUG:colcon:Command line arguments: ['/usr/bin/colcon', 'build']
[0.184s] DEBUG:colcon:Parsed command line arguments: Namespace(log_base=None, log_level=None, verb_name='build', build_base='build', install_base='install', merge_install=False, symlink_install=False, test_result_base=None, continue_on_error=False, executor='parallel', parallel_workers=16, event_handlers=None, ignore_user_meta=False, metas=['./colcon.meta'], base_paths=['.'], packages_ignore=None, packages_ignore_regex=None, paths=None, packages_up_to=None, packages_up_to_regex=None, packages_above=None, packages_above_and_dependencies=None, packages_above_depth=None, packages_select_by_dep=None, packages_skip_by_dep=None, packages_skip_up_to=None, packages_select_build_failed=False, packages_skip_build_finished=False, packages_select_test_failures=False, packages_skip_test_passed=False, packages_select=None, packages_skip=None, packages_select_regex=None, packages_skip_regex=None, packages_start=None, packages_end=None, allow_overriding=[], cmake_args=None, cmake_target=None, cmake_target_skip_unavailable=False, cmake_clean_cache=False, cmake_clean_first=False, cmake_force_configure=False, ament_cmake_args=None, catkin_cmake_args=None, catkin_skip_building_tests=False, mixin_files=None, mixin=None, verb_parser=<colcon_mixin.mixin.mixin_argument.MixinArgumentDecorator object at 0x7f8db385a6b0>, verb_extension=<colcon_core.verb.build.BuildVerb object at 0x7f8db3859cf0>, main=<bound method BuildVerb.main of <colcon_core.verb.build.BuildVerb object at 0x7f8db3859cf0>>, mixin_verb=('build',))
[0.286s] Level 1:colcon.colcon_core.package_discovery:discover_packages(colcon_meta) check parameters
[0.286s] Level 1:colcon.colcon_core.package_discovery:discover_packages(recursive) check parameters
[0.286s] Level 1:colcon.colcon_core.package_discovery:discover_packages(ignore) check parameters
[0.286s] Level 1:colcon.colcon_core.package_discovery:discover_packages(path) check parameters
[0.286s] Level 1:colcon.colcon_core.package_discovery:discover_packages(colcon_meta) discover
[0.286s] Level 1:colcon.colcon_core.package_discovery:discover_packages(recursive) discover
[0.286s] INFO:colcon.colcon_core.package_discovery:Crawling recursively for packages in '/root/ROBOT_PROJECT_V2_ws'
[0.286s] Level 1:colcon.colcon_core.package_identification:_identify(.) by extensions ['ignore', 'ignore_ament_install']
[0.286s] Level 1:colcon.colcon_core.package_identification:_identify(.) by extension 'ignore'
[0.286s] Level 1:colcon.colcon_core.package_identification:_identify(.) by extension 'ignore_ament_install'
[0.286s] Level 1:colcon.colcon_core.package_identification:_identify(.) by extensions ['colcon_pkg']
[0.286s] Level 1:colcon.colcon_core.package_identification:_identify(.) by extension 'colcon_pkg'
[0.286s] Level 1:colcon.colcon_core.package_identification:_identify(.) by extensions ['colcon_meta']
[0.286s] Level 1:colcon.colcon_core.package_identification:_identify(.) by extension 'colcon_meta'
[0.286s] Level 1:colcon.colcon_core.package_identification:_identify(.) by extensions ['ros']
[0.286s] Level 1:colcon.colcon_core.package_identification:_identify(.) by extension 'ros'
[0.293s] Level 1:colcon.colcon_core.package_identification:_identify(.) by extensions ['cmake', 'python']
[0.293s] Level 1:colcon.colcon_core.package_identification:_identify(.) by extension 'cmake'
[0.293s] Level 1:colcon.colcon_core.package_identification:_identify(.) by extension 'python'
[0.293s] Level 1:colcon.colcon_core.package_identification:_identify(.) by extensions ['python_setup_py']
[0.293s] Level 1:colcon.colcon_core.package_identification:_identify(.) by extension 'python_setup_py'
[0.293s] Level 1:colcon.colcon_core.package_identification:_identify(ROBOT_PROJECT_VERSION_02) by extensions ['ignore', 'ignore_ament_install']
[0.293s] Level 1:colcon.colcon_core.package_identification:_identify(ROBOT_PROJECT_VERSION_02) by extension 'ignore'
[0.293s] Level 1:colcon.colcon_core.package_identification:_identify(ROBOT_PROJECT_VERSION_02) by extension 'ignore_ament_install'
[0.293s] Level 1:colcon.colcon_core.package_identification:_identify(ROBOT_PROJECT_VERSION_02) by extensions ['colcon_pkg']
[0.294s] Level 1:colcon.colcon_core.package_identification:_identify(ROBOT_PROJECT_VERSION_02) by extension 'colcon_pkg'
[0.294s] Level 1:colcon.colcon_core.package_identification:_identify(ROBOT_PROJECT_VERSION_02) by extensions ['colcon_meta']
[0.294s] Level 1:colcon.colcon_core.package_identification:_identify(ROBOT_PROJECT_VERSION_02) by extension 'colcon_meta'
[0.294s] Level 1:colcon.colcon_core.package_identification:_identify(ROBOT_PROJECT_VERSION_02) by extensions ['ros']
[0.294s] Level 1:colcon.colcon_core.package_identification:_identify(ROBOT_PROJECT_VERSION_02) by extension 'ros'
[0.295s] DEBUG:colcon.colcon_core.package_identification:Package 'ROBOT_PROJECT_VERSION_02' with type 'ros.ament_cmake' and name 'articubot_one'
[0.295s] Level 1:colcon.colcon_core.package_identification:_identify(build) by extensions ['ignore', 'ignore_ament_install']
[0.295s] Level 1:colcon.colcon_core.package_identification:_identify(build) by extension 'ignore'
[0.295s] Level 1:colcon.colcon_core.package_identification:_identify(build) ignored
[0.296s] Level 1:colcon.colcon_core.package_identification:_identify(install) by extensions ['ignore', 'ignore_ament_install']
[0.296s] Level 1:colcon.colcon_core.package_identification:_identify(install) by extension 'ignore'
[0.296s] Level 1:colcon.colcon_core.package_identification:_identify(install) ignored
[0.296s] Level 1:colcon.colcon_core.package_identification:_identify(log) by extensions ['ignore', 'ignore_ament_install']
[0.296s] Level 1:colcon.colcon_core.package_identification:_identify(log) by extension 'ignore'
[0.296s] Level 1:colcon.colcon_core.package_identification:_identify(log) ignored
[0.296s] Level 1:colcon.colcon_core.package_identification:_identify(src) by extensions ['ignore', 'ignore_ament_install']
[0.296s] Level 1:colcon.colcon_core.package_identification:_identify(src) by extension 'ignore'
[0.296s] Level 1:colcon.colcon_core.package_identification:_identify(src) by extension 'ignore_ament_install'
[0.296s] Level 1:colcon.colcon_core.package_identification:_identify(src) by extensions ['colcon_pkg']
[0.296s] Level 1:colcon.colcon_core.package_identification:_identify(src) by extension 'colcon_pkg'
[0.296s] Level 1:colcon.colcon_core.package_identification:_identify(src) by extensions ['colcon_meta']
[0.296s] Level 1:colcon.colcon_core.package_identification:_identify(src) by extension 'colcon_meta'
[0.296s] Level 1:colcon.colcon_core.package_identification:_identify(src) by extensions ['ros']
[0.296s] Level 1:colcon.colcon_core.package_identification:_identify(src) by extension 'ros'
[0.296s] Level 1:colcon.colcon_core.package_identification:_identify(src) by extensions ['cmake', 'python']
[0.296s] Level 1:colcon.colcon_core.package_identification:_identify(src) by extension 'cmake'
[0.296s] Level 1:colcon.colcon_core.package_identification:_identify(src) by extension 'python'
[0.296s] Level 1:colcon.colcon_core.package_identification:_identify(src) by extensions ['python_setup_py']
[0.296s] Level 1:colcon.colcon_core.package_identification:_identify(src) by extension 'python_setup_py'
[0.296s] Level 1:colcon.colcon_core.package_identification:_identify(src/ROBOT_PROJECT_VERSION_02) by extensions ['ignore', 'ignore_ament_install']
[0.296s] Level 1:colcon.colcon_core.package_identification:_identify(src/ROBOT_PROJECT_VERSION_02) by extension 'ignore'
[0.297s] Level 1:colcon.colcon_core.package_identification:_identify(src/ROBOT_PROJECT_VERSION_02) by extension 'ignore_ament_install'
[0.297s] Level 1:colcon.colcon_core.package_identification:_identify(src/ROBOT_PROJECT_VERSION_02) by extensions ['colcon_pkg']
[0.297s] Level 1:colcon.colcon_core.package_identification:_identify(src/ROBOT_PROJECT_VERSION_02) by extension 'colcon_pkg'
[0.297s] Level 1:colcon.colcon_core.package_identification:_identify(src/ROBOT_PROJECT_VERSION_02) by extensions ['colcon_meta']
[0.297s] Level 1:colcon.colcon_core.package_identification:_identify(src/ROBOT_PROJECT_VERSION_02) by extension 'colcon_meta'
[0.297s] Level 1:colcon.colcon_core.package_identification:_identify(src/ROBOT_PROJECT_VERSION_02) by extensions ['ros']
[0.297s] Level 1:colcon.colcon_core.package_identification:_identify(src/ROBOT_PROJECT_VERSION_02) by extension 'ros'
[0.298s] DEBUG:colcon.colcon_core.package_identification:Package 'src/ROBOT_PROJECT_VERSION_02' with type 'ros.ament_cmake' and name 'ROBOT_PROJECT_VERSION_02'
[0.298s] Level 1:colcon.colcon_core.package_discovery:discover_packages(recursive) using defaults
[0.298s] Level 1:colcon.colcon_core.package_discovery:discover_packages(ignore) discover
[0.299s] Level 1:colcon.colcon_core.package_discovery:discover_packages(ignore) using defaults
[0.299s] Level 1:colcon.colcon_core.package_discovery:discover_packages(path) discover
[0.299s] Level 1:colcon.colcon_core.package_discovery:discover_packages(path) using defaults
[0.328s] Level 1:colcon.colcon_core.package_discovery:discover_packages(prefix_path) check parameters
[0.328s] Level 1:colcon.colcon_core.package_discovery:discover_packages(prefix_path) discover
[0.329s] DEBUG:colcon.colcon_installed_package_information.package_discovery:Found 12 installed packages in /root/turtlebot3_ws/install
[0.330s] DEBUG:colcon.colcon_installed_package_information.package_discovery:Found 371 installed packages in /opt/ros/humble
[0.331s] Level 1:colcon.colcon_core.package_discovery:discover_packages(prefix_path) using defaults
[0.361s] Level 5:colcon.colcon_core.verb:set package 'ROBOT_PROJECT_VERSION_02' build argument 'cmake_args' from command line to 'None'
[0.361s] Level 5:colcon.colcon_core.verb:set package 'ROBOT_PROJECT_VERSION_02' build argument 'cmake_target' from command line to 'None'
[0.361s] Level 5:colcon.colcon_core.verb:set package 'ROBOT_PROJECT_VERSION_02' build argument 'cmake_target_skip_unavailable' from command line to 'False'
[0.361s] Level 5:colcon.colcon_core.verb:set package 'ROBOT_PROJECT_VERSION_02' build argument 'cmake_clean_cache' from command line to 'False'
[0.361s] Level 5:colcon.colcon_core.verb:set package 'ROBOT_PROJECT_VERSION_02' build argument 'cmake_clean_first' from command line to 'False'
[0.361s] Level 5:colcon.colcon_core.verb:set package 'ROBOT_PROJECT_VERSION_02' build argument 'cmake_force_configure' from command line to 'False'
[0.361s] Level 5:colcon.colcon_core.verb:set package 'ROBOT_PROJECT_VERSION_02' build argument 'ament_cmake_args' from command line to 'None'
[0.361s] Level 5:colcon.colcon_core.verb:set package 'ROBOT_PROJECT_VERSION_02' build argument 'catkin_cmake_args' from command line to 'None'
[0.361s] Level 5:colcon.colcon_core.verb:set package 'ROBOT_PROJECT_VERSION_02' build argument 'catkin_skip_building_tests' from command line to 'False'
[0.361s] DEBUG:colcon.colcon_core.verb:Building package 'ROBOT_PROJECT_VERSION_02' with the following arguments: {'ament_cmake_args': None, 'build_base': '/root/ROBOT_PROJECT_V2_ws/build/ROBOT_PROJECT_VERSION_02', 'catkin_cmake_args': None, 'catkin_skip_building_tests': False, 'cmake_args': None, 'cmake_clean_cache': False, 'cmake_clean_first': False, 'cmake_force_configure': False, 'cmake_target': None, 'cmake_target_skip_unavailable': False, 'install_base': '/root/ROBOT_PROJECT_V2_ws/install/ROBOT_PROJECT_VERSION_02', 'merge_install': False, 'path': '/root/ROBOT_PROJECT_V2_ws/src/ROBOT_PROJECT_VERSION_02', 'symlink_install': False, 'test_result_base': None}
[0.361s] Level 5:colcon.colcon_core.verb:set package 'articubot_one' build argument 'cmake_args' from command line to 'None'
[0.361s] Level 5:colcon.colcon_core.verb:set package 'articubot_one' build argument 'cmake_target' from command line to 'None'
[0.361s] Level 5:colcon.colcon_core.verb:set package 'articubot_one' build argument 'cmake_target_skip_unavailable' from command line to 'False'
[0.361s] Level 5:colcon.colcon_core.verb:set package 'articubot_one' build argument 'cmake_clean_cache' from command line to 'False'
[0.361s] Level 5:colcon.colcon_core.verb:set package 'articubot_one' build argument 'cmake_clean_first' from command line to 'False'
[0.361s] Level 5:colcon.colcon_core.verb:set package 'articubot_one' build argument 'cmake_force_configure' from command line to 'False'
[0.361s] Level 5:colcon.colcon_core.verb:set package 'articubot_one' build argument 'ament_cmake_args' from command line to 'None'
[0.361s] Level 5:colcon.colcon_core.verb:set package 'articubot_one' build argument 'catkin_cmake_args' from command line to 'None'
[0.361s] Level 5:colcon.colcon_core.verb:set package 'articubot_one' build argument 'catkin_skip_building_tests' from command line to 'False'
[0.361s] DEBUG:colcon.colcon_core.verb:Building package 'articubot_one' with the following arguments: {'ament_cmake_args': None, 'build_base': '/root/ROBOT_PROJECT_V2_ws/build/articubot_one', 'catkin_cmake_args': None, 'catkin_skip_building_tests': False, 'cmake_args': None, 'cmake_clean_cache': False, 'cmake_clean_first': False, 'cmake_force_configure': False, 'cmake_target': None, 'cmake_target_skip_unavailable': False, 'install_base': '/root/ROBOT_PROJECT_V2_ws/install/articubot_one', 'merge_install': False, 'path': '/root/ROBOT_PROJECT_V2_ws/ROBOT_PROJECT_VERSION_02', 'symlink_install': False, 'test_result_base': None}
[0.362s] INFO:colcon.colcon_core.executor:Executing jobs using 'parallel' executor
[0.363s] DEBUG:colcon.colcon_parallel_executor.executor.parallel:run_until_complete
[0.363s] INFO:colcon.colcon_ros.task.ament_cmake.build:Building ROS package in '/root/ROBOT_PROJECT_V2_ws/src/ROBOT_PROJECT_VERSION_02' with build type 'ament_cmake'
[0.363s] INFO:colcon.colcon_cmake.task.cmake.build:Building CMake package in '/root/ROBOT_PROJECT_V2_ws/src/ROBOT_PROJECT_VERSION_02'
[0.364s] INFO:colcon.colcon_core.plugin_system:Skipping extension 'colcon_core.shell.bat': Not used on non-Windows systems
[0.365s] INFO:colcon.colcon_core.shell:Skip shell extension 'powershell' for command environment: Not usable outside of PowerShell
[0.365s] DEBUG:colcon.colcon_core.shell:Skip shell extension 'dsv' for command environment
[0.367s] INFO:colcon.colcon_ros.task.ament_cmake.build:Building ROS package in '/root/ROBOT_PROJECT_V2_ws/ROBOT_PROJECT_VERSION_02' with build type 'ament_cmake'
[0.368s] INFO:colcon.colcon_cmake.task.cmake.build:Building CMake package in '/root/ROBOT_PROJECT_V2_ws/ROBOT_PROJECT_VERSION_02'
[0.368s] INFO:colcon.colcon_core.shell:Skip shell extension 'powershell' for command environment: Not usable outside of PowerShell
[0.368s] DEBUG:colcon.colcon_core.shell:Skip shell extension 'dsv' for command environment
[0.375s] DEBUG:colcon.colcon_core.event_handler.log_command:Invoking command in '/root/ROBOT_PROJECT_V2_ws/build/ROBOT_PROJECT_VERSION_02': CMAKE_PREFIX_PATH=${CMAKE_PREFIX_PATH}:/root/turtlebot3_ws/install/turtlebot3_teleop:/root/turtlebot3_ws/install/turtlebot3_example:/opt/ros/humble /usr/bin/cmake --build /root/ROBOT_PROJECT_V2_ws/build/ROBOT_PROJECT_VERSION_02 -- -j16 -l16
[0.382s] DEBUG:colcon.colcon_core.event_handler.log_command:Invoking command in '/root/ROBOT_PROJECT_V2_ws/build/articubot_one': CMAKE_PREFIX_PATH=${CMAKE_PREFIX_PATH}:/root/turtlebot3_ws/install/turtlebot3_teleop:/root/turtlebot3_ws/install/turtlebot3_example:/opt/ros/humble /usr/bin/cmake --build /root/ROBOT_PROJECT_V2_ws/build/articubot_one -- -j16 -l16
[0.399s] DEBUG:colcon.colcon_core.event_handler.log_command:Invoked command in '/root/ROBOT_PROJECT_V2_ws/build/ROBOT_PROJECT_VERSION_02' returned '0': CMAKE_PREFIX_PATH=${CMAKE_PREFIX_PATH}:/root/turtlebot3_ws/install/turtlebot3_teleop:/root/turtlebot3_ws/install/turtlebot3_example:/opt/ros/humble /usr/bin/cmake --build /root/ROBOT_PROJECT_V2_ws/build/ROBOT_PROJECT_VERSION_02 -- -j16 -l16
[0.406s] DEBUG:colcon.colcon_core.event_handler.log_command:Invoking command in '/root/ROBOT_PROJECT_V2_ws/build/ROBOT_PROJECT_VERSION_02': CMAKE_PREFIX_PATH=${CMAKE_PREFIX_PATH}:/root/turtlebot3_ws/install/turtlebot3_teleop:/root/turtlebot3_ws/install/turtlebot3_example:/opt/ros/humble /usr/bin/cmake --install /root/ROBOT_PROJECT_V2_ws/build/ROBOT_PROJECT_VERSION_02
[0.407s] DEBUG:colcon.colcon_core.event_handler.log_command:Invoked command in '/root/ROBOT_PROJECT_V2_ws/build/articubot_one' returned '0': CMAKE_PREFIX_PATH=${CMAKE_PREFIX_PATH}:/root/turtlebot3_ws/install/turtlebot3_teleop:/root/turtlebot3_ws/install/turtlebot3_example:/opt/ros/humble /usr/bin/cmake --build /root/ROBOT_PROJECT_V2_ws/build/articubot_one -- -j16 -l16
[0.408s] DEBUG:colcon.colcon_core.event_handler.log_command:Invoking command in '/root/ROBOT_PROJECT_V2_ws/build/articubot_one': CMAKE_PREFIX_PATH=${CMAKE_PREFIX_PATH}:/root/turtlebot3_ws/install/turtlebot3_teleop:/root/turtlebot3_ws/install/turtlebot3_example:/opt/ros/humble /usr/bin/cmake --install /root/ROBOT_PROJECT_V2_ws/build/articubot_one
[0.416s] Level 1:colcon.colcon_core.environment:create_environment_scripts_only(ROBOT_PROJECT_VERSION_02)
[0.425s] DEBUG:colcon.colcon_core.event_handler.log_command:Invoked command in '/root/ROBOT_PROJECT_V2_ws/build/ROBOT_PROJECT_VERSION_02' returned '0': CMAKE_PREFIX_PATH=${CMAKE_PREFIX_PATH}:/root/turtlebot3_ws/install/turtlebot3_teleop:/root/turtlebot3_ws/install/turtlebot3_example:/opt/ros/humble /usr/bin/cmake --install /root/ROBOT_PROJECT_V2_ws/build/ROBOT_PROJECT_VERSION_02
[0.426s] Level 1:colcon.colcon_core.environment:checking '/root/ROBOT_PROJECT_V2_ws/install/ROBOT_PROJECT_VERSION_02' for CMake module files
[0.427s] Level 1:colcon.colcon_core.environment:checking '/root/ROBOT_PROJECT_V2_ws/install/ROBOT_PROJECT_VERSION_02' for CMake config files
[0.427s] Level 1:colcon.colcon_core.shell:create_environment_hook('ROBOT_PROJECT_VERSION_02', 'cmake_prefix_path')
[0.427s] INFO:colcon.colcon_core.shell:Creating environment hook '/root/ROBOT_PROJECT_V2_ws/install/ROBOT_PROJECT_VERSION_02/share/ROBOT_PROJECT_VERSION_02/hook/cmake_prefix_path.ps1'
[0.427s] INFO:colcon.colcon_core.shell:Creating environment descriptor '/root/ROBOT_PROJECT_V2_ws/install/ROBOT_PROJECT_VERSION_02/share/ROBOT_PROJECT_VERSION_02/hook/cmake_prefix_path.dsv'
[0.428s] INFO:colcon.colcon_core.shell:Creating environment hook '/root/ROBOT_PROJECT_V2_ws/install/ROBOT_PROJECT_VERSION_02/share/ROBOT_PROJECT_VERSION_02/hook/cmake_prefix_path.sh'
[0.428s] Level 1:colcon.colcon_core.environment:checking '/root/ROBOT_PROJECT_V2_ws/install/ROBOT_PROJECT_VERSION_02/bin'
[0.428s] Level 1:colcon.colcon_core.environment:checking '/root/ROBOT_PROJECT_V2_ws/install/ROBOT_PROJECT_VERSION_02/lib/pkgconfig/ROBOT_PROJECT_VERSION_02.pc'
[0.428s] Level 1:colcon.colcon_core.environment:checking '/root/ROBOT_PROJECT_V2_ws/install/ROBOT_PROJECT_VERSION_02/lib/python3.10/site-packages'
[0.429s] Level 1:colcon.colcon_core.environment:checking '/root/ROBOT_PROJECT_V2_ws/install/ROBOT_PROJECT_VERSION_02/bin'
[0.429s] INFO:colcon.colcon_core.shell:Creating package script '/root/ROBOT_PROJECT_V2_ws/install/ROBOT_PROJECT_VERSION_02/share/ROBOT_PROJECT_VERSION_02/package.ps1'
[0.429s] INFO:colcon.colcon_core.shell:Creating package descriptor '/root/ROBOT_PROJECT_V2_ws/install/ROBOT_PROJECT_VERSION_02/share/ROBOT_PROJECT_VERSION_02/package.dsv'
[0.430s] INFO:colcon.colcon_core.shell:Creating package script '/root/ROBOT_PROJECT_V2_ws/install/ROBOT_PROJECT_VERSION_02/share/ROBOT_PROJECT_VERSION_02/package.sh'
[0.430s] INFO:colcon.colcon_core.shell:Creating package script '/root/ROBOT_PROJECT_V2_ws/install/ROBOT_PROJECT_VERSION_02/share/ROBOT_PROJECT_VERSION_02/package.bash'
[0.430s] INFO:colcon.colcon_core.shell:Creating package script '/root/ROBOT_PROJECT_V2_ws/install/ROBOT_PROJECT_VERSION_02/share/ROBOT_PROJECT_VERSION_02/package.zsh'
[0.431s] Level 1:colcon.colcon_core.environment:create_file_with_runtime_dependencies(/root/ROBOT_PROJECT_V2_ws/install/ROBOT_PROJECT_VERSION_02/share/colcon-core/packages/ROBOT_PROJECT_VERSION_02)
[0.431s] Level 1:colcon.colcon_core.environment:create_environment_scripts_only(ROBOT_PROJECT_VERSION_02)
[0.431s] Level 1:colcon.colcon_core.environment:checking '/root/ROBOT_PROJECT_V2_ws/install/ROBOT_PROJECT_VERSION_02' for CMake module files
[0.432s] Level 1:colcon.colcon_core.environment:checking '/root/ROBOT_PROJECT_V2_ws/install/ROBOT_PROJECT_VERSION_02' for CMake config files
[0.432s] Level 1:colcon.colcon_core.shell:create_environment_hook('ROBOT_PROJECT_VERSION_02', 'cmake_prefix_path')
[0.432s] INFO:colcon.colcon_core.shell:Creating environment hook '/root/ROBOT_PROJECT_V2_ws/install/ROBOT_PROJECT_VERSION_02/share/ROBOT_PROJECT_VERSION_02/hook/cmake_prefix_path.ps1'
[0.432s] INFO:colcon.colcon_core.shell:Creating environment descriptor '/root/ROBOT_PROJECT_V2_ws/install/ROBOT_PROJECT_VERSION_02/share/ROBOT_PROJECT_VERSION_02/hook/cmake_prefix_path.dsv'
[0.432s] INFO:colcon.colcon_core.shell:Creating environment hook '/root/ROBOT_PROJECT_V2_ws/install/ROBOT_PROJECT_VERSION_02/share/ROBOT_PROJECT_VERSION_02/hook/cmake_prefix_path.sh'
[0.433s] Level 1:colcon.colcon_core.environment:checking '/root/ROBOT_PROJECT_V2_ws/install/ROBOT_PROJECT_VERSION_02/bin'
[0.433s] Level 1:colcon.colcon_core.environment:checking '/root/ROBOT_PROJECT_V2_ws/install/ROBOT_PROJECT_VERSION_02/lib/pkgconfig/ROBOT_PROJECT_VERSION_02.pc'
[0.433s] Level 1:colcon.colcon_core.environment:checking '/root/ROBOT_PROJECT_V2_ws/install/ROBOT_PROJECT_VERSION_02/lib/python3.10/site-packages'
[0.433s] Level 1:colcon.colcon_core.environment:checking '/root/ROBOT_PROJECT_V2_ws/install/ROBOT_PROJECT_VERSION_02/bin'
[0.433s] INFO:colcon.colcon_core.shell:Creating package script '/root/ROBOT_PROJECT_V2_ws/install/ROBOT_PROJECT_VERSION_02/share/ROBOT_PROJECT_VERSION_02/package.ps1'
[0.433s] INFO:colcon.colcon_core.shell:Creating package descriptor '/root/ROBOT_PROJECT_V2_ws/install/ROBOT_PROJECT_VERSION_02/share/ROBOT_PROJECT_VERSION_02/package.dsv'
[0.434s] INFO:colcon.colcon_core.shell:Creating package script '/root/ROBOT_PROJECT_V2_ws/install/ROBOT_PROJECT_VERSION_02/share/ROBOT_PROJECT_VERSION_02/package.sh'
[0.434s] INFO:colcon.colcon_core.shell:Creating package script '/root/ROBOT_PROJECT_V2_ws/install/ROBOT_PROJECT_VERSION_02/share/ROBOT_PROJECT_VERSION_02/package.bash'
[0.434s] INFO:colcon.colcon_core.shell:Creating package script '/root/ROBOT_PROJECT_V2_ws/install/ROBOT_PROJECT_VERSION_02/share/ROBOT_PROJECT_VERSION_02/package.zsh'
[0.434s] Level 1:colcon.colcon_core.environment:create_file_with_runtime_dependencies(/root/ROBOT_PROJECT_V2_ws/install/ROBOT_PROJECT_VERSION_02/share/colcon-core/packages/ROBOT_PROJECT_VERSION_02)
[0.435s] Level 1:colcon.colcon_core.environment:create_environment_scripts_only(articubot_one)
[0.435s] Level 1:colcon.colcon_core.environment:checking '/root/ROBOT_PROJECT_V2_ws/install/articubot_one' for CMake module files
[0.435s] Level 1:colcon.colcon_core.environment:checking '/root/ROBOT_PROJECT_V2_ws/install/articubot_one' for CMake config files
[0.436s] Level 1:colcon.colcon_core.shell:create_environment_hook('articubot_one', 'cmake_prefix_path')
[0.436s] INFO:colcon.colcon_core.shell:Creating environment hook '/root/ROBOT_PROJECT_V2_ws/install/articubot_one/share/articubot_one/hook/cmake_prefix_path.ps1'
[0.436s] DEBUG:colcon.colcon_core.event_handler.log_command:Invoked command in '/root/ROBOT_PROJECT_V2_ws/build/articubot_one' returned '0': CMAKE_PREFIX_PATH=${CMAKE_PREFIX_PATH}:/root/turtlebot3_ws/install/turtlebot3_teleop:/root/turtlebot3_ws/install/turtlebot3_example:/opt/ros/humble /usr/bin/cmake --install /root/ROBOT_PROJECT_V2_ws/build/articubot_one
[0.437s] INFO:colcon.colcon_core.shell:Creating environment descriptor '/root/ROBOT_PROJECT_V2_ws/install/articubot_one/share/articubot_one/hook/cmake_prefix_path.dsv'
[0.437s] INFO:colcon.colcon_core.shell:Creating environment hook '/root/ROBOT_PROJECT_V2_ws/install/articubot_one/share/articubot_one/hook/cmake_prefix_path.sh'
[0.437s] Level 1:colcon.colcon_core.environment:checking '/root/ROBOT_PROJECT_V2_ws/install/articubot_one/bin'
[0.437s] Level 1:colcon.colcon_core.environment:checking '/root/ROBOT_PROJECT_V2_ws/install/articubot_one/lib/pkgconfig/articubot_one.pc'
[0.437s] Level 1:colcon.colcon_core.environment:checking '/root/ROBOT_PROJECT_V2_ws/install/articubot_one/lib/python3.10/site-packages'
[0.438s] Level 1:colcon.colcon_core.environment:checking '/root/ROBOT_PROJECT_V2_ws/install/articubot_one/bin'
[0.438s] INFO:colcon.colcon_core.shell:Creating package script '/root/ROBOT_PROJECT_V2_ws/install/articubot_one/share/articubot_one/package.ps1'
[0.438s] INFO:colcon.colcon_core.shell:Creating package descriptor '/root/ROBOT_PROJECT_V2_ws/install/articubot_one/share/articubot_one/package.dsv'
[0.438s] INFO:colcon.colcon_core.shell:Creating package script '/root/ROBOT_PROJECT_V2_ws/install/articubot_one/share/articubot_one/package.sh'
[0.439s] INFO:colcon.colcon_core.shell:Creating package script '/root/ROBOT_PROJECT_V2_ws/install/articubot_one/share/articubot_one/package.bash'
[0.439s] INFO:colcon.colcon_core.shell:Creating package script '/root/ROBOT_PROJECT_V2_ws/install/articubot_one/share/articubot_one/package.zsh'
[0.439s] Level 1:colcon.colcon_core.environment:create_file_with_runtime_dependencies(/root/ROBOT_PROJECT_V2_ws/install/articubot_one/share/colcon-core/packages/articubot_one)
[0.439s] Level 1:colcon.colcon_core.environment:create_environment_scripts_only(articubot_one)
[0.439s] Level 1:colcon.colcon_core.environment:checking '/root/ROBOT_PROJECT_V2_ws/install/articubot_one' for CMake module files
[0.440s] Level 1:colcon.colcon_core.environment:checking '/root/ROBOT_PROJECT_V2_ws/install/articubot_one' for CMake config files
[0.440s] Level 1:colcon.colcon_core.shell:create_environment_hook('articubot_one', 'cmake_prefix_path')
[0.440s] INFO:colcon.colcon_core.shell:Creating environment hook '/root/ROBOT_PROJECT_V2_ws/install/articubot_one/share/articubot_one/hook/cmake_prefix_path.ps1'
[0.440s] INFO:colcon.colcon_core.shell:Creating environment descriptor '/root/ROBOT_PROJECT_V2_ws/install/articubot_one/share/articubot_one/hook/cmake_prefix_path.dsv'
[0.440s] INFO:colcon.colcon_core.shell:Creating environment hook '/root/ROBOT_PROJECT_V2_ws/install/articubot_one/share/articubot_one/hook/cmake_prefix_path.sh'
[0.441s] Level 1:colcon.colcon_core.environment:checking '/root/ROBOT_PROJECT_V2_ws/install/articubot_one/bin'
[0.441s] Level 1:colcon.colcon_core.environment:checking '/root/ROBOT_PROJECT_V2_ws/install/articubot_one/lib/pkgconfig/articubot_one.pc'
[0.441s] Level 1:colcon.colcon_core.environment:checking '/root/ROBOT_PROJECT_V2_ws/install/articubot_one/lib/python3.10/site-packages'
[0.441s] Level 1:colcon.colcon_core.environment:checking '/root/ROBOT_PROJECT_V2_ws/install/articubot_one/bin'
[0.441s] INFO:colcon.colcon_core.shell:Creating package script '/root/ROBOT_PROJECT_V2_ws/install/articubot_one/share/articubot_one/package.ps1'
[0.441s] INFO:colcon.colcon_core.shell:Creating package descriptor '/root/ROBOT_PROJECT_V2_ws/install/articubot_one/share/articubot_one/package.dsv'
[0.442s] INFO:colcon.colcon_core.shell:Creating package script '/root/ROBOT_PROJECT_V2_ws/install/articubot_one/share/articubot_one/package.sh'
[0.442s] INFO:colcon.colcon_core.shell:Creating package script '/root/ROBOT_PROJECT_V2_ws/install/articubot_one/share/articubot_one/package.bash'
[0.442s] INFO:colcon.colcon_core.shell:Creating package script '/root/ROBOT_PROJECT_V2_ws/install/articubot_one/share/articubot_one/package.zsh'
[0.442s] Level 1:colcon.colcon_core.environment:create_file_with_runtime_dependencies(/root/ROBOT_PROJECT_V2_ws/install/articubot_one/share/colcon-core/packages/articubot_one)
[0.443s] DEBUG:colcon.colcon_parallel_executor.executor.parallel:closing loop
[0.443s] DEBUG:colcon.colcon_parallel_executor.executor.parallel:loop closed
[0.443s] DEBUG:colcon.colcon_parallel_executor.executor.parallel:run_until_complete finished with '0'
[0.443s] DEBUG:colcon.colcon_core.event_reactor:joining thread
[0.469s] INFO:colcon.colcon_core.plugin_system:Skipping extension 'colcon_notification.desktop_notification.notify_send': Could not find 'notify-send'
[0.469s] INFO:colcon.colcon_core.plugin_system:Skipping extension 'colcon_notification.desktop_notification.terminal_notifier': Not used on non-Darwin systems
[0.469s] INFO:colcon.colcon_core.plugin_system:Skipping extension 'colcon_notification.desktop_notification.win32': Not used on non-Windows systems
[0.469s] INFO:colcon.colcon_notification.desktop_notification:Sending desktop notification using 'notify2'
[28.452s] DEBUG:colcon.colcon_notification.desktop_notification.notify2:Failed to initialize notify2: org.freedesktop.DBus.Error.NoReply: Did not receive a reply. Possible causes include: the remote application did not send a reply, the message bus security policy blocked the reply, the reply timeout expired, or the network connection was broken.
[28.453s] DEBUG:colcon.colcon_core.event_reactor:joined thread
[28.454s] INFO:colcon.colcon_core.shell:Creating prefix script '/root/ROBOT_PROJECT_V2_ws/install/local_setup.ps1'
[28.455s] INFO:colcon.colcon_core.shell:Creating prefix util module '/root/ROBOT_PROJECT_V2_ws/install/_local_setup_util_ps1.py'
[28.457s] INFO:colcon.colcon_core.shell:Creating prefix chain script '/root/ROBOT_PROJECT_V2_ws/install/setup.ps1'
[28.457s] INFO:colcon.colcon_core.shell:Creating prefix script '/root/ROBOT_PROJECT_V2_ws/install/local_setup.sh'
[28.458s] INFO:colcon.colcon_core.shell:Creating prefix util module '/root/ROBOT_PROJECT_V2_ws/install/_local_setup_util_sh.py'
[28.458s] INFO:colcon.colcon_core.shell:Creating prefix chain script '/root/ROBOT_PROJECT_V2_ws/install/setup.sh'
[28.459s] INFO:colcon.colcon_core.shell:Creating prefix script '/root/ROBOT_PROJECT_V2_ws/install/local_setup.bash'
[28.459s] INFO:colcon.colcon_core.shell:Creating prefix chain script '/root/ROBOT_PROJECT_V2_ws/install/setup.bash'
[28.460s] INFO:colcon.colcon_core.shell:Creating prefix script '/root/ROBOT_PROJECT_V2_ws/install/local_setup.zsh'
[28.460s] INFO:colcon.colcon_core.shell:Creating prefix chain script '/root/ROBOT_PROJECT_V2_ws/install/setup.zsh'
