[0.122s] DEBUG:colcon:Command line arguments: ['/usr/bin/colcon', 'build']
[0.122s] DEBUG:colcon:Parsed command line arguments: Namespace(log_base=None, log_level=None, verb_name='build', build_base='build', install_base='install', merge_install=False, symlink_install=False, test_result_base=None, continue_on_error=False, executor='parallel', parallel_workers=16, event_handlers=None, ignore_user_meta=False, metas=['./colcon.meta'], base_paths=['.'], packages_ignore=None, packages_ignore_regex=None, paths=None, packages_up_to=None, packages_up_to_regex=None, packages_above=None, packages_above_and_dependencies=None, packages_above_depth=None, packages_select_by_dep=None, packages_skip_by_dep=None, packages_skip_up_to=None, packages_select_build_failed=False, packages_skip_build_finished=False, packages_select_test_failures=False, packages_skip_test_passed=False, packages_select=None, packages_skip=None, packages_select_regex=None, packages_skip_regex=None, packages_start=None, packages_end=None, allow_overriding=[], cmake_args=None, cmake_target=None, cmake_target_skip_unavailable=False, cmake_clean_cache=False, cmake_clean_first=False, cmake_force_configure=False, ament_cmake_args=None, catkin_cmake_args=None, catkin_skip_building_tests=False, mixin_files=None, mixin=None, verb_parser=<colcon_mixin.mixin.mixin_argument.MixinArgumentDecorator object at 0x7f28430c6710>, verb_extension=<colcon_core.verb.build.BuildVerb object at 0x7f28430c5d50>, main=<bound method BuildVerb.main of <colcon_core.verb.build.BuildVerb object at 0x7f28430c5d50>>, mixin_verb=('build',))
[0.235s] Level 1:colcon.colcon_core.package_discovery:discover_packages(colcon_meta) check parameters
[0.235s] Level 1:colcon.colcon_core.package_discovery:discover_packages(recursive) check parameters
[0.235s] Level 1:colcon.colcon_core.package_discovery:discover_packages(ignore) check parameters
[0.235s] Level 1:colcon.colcon_core.package_discovery:discover_packages(path) check parameters
[0.235s] Level 1:colcon.colcon_core.package_discovery:discover_packages(colcon_meta) discover
[0.235s] Level 1:colcon.colcon_core.package_discovery:discover_packages(recursive) discover
[0.235s] INFO:colcon.colcon_core.package_discovery:Crawling recursively for packages in '/root/ROBOT_PROJECT_V2_ws'
[0.235s] Level 1:colcon.colcon_core.package_identification:_identify(.) by extensions ['ignore', 'ignore_ament_install']
[0.235s] Level 1:colcon.colcon_core.package_identification:_identify(.) by extension 'ignore'
[0.235s] Level 1:colcon.colcon_core.package_identification:_identify(.) by extension 'ignore_ament_install'
[0.235s] Level 1:colcon.colcon_core.package_identification:_identify(.) by extensions ['colcon_pkg']
[0.235s] Level 1:colcon.colcon_core.package_identification:_identify(.) by extension 'colcon_pkg'
[0.236s] Level 1:colcon.colcon_core.package_identification:_identify(.) by extensions ['colcon_meta']
[0.236s] Level 1:colcon.colcon_core.package_identification:_identify(.) by extension 'colcon_meta'
[0.236s] Level 1:colcon.colcon_core.package_identification:_identify(.) by extensions ['ros']
[0.236s] Level 1:colcon.colcon_core.package_identification:_identify(.) by extension 'ros'
[0.242s] Level 1:colcon.colcon_core.package_identification:_identify(.) by extensions ['cmake', 'python']
[0.242s] Level 1:colcon.colcon_core.package_identification:_identify(.) by extension 'cmake'
[0.242s] Level 1:colcon.colcon_core.package_identification:_identify(.) by extension 'python'
[0.242s] Level 1:colcon.colcon_core.package_identification:_identify(.) by extensions ['python_setup_py']
[0.242s] Level 1:colcon.colcon_core.package_identification:_identify(.) by extension 'python_setup_py'
[0.243s] Level 1:colcon.colcon_core.package_identification:_identify(ROBOT_PROJECT_VERSION_02) by extensions ['ignore', 'ignore_ament_install']
[0.243s] Level 1:colcon.colcon_core.package_identification:_identify(ROBOT_PROJECT_VERSION_02) by extension 'ignore'
[0.243s] Level 1:colcon.colcon_core.package_identification:_identify(ROBOT_PROJECT_VERSION_02) by extension 'ignore_ament_install'
[0.243s] Level 1:colcon.colcon_core.package_identification:_identify(ROBOT_PROJECT_VERSION_02) by extensions ['colcon_pkg']
[0.243s] Level 1:colcon.colcon_core.package_identification:_identify(ROBOT_PROJECT_VERSION_02) by extension 'colcon_pkg'
[0.243s] Level 1:colcon.colcon_core.package_identification:_identify(ROBOT_PROJECT_VERSION_02) by extensions ['colcon_meta']
[0.243s] Level 1:colcon.colcon_core.package_identification:_identify(ROBOT_PROJECT_VERSION_02) by extension 'colcon_meta'
[0.243s] Level 1:colcon.colcon_core.package_identification:_identify(ROBOT_PROJECT_VERSION_02) by extensions ['ros']
[0.243s] Level 1:colcon.colcon_core.package_identification:_identify(ROBOT_PROJECT_VERSION_02) by extension 'ros'
[0.244s] DEBUG:colcon.colcon_core.package_identification:Package 'ROBOT_PROJECT_VERSION_02' with type 'ros.ament_cmake' and name 'articubot_one'
[0.244s] Level 1:colcon.colcon_core.package_identification:_identify(build) by extensions ['ignore', 'ignore_ament_install']
[0.244s] Level 1:colcon.colcon_core.package_identification:_identify(build) by extension 'ignore'
[0.244s] Level 1:colcon.colcon_core.package_identification:_identify(build) ignored
[0.244s] Level 1:colcon.colcon_core.package_identification:_identify(install) by extensions ['ignore', 'ignore_ament_install']
[0.244s] Level 1:colcon.colcon_core.package_identification:_identify(install) by extension 'ignore'
[0.244s] Level 1:colcon.colcon_core.package_identification:_identify(install) ignored
[0.244s] Level 1:colcon.colcon_core.package_identification:_identify(log) by extensions ['ignore', 'ignore_ament_install']
[0.244s] Level 1:colcon.colcon_core.package_identification:_identify(log) by extension 'ignore'
[0.245s] Level 1:colcon.colcon_core.package_identification:_identify(log) ignored
[0.245s] Level 1:colcon.colcon_core.package_identification:_identify(src) by extensions ['ignore', 'ignore_ament_install']
[0.245s] Level 1:colcon.colcon_core.package_identification:_identify(src) by extension 'ignore'
[0.245s] Level 1:colcon.colcon_core.package_identification:_identify(src) by extension 'ignore_ament_install'
[0.245s] Level 1:colcon.colcon_core.package_identification:_identify(src) by extensions ['colcon_pkg']
[0.245s] Level 1:colcon.colcon_core.package_identification:_identify(src) by extension 'colcon_pkg'
[0.245s] Level 1:colcon.colcon_core.package_identification:_identify(src) by extensions ['colcon_meta']
[0.245s] Level 1:colcon.colcon_core.package_identification:_identify(src) by extension 'colcon_meta'
[0.245s] Level 1:colcon.colcon_core.package_identification:_identify(src) by extensions ['ros']
[0.245s] Level 1:colcon.colcon_core.package_identification:_identify(src) by extension 'ros'
[0.245s] Level 1:colcon.colcon_core.package_identification:_identify(src) by extensions ['cmake', 'python']
[0.245s] Level 1:colcon.colcon_core.package_identification:_identify(src) by extension 'cmake'
[0.245s] Level 1:colcon.colcon_core.package_identification:_identify(src) by extension 'python'
[0.245s] Level 1:colcon.colcon_core.package_identification:_identify(src) by extensions ['python_setup_py']
[0.245s] Level 1:colcon.colcon_core.package_identification:_identify(src) by extension 'python_setup_py'
[0.245s] Level 1:colcon.colcon_core.package_identification:_identify(src/ROBOT_PROJECT_VERSION_02) by extensions ['ignore', 'ignore_ament_install']
[0.245s] Level 1:colcon.colcon_core.package_identification:_identify(src/ROBOT_PROJECT_VERSION_02) by extension 'ignore'
[0.245s] Level 1:colcon.colcon_core.package_identification:_identify(src/ROBOT_PROJECT_VERSION_02) by extension 'ignore_ament_install'
[0.245s] Level 1:colcon.colcon_core.package_identification:_identify(src/ROBOT_PROJECT_VERSION_02) by extensions ['colcon_pkg']
[0.245s] Level 1:colcon.colcon_core.package_identification:_identify(src/ROBOT_PROJECT_VERSION_02) by extension 'colcon_pkg'
[0.245s] Level 1:colcon.colcon_core.package_identification:_identify(src/ROBOT_PROJECT_VERSION_02) by extensions ['colcon_meta']
[0.245s] Level 1:colcon.colcon_core.package_identification:_identify(src/ROBOT_PROJECT_VERSION_02) by extension 'colcon_meta'
[0.245s] Level 1:colcon.colcon_core.package_identification:_identify(src/ROBOT_PROJECT_VERSION_02) by extensions ['ros']
[0.245s] Level 1:colcon.colcon_core.package_identification:_identify(src/ROBOT_PROJECT_VERSION_02) by extension 'ros'
[0.245s] DEBUG:colcon.colcon_core.package_identification:Package 'src/ROBOT_PROJECT_VERSION_02' with type 'ros.ament_cmake' and name 'ROBOT_PROJECT_VERSION_02'
[0.245s] Level 1:colcon.colcon_core.package_discovery:discover_packages(recursive) using defaults
[0.245s] Level 1:colcon.colcon_core.package_discovery:discover_packages(ignore) discover
[0.245s] Level 1:colcon.colcon_core.package_discovery:discover_packages(ignore) using defaults
[0.246s] Level 1:colcon.colcon_core.package_discovery:discover_packages(path) discover
[0.246s] Level 1:colcon.colcon_core.package_discovery:discover_packages(path) using defaults
[0.268s] Level 1:colcon.colcon_core.package_discovery:discover_packages(prefix_path) check parameters
[0.268s] Level 1:colcon.colcon_core.package_discovery:discover_packages(prefix_path) discover
[0.269s] DEBUG:colcon.colcon_installed_package_information.package_discovery:Found 12 installed packages in /root/turtlebot3_ws/install
[0.270s] DEBUG:colcon.colcon_installed_package_information.package_discovery:Found 371 installed packages in /opt/ros/humble
[0.272s] Level 1:colcon.colcon_core.package_discovery:discover_packages(prefix_path) using defaults
[0.302s] Level 5:colcon.colcon_core.verb:set package 'ROBOT_PROJECT_VERSION_02' build argument 'cmake_args' from command line to 'None'
[0.302s] Level 5:colcon.colcon_core.verb:set package 'ROBOT_PROJECT_VERSION_02' build argument 'cmake_target' from command line to 'None'
[0.302s] Level 5:colcon.colcon_core.verb:set package 'ROBOT_PROJECT_VERSION_02' build argument 'cmake_target_skip_unavailable' from command line to 'False'
[0.302s] Level 5:colcon.colcon_core.verb:set package 'ROBOT_PROJECT_VERSION_02' build argument 'cmake_clean_cache' from command line to 'False'
[0.302s] Level 5:colcon.colcon_core.verb:set package 'ROBOT_PROJECT_VERSION_02' build argument 'cmake_clean_first' from command line to 'False'
[0.302s] Level 5:colcon.colcon_core.verb:set package 'ROBOT_PROJECT_VERSION_02' build argument 'cmake_force_configure' from command line to 'False'
[0.302s] Level 5:colcon.colcon_core.verb:set package 'ROBOT_PROJECT_VERSION_02' build argument 'ament_cmake_args' from command line to 'None'
[0.302s] Level 5:colcon.colcon_core.verb:set package 'ROBOT_PROJECT_VERSION_02' build argument 'catkin_cmake_args' from command line to 'None'
[0.302s] Level 5:colcon.colcon_core.verb:set package 'ROBOT_PROJECT_VERSION_02' build argument 'catkin_skip_building_tests' from command line to 'False'
[0.302s] DEBUG:colcon.colcon_core.verb:Building package 'ROBOT_PROJECT_VERSION_02' with the following arguments: {'ament_cmake_args': None, 'build_base': '/root/ROBOT_PROJECT_V2_ws/build/ROBOT_PROJECT_VERSION_02', 'catkin_cmake_args': None, 'catkin_skip_building_tests': False, 'cmake_args': None, 'cmake_clean_cache': False, 'cmake_clean_first': False, 'cmake_force_configure': False, 'cmake_target': None, 'cmake_target_skip_unavailable': False, 'install_base': '/root/ROBOT_PROJECT_V2_ws/install/ROBOT_PROJECT_VERSION_02', 'merge_install': False, 'path': '/root/ROBOT_PROJECT_V2_ws/src/ROBOT_PROJECT_VERSION_02', 'symlink_install': False, 'test_result_base': None}
[0.302s] Level 5:colcon.colcon_core.verb:set package 'articubot_one' build argument 'cmake_args' from command line to 'None'
[0.302s] Level 5:colcon.colcon_core.verb:set package 'articubot_one' build argument 'cmake_target' from command line to 'None'
[0.302s] Level 5:colcon.colcon_core.verb:set package 'articubot_one' build argument 'cmake_target_skip_unavailable' from command line to 'False'
[0.302s] Level 5:colcon.colcon_core.verb:set package 'articubot_one' build argument 'cmake_clean_cache' from command line to 'False'
[0.302s] Level 5:colcon.colcon_core.verb:set package 'articubot_one' build argument 'cmake_clean_first' from command line to 'False'
[0.302s] Level 5:colcon.colcon_core.verb:set package 'articubot_one' build argument 'cmake_force_configure' from command line to 'False'
[0.302s] Level 5:colcon.colcon_core.verb:set package 'articubot_one' build argument 'ament_cmake_args' from command line to 'None'
[0.302s] Level 5:colcon.colcon_core.verb:set package 'articubot_one' build argument 'catkin_cmake_args' from command line to 'None'
[0.302s] Level 5:colcon.colcon_core.verb:set package 'articubot_one' build argument 'catkin_skip_building_tests' from command line to 'False'
[0.302s] DEBUG:colcon.colcon_core.verb:Building package 'articubot_one' with the following arguments: {'ament_cmake_args': None, 'build_base': '/root/ROBOT_PROJECT_V2_ws/build/articubot_one', 'catkin_cmake_args': None, 'catkin_skip_building_tests': False, 'cmake_args': None, 'cmake_clean_cache': False, 'cmake_clean_first': False, 'cmake_force_configure': False, 'cmake_target': None, 'cmake_target_skip_unavailable': False, 'install_base': '/root/ROBOT_PROJECT_V2_ws/install/articubot_one', 'merge_install': False, 'path': '/root/ROBOT_PROJECT_V2_ws/ROBOT_PROJECT_VERSION_02', 'symlink_install': False, 'test_result_base': None}
[0.302s] INFO:colcon.colcon_core.executor:Executing jobs using 'parallel' executor
[0.303s] DEBUG:colcon.colcon_parallel_executor.executor.parallel:run_until_complete
[0.303s] INFO:colcon.colcon_ros.task.ament_cmake.build:Building ROS package in '/root/ROBOT_PROJECT_V2_ws/src/ROBOT_PROJECT_VERSION_02' with build type 'ament_cmake'
[0.303s] INFO:colcon.colcon_cmake.task.cmake.build:Building CMake package in '/root/ROBOT_PROJECT_V2_ws/src/ROBOT_PROJECT_VERSION_02'
[0.305s] INFO:colcon.colcon_core.plugin_system:Skipping extension 'colcon_core.shell.bat': Not used on non-Windows systems
[0.306s] INFO:colcon.colcon_core.shell:Skip shell extension 'powershell' for command environment: Not usable outside of PowerShell
[0.306s] DEBUG:colcon.colcon_core.shell:Skip shell extension 'dsv' for command environment
[0.308s] INFO:colcon.colcon_ros.task.ament_cmake.build:Building ROS package in '/root/ROBOT_PROJECT_V2_ws/ROBOT_PROJECT_VERSION_02' with build type 'ament_cmake'
[0.309s] INFO:colcon.colcon_cmake.task.cmake.build:Building CMake package in '/root/ROBOT_PROJECT_V2_ws/ROBOT_PROJECT_VERSION_02'
[0.309s] INFO:colcon.colcon_core.shell:Skip shell extension 'powershell' for command environment: Not usable outside of PowerShell
[0.309s] DEBUG:colcon.colcon_core.shell:Skip shell extension 'dsv' for command environment
[0.316s] DEBUG:colcon.colcon_core.event_handler.log_command:Invoking command in '/root/ROBOT_PROJECT_V2_ws/build/ROBOT_PROJECT_VERSION_02': CMAKE_PREFIX_PATH=${CMAKE_PREFIX_PATH}:/root/turtlebot3_ws/install/turtlebot3_teleop:/root/turtlebot3_ws/install/turtlebot3_example:/opt/ros/humble /usr/bin/cmake --build /root/ROBOT_PROJECT_V2_ws/build/ROBOT_PROJECT_VERSION_02 -- -j16 -l16
[0.322s] DEBUG:colcon.colcon_core.event_handler.log_command:Invoking command in '/root/ROBOT_PROJECT_V2_ws/build/articubot_one': CMAKE_PREFIX_PATH=${CMAKE_PREFIX_PATH}:/root/turtlebot3_ws/install/turtlebot3_teleop:/root/turtlebot3_ws/install/turtlebot3_example:/opt/ros/humble /usr/bin/cmake --build /root/ROBOT_PROJECT_V2_ws/build/articubot_one -- -j16 -l16
[0.343s] DEBUG:colcon.colcon_core.event_handler.log_command:Invoked command in '/root/ROBOT_PROJECT_V2_ws/build/ROBOT_PROJECT_VERSION_02' returned '0': CMAKE_PREFIX_PATH=${CMAKE_PREFIX_PATH}:/root/turtlebot3_ws/install/turtlebot3_teleop:/root/turtlebot3_ws/install/turtlebot3_example:/opt/ros/humble /usr/bin/cmake --build /root/ROBOT_PROJECT_V2_ws/build/ROBOT_PROJECT_VERSION_02 -- -j16 -l16
[0.348s] DEBUG:colcon.colcon_core.event_handler.log_command:Invoking command in '/root/ROBOT_PROJECT_V2_ws/build/ROBOT_PROJECT_VERSION_02': CMAKE_PREFIX_PATH=${CMAKE_PREFIX_PATH}:/root/turtlebot3_ws/install/turtlebot3_teleop:/root/turtlebot3_ws/install/turtlebot3_example:/opt/ros/humble /usr/bin/cmake --install /root/ROBOT_PROJECT_V2_ws/build/ROBOT_PROJECT_VERSION_02
[0.349s] DEBUG:colcon.colcon_core.event_handler.log_command:Invoked command in '/root/ROBOT_PROJECT_V2_ws/build/articubot_one' returned '0': CMAKE_PREFIX_PATH=${CMAKE_PREFIX_PATH}:/root/turtlebot3_ws/install/turtlebot3_teleop:/root/turtlebot3_ws/install/turtlebot3_example:/opt/ros/humble /usr/bin/cmake --build /root/ROBOT_PROJECT_V2_ws/build/articubot_one -- -j16 -l16
[0.350s] DEBUG:colcon.colcon_core.event_handler.log_command:Invoking command in '/root/ROBOT_PROJECT_V2_ws/build/articubot_one': CMAKE_PREFIX_PATH=${CMAKE_PREFIX_PATH}:/root/turtlebot3_ws/install/turtlebot3_teleop:/root/turtlebot3_ws/install/turtlebot3_example:/opt/ros/humble /usr/bin/cmake --install /root/ROBOT_PROJECT_V2_ws/build/articubot_one
[0.357s] Level 1:colcon.colcon_core.environment:create_environment_scripts_only(articubot_one)
[0.364s] DEBUG:colcon.colcon_core.event_handler.log_command:Invoked command in '/root/ROBOT_PROJECT_V2_ws/build/articubot_one' returned '0': CMAKE_PREFIX_PATH=${CMAKE_PREFIX_PATH}:/root/turtlebot3_ws/install/turtlebot3_teleop:/root/turtlebot3_ws/install/turtlebot3_example:/opt/ros/humble /usr/bin/cmake --install /root/ROBOT_PROJECT_V2_ws/build/articubot_one
[0.365s] Level 1:colcon.colcon_core.environment:checking '/root/ROBOT_PROJECT_V2_ws/install/articubot_one' for CMake module files
[0.366s] Level 1:colcon.colcon_core.environment:checking '/root/ROBOT_PROJECT_V2_ws/install/articubot_one' for CMake config files
[0.366s] Level 1:colcon.colcon_core.shell:create_environment_hook('articubot_one', 'cmake_prefix_path')
[0.366s] INFO:colcon.colcon_core.shell:Creating environment hook '/root/ROBOT_PROJECT_V2_ws/install/articubot_one/share/articubot_one/hook/cmake_prefix_path.ps1'
[0.366s] INFO:colcon.colcon_core.shell:Creating environment descriptor '/root/ROBOT_PROJECT_V2_ws/install/articubot_one/share/articubot_one/hook/cmake_prefix_path.dsv'
[0.367s] INFO:colcon.colcon_core.shell:Creating environment hook '/root/ROBOT_PROJECT_V2_ws/install/articubot_one/share/articubot_one/hook/cmake_prefix_path.sh'
[0.367s] Level 1:colcon.colcon_core.environment:checking '/root/ROBOT_PROJECT_V2_ws/install/articubot_one/bin'
[0.367s] Level 1:colcon.colcon_core.environment:checking '/root/ROBOT_PROJECT_V2_ws/install/articubot_one/lib/pkgconfig/articubot_one.pc'
[0.367s] Level 1:colcon.colcon_core.environment:checking '/root/ROBOT_PROJECT_V2_ws/install/articubot_one/lib/python3.10/site-packages'
[0.368s] Level 1:colcon.colcon_core.environment:checking '/root/ROBOT_PROJECT_V2_ws/install/articubot_one/bin'
[0.368s] INFO:colcon.colcon_core.shell:Creating package script '/root/ROBOT_PROJECT_V2_ws/install/articubot_one/share/articubot_one/package.ps1'
[0.368s] INFO:colcon.colcon_core.shell:Creating package descriptor '/root/ROBOT_PROJECT_V2_ws/install/articubot_one/share/articubot_one/package.dsv'
[0.369s] INFO:colcon.colcon_core.shell:Creating package script '/root/ROBOT_PROJECT_V2_ws/install/articubot_one/share/articubot_one/package.sh'
[0.369s] INFO:colcon.colcon_core.shell:Creating package script '/root/ROBOT_PROJECT_V2_ws/install/articubot_one/share/articubot_one/package.bash'
[0.370s] INFO:colcon.colcon_core.shell:Creating package script '/root/ROBOT_PROJECT_V2_ws/install/articubot_one/share/articubot_one/package.zsh'
[0.370s] Level 1:colcon.colcon_core.environment:create_file_with_runtime_dependencies(/root/ROBOT_PROJECT_V2_ws/install/articubot_one/share/colcon-core/packages/articubot_one)
[0.370s] Level 1:colcon.colcon_core.environment:create_environment_scripts_only(articubot_one)
[0.371s] Level 1:colcon.colcon_core.environment:checking '/root/ROBOT_PROJECT_V2_ws/install/articubot_one' for CMake module files
[0.371s] Level 1:colcon.colcon_core.environment:checking '/root/ROBOT_PROJECT_V2_ws/install/articubot_one' for CMake config files
[0.371s] Level 1:colcon.colcon_core.shell:create_environment_hook('articubot_one', 'cmake_prefix_path')
[0.371s] INFO:colcon.colcon_core.shell:Creating environment hook '/root/ROBOT_PROJECT_V2_ws/install/articubot_one/share/articubot_one/hook/cmake_prefix_path.ps1'
[0.371s] INFO:colcon.colcon_core.shell:Creating environment descriptor '/root/ROBOT_PROJECT_V2_ws/install/articubot_one/share/articubot_one/hook/cmake_prefix_path.dsv'
[0.371s] INFO:colcon.colcon_core.shell:Creating environment hook '/root/ROBOT_PROJECT_V2_ws/install/articubot_one/share/articubot_one/hook/cmake_prefix_path.sh'
[0.372s] Level 1:colcon.colcon_core.environment:checking '/root/ROBOT_PROJECT_V2_ws/install/articubot_one/bin'
[0.372s] Level 1:colcon.colcon_core.environment:checking '/root/ROBOT_PROJECT_V2_ws/install/articubot_one/lib/pkgconfig/articubot_one.pc'
[0.372s] Level 1:colcon.colcon_core.environment:checking '/root/ROBOT_PROJECT_V2_ws/install/articubot_one/lib/python3.10/site-packages'
[0.372s] Level 1:colcon.colcon_core.environment:checking '/root/ROBOT_PROJECT_V2_ws/install/articubot_one/bin'
[0.372s] INFO:colcon.colcon_core.shell:Creating package script '/root/ROBOT_PROJECT_V2_ws/install/articubot_one/share/articubot_one/package.ps1'
[0.373s] INFO:colcon.colcon_core.shell:Creating package descriptor '/root/ROBOT_PROJECT_V2_ws/install/articubot_one/share/articubot_one/package.dsv'
[0.373s] INFO:colcon.colcon_core.shell:Creating package script '/root/ROBOT_PROJECT_V2_ws/install/articubot_one/share/articubot_one/package.sh'
[0.373s] INFO:colcon.colcon_core.shell:Creating package script '/root/ROBOT_PROJECT_V2_ws/install/articubot_one/share/articubot_one/package.bash'
[0.373s] INFO:colcon.colcon_core.shell:Creating package script '/root/ROBOT_PROJECT_V2_ws/install/articubot_one/share/articubot_one/package.zsh'
[0.374s] Level 1:colcon.colcon_core.environment:create_file_with_runtime_dependencies(/root/ROBOT_PROJECT_V2_ws/install/articubot_one/share/colcon-core/packages/articubot_one)
[0.374s] Level 1:colcon.colcon_core.environment:create_environment_scripts_only(ROBOT_PROJECT_VERSION_02)
[0.374s] Level 1:colcon.colcon_core.environment:checking '/root/ROBOT_PROJECT_V2_ws/install/ROBOT_PROJECT_VERSION_02' for CMake module files
[0.375s] DEBUG:colcon.colcon_core.event_handler.log_command:Invoked command in '/root/ROBOT_PROJECT_V2_ws/build/ROBOT_PROJECT_VERSION_02' returned '0': CMAKE_PREFIX_PATH=${CMAKE_PREFIX_PATH}:/root/turtlebot3_ws/install/turtlebot3_teleop:/root/turtlebot3_ws/install/turtlebot3_example:/opt/ros/humble /usr/bin/cmake --install /root/ROBOT_PROJECT_V2_ws/build/ROBOT_PROJECT_VERSION_02
[0.375s] Level 1:colcon.colcon_core.environment:checking '/root/ROBOT_PROJECT_V2_ws/install/ROBOT_PROJECT_VERSION_02' for CMake config files
[0.375s] Level 1:colcon.colcon_core.shell:create_environment_hook('ROBOT_PROJECT_VERSION_02', 'cmake_prefix_path')
[0.376s] INFO:colcon.colcon_core.shell:Creating environment hook '/root/ROBOT_PROJECT_V2_ws/install/ROBOT_PROJECT_VERSION_02/share/ROBOT_PROJECT_VERSION_02/hook/cmake_prefix_path.ps1'
[0.376s] INFO:colcon.colcon_core.shell:Creating environment descriptor '/root/ROBOT_PROJECT_V2_ws/install/ROBOT_PROJECT_VERSION_02/share/ROBOT_PROJECT_VERSION_02/hook/cmake_prefix_path.dsv'
[0.377s] INFO:colcon.colcon_core.shell:Creating environment hook '/root/ROBOT_PROJECT_V2_ws/install/ROBOT_PROJECT_VERSION_02/share/ROBOT_PROJECT_VERSION_02/hook/cmake_prefix_path.sh'
[0.377s] Level 1:colcon.colcon_core.environment:checking '/root/ROBOT_PROJECT_V2_ws/install/ROBOT_PROJECT_VERSION_02/bin'
[0.377s] Level 1:colcon.colcon_core.environment:checking '/root/ROBOT_PROJECT_V2_ws/install/ROBOT_PROJECT_VERSION_02/lib/pkgconfig/ROBOT_PROJECT_VERSION_02.pc'
[0.377s] Level 1:colcon.colcon_core.environment:checking '/root/ROBOT_PROJECT_V2_ws/install/ROBOT_PROJECT_VERSION_02/lib/python3.10/site-packages'
[0.377s] Level 1:colcon.colcon_core.environment:checking '/root/ROBOT_PROJECT_V2_ws/install/ROBOT_PROJECT_VERSION_02/bin'
[0.378s] INFO:colcon.colcon_core.shell:Creating package script '/root/ROBOT_PROJECT_V2_ws/install/ROBOT_PROJECT_VERSION_02/share/ROBOT_PROJECT_VERSION_02/package.ps1'
[0.378s] INFO:colcon.colcon_core.shell:Creating package descriptor '/root/ROBOT_PROJECT_V2_ws/install/ROBOT_PROJECT_VERSION_02/share/ROBOT_PROJECT_VERSION_02/package.dsv'
[0.378s] INFO:colcon.colcon_core.shell:Creating package script '/root/ROBOT_PROJECT_V2_ws/install/ROBOT_PROJECT_VERSION_02/share/ROBOT_PROJECT_VERSION_02/package.sh'
[0.378s] INFO:colcon.colcon_core.shell:Creating package script '/root/ROBOT_PROJECT_V2_ws/install/ROBOT_PROJECT_VERSION_02/share/ROBOT_PROJECT_VERSION_02/package.bash'
[0.379s] INFO:colcon.colcon_core.shell:Creating package script '/root/ROBOT_PROJECT_V2_ws/install/ROBOT_PROJECT_VERSION_02/share/ROBOT_PROJECT_VERSION_02/package.zsh'
[0.379s] Level 1:colcon.colcon_core.environment:create_file_with_runtime_dependencies(/root/ROBOT_PROJECT_V2_ws/install/ROBOT_PROJECT_VERSION_02/share/colcon-core/packages/ROBOT_PROJECT_VERSION_02)
[0.380s] Level 1:colcon.colcon_core.environment:create_environment_scripts_only(ROBOT_PROJECT_VERSION_02)
[0.380s] Level 1:colcon.colcon_core.environment:checking '/root/ROBOT_PROJECT_V2_ws/install/ROBOT_PROJECT_VERSION_02' for CMake module files
[0.380s] Level 1:colcon.colcon_core.environment:checking '/root/ROBOT_PROJECT_V2_ws/install/ROBOT_PROJECT_VERSION_02' for CMake config files
[0.380s] Level 1:colcon.colcon_core.shell:create_environment_hook('ROBOT_PROJECT_VERSION_02', 'cmake_prefix_path')
[0.380s] INFO:colcon.colcon_core.shell:Creating environment hook '/root/ROBOT_PROJECT_V2_ws/install/ROBOT_PROJECT_VERSION_02/share/ROBOT_PROJECT_VERSION_02/hook/cmake_prefix_path.ps1'
[0.380s] INFO:colcon.colcon_core.shell:Creating environment descriptor '/root/ROBOT_PROJECT_V2_ws/install/ROBOT_PROJECT_VERSION_02/share/ROBOT_PROJECT_VERSION_02/hook/cmake_prefix_path.dsv'
[0.381s] INFO:colcon.colcon_core.shell:Creating environment hook '/root/ROBOT_PROJECT_V2_ws/install/ROBOT_PROJECT_VERSION_02/share/ROBOT_PROJECT_VERSION_02/hook/cmake_prefix_path.sh'
[0.381s] Level 1:colcon.colcon_core.environment:checking '/root/ROBOT_PROJECT_V2_ws/install/ROBOT_PROJECT_VERSION_02/bin'
[0.381s] Level 1:colcon.colcon_core.environment:checking '/root/ROBOT_PROJECT_V2_ws/install/ROBOT_PROJECT_VERSION_02/lib/pkgconfig/ROBOT_PROJECT_VERSION_02.pc'
[0.381s] Level 1:colcon.colcon_core.environment:checking '/root/ROBOT_PROJECT_V2_ws/install/ROBOT_PROJECT_VERSION_02/lib/python3.10/site-packages'
[0.381s] Level 1:colcon.colcon_core.environment:checking '/root/ROBOT_PROJECT_V2_ws/install/ROBOT_PROJECT_VERSION_02/bin'
[0.381s] INFO:colcon.colcon_core.shell:Creating package script '/root/ROBOT_PROJECT_V2_ws/install/ROBOT_PROJECT_VERSION_02/share/ROBOT_PROJECT_VERSION_02/package.ps1'
[0.382s] INFO:colcon.colcon_core.shell:Creating package descriptor '/root/ROBOT_PROJECT_V2_ws/install/ROBOT_PROJECT_VERSION_02/share/ROBOT_PROJECT_VERSION_02/package.dsv'
[0.382s] INFO:colcon.colcon_core.shell:Creating package script '/root/ROBOT_PROJECT_V2_ws/install/ROBOT_PROJECT_VERSION_02/share/ROBOT_PROJECT_VERSION_02/package.sh'
[0.382s] INFO:colcon.colcon_core.shell:Creating package script '/root/ROBOT_PROJECT_V2_ws/install/ROBOT_PROJECT_VERSION_02/share/ROBOT_PROJECT_VERSION_02/package.bash'
[0.383s] INFO:colcon.colcon_core.shell:Creating package script '/root/ROBOT_PROJECT_V2_ws/install/ROBOT_PROJECT_VERSION_02/share/ROBOT_PROJECT_VERSION_02/package.zsh'
[0.383s] Level 1:colcon.colcon_core.environment:create_file_with_runtime_dependencies(/root/ROBOT_PROJECT_V2_ws/install/ROBOT_PROJECT_VERSION_02/share/colcon-core/packages/ROBOT_PROJECT_VERSION_02)
[0.383s] DEBUG:colcon.colcon_parallel_executor.executor.parallel:closing loop
[0.383s] DEBUG:colcon.colcon_parallel_executor.executor.parallel:loop closed
[0.383s] DEBUG:colcon.colcon_parallel_executor.executor.parallel:run_until_complete finished with '0'
[0.383s] DEBUG:colcon.colcon_core.event_reactor:joining thread
[0.413s] INFO:colcon.colcon_core.plugin_system:Skipping extension 'colcon_notification.desktop_notification.notify_send': Could not find 'notify-send'
[0.413s] INFO:colcon.colcon_core.plugin_system:Skipping extension 'colcon_notification.desktop_notification.terminal_notifier': Not used on non-Darwin systems
[0.413s] INFO:colcon.colcon_core.plugin_system:Skipping extension 'colcon_notification.desktop_notification.win32': Not used on non-Windows systems
[0.413s] INFO:colcon.colcon_notification.desktop_notification:Sending desktop notification using 'notify2'
