-- The C compiler identification is GNU 11.4.0
-- The CXX compiler identification is GNU 11.4.0
-- Detecting C compiler ABI info
-- Detecting C compiler ABI info - done
-- Check for working C compiler: /usr/bin/cc - skipped
-- Detecting C compile features
-- Detecting C compile features - done
-- Detecting CXX compiler ABI info
-- Detecting CXX compiler ABI info - done
-- Check for working CXX compiler: /usr/bin/c++ - skipped
-- Detecting CXX compile features
-- Detecting CXX compile features - done
-- Found ament_cmake: 1.3.11 (/opt/ros/humble/share/ament_cmake/cmake)
-- Found Python3: /usr/bin/python3 (found version "3.10.12") found components: Interpreter 
-- Found ament_lint_auto: 0.12.11 (/opt/ros/humble/share/ament_lint_auto/cmake)
WARNING: Package name "ROBOT_PROJECT_VERSION_02" does not follow the naming conventions. It should start with a lower case letter and only contain lower case letters, digits, underscores, and dashes.
-- Added test 'copyright' to check source files copyright and LICENSE
-- Added test 'flake8' to check Python code syntax and style conventions
-- Added test 'lint_cmake' to check CMake code style
-- Added test 'pep257' to check Python code against some of the docstring style conventions in PEP 257
-- Added test 'xmllint' to check XML markup files
-- Configuring done
-- Generating done
-- Build files have been written to: /root/ROBOT_PROJECT_V2_ws/build/ROBOT_PROJECT_VERSION_02
-- Install configuration: ""
-- Installing: /root/ROBOT_PROJECT_V2_ws/install/ROBOT_PROJECT_VERSION_02/share/ROBOT_PROJECT_VERSION_02/config
-- Installing: /root/ROBOT_PROJECT_V2_ws/install/ROBOT_PROJECT_VERSION_02/share/ROBOT_PROJECT_VERSION_02/config/twist_mux.yaml:Zone.Identifier
-- Installing: /root/ROBOT_PROJECT_V2_ws/install/ROBOT_PROJECT_VERSION_02/share/ROBOT_PROJECT_VERSION_02/config/map_01.rviz
-- Installing: /root/ROBOT_PROJECT_V2_ws/install/ROBOT_PROJECT_VERSION_02/share/ROBOT_PROJECT_VERSION_02/config/empty.yaml
-- Installing: /root/ROBOT_PROJECT_V2_ws/install/ROBOT_PROJECT_VERSION_02/share/ROBOT_PROJECT_VERSION_02/config/twist_mux.yaml
-- Installing: /root/ROBOT_PROJECT_V2_ws/install/ROBOT_PROJECT_VERSION_02/share/ROBOT_PROJECT_VERSION_02/config/mapper_params_offline.yaml
-- Installing: /root/ROBOT_PROJECT_V2_ws/install/ROBOT_PROJECT_VERSION_02/share/ROBOT_PROJECT_VERSION_02/config/empty.yaml:Zone - Copy.Identifier:Zone.Identifier
-- Installing: /root/ROBOT_PROJECT_V2_ws/install/ROBOT_PROJECT_VERSION_02/share/ROBOT_PROJECT_VERSION_02/config/mapper_params_online_async.yaml
-- Installing: /root/ROBOT_PROJECT_V2_ws/install/ROBOT_PROJECT_VERSION_02/share/ROBOT_PROJECT_VERSION_02/config/mapper_params_lifelong.yaml:Zone - Copy.Identifier:Zone.Identifier
-- Installing: /root/ROBOT_PROJECT_V2_ws/install/ROBOT_PROJECT_VERSION_02/share/ROBOT_PROJECT_VERSION_02/config/mapper_params_lifelong.yaml:Zone - Copy.Identifier
-- Installing: /root/ROBOT_PROJECT_V2_ws/install/ROBOT_PROJECT_VERSION_02/share/ROBOT_PROJECT_VERSION_02/config/mapper_params_lifelong.yaml
-- Installing: /root/ROBOT_PROJECT_V2_ws/install/ROBOT_PROJECT_VERSION_02/share/ROBOT_PROJECT_VERSION_02/config/slam_toolbox_default.rviz:Zone.Identifier:Zone.Identifier
-- Installing: /root/ROBOT_PROJECT_V2_ws/install/ROBOT_PROJECT_VERSION_02/share/ROBOT_PROJECT_VERSION_02/config/slam_toolbox_default.rviz:Zone.Identifier
-- Installing: /root/ROBOT_PROJECT_V2_ws/install/ROBOT_PROJECT_VERSION_02/share/ROBOT_PROJECT_VERSION_02/config/mapper_params_lifelong.yaml:Zone.Identifier
-- Installing: /root/ROBOT_PROJECT_V2_ws/install/ROBOT_PROJECT_VERSION_02/share/ROBOT_PROJECT_VERSION_02/config/mapper_params_offline.yaml:Zone - Copy.Identifier
-- Installing: /root/ROBOT_PROJECT_V2_ws/install/ROBOT_PROJECT_VERSION_02/share/ROBOT_PROJECT_VERSION_02/config/empty.yaml:Zone.Identifier
-- Installing: /root/ROBOT_PROJECT_V2_ws/install/ROBOT_PROJECT_VERSION_02/share/ROBOT_PROJECT_VERSION_02/config/mapper_params_localization.yaml
-- Installing: /root/ROBOT_PROJECT_V2_ws/install/ROBOT_PROJECT_VERSION_02/share/ROBOT_PROJECT_VERSION_02/config/slam_toolbox_default.rviz:Zone.Identifier:Zone.Identifier:Zone.Identifier
-- Installing: /root/ROBOT_PROJECT_V2_ws/install/ROBOT_PROJECT_VERSION_02/share/ROBOT_PROJECT_VERSION_02/config/map_01.rviz:Zone.Identifier
-- Installing: /root/ROBOT_PROJECT_V2_ws/install/ROBOT_PROJECT_VERSION_02/share/ROBOT_PROJECT_VERSION_02/config/mapper_params_online_sync.yaml:Zone.Identifier:Zone.Identifier
-- Installing: /root/ROBOT_PROJECT_V2_ws/install/ROBOT_PROJECT_VERSION_02/share/ROBOT_PROJECT_VERSION_02/config/mapper_params_online_async.yaml:Zone - Copy.Identifier
-- Installing: /root/ROBOT_PROJECT_V2_ws/install/ROBOT_PROJECT_VERSION_02/share/ROBOT_PROJECT_VERSION_02/config/mapper_params_offline.yaml:Zone - Copy.Identifier:Zone.Identifier
-- Installing: /root/ROBOT_PROJECT_V2_ws/install/ROBOT_PROJECT_VERSION_02/share/ROBOT_PROJECT_VERSION_02/config/mapper_params_online_sync.yaml:Zone.Identifier:Zone.Identifier:Zone.Identifier
-- Installing: /root/ROBOT_PROJECT_V2_ws/install/ROBOT_PROJECT_VERSION_02/share/ROBOT_PROJECT_VERSION_02/config/mapper_params_localization.yaml:Zone.Identifier
-- Installing: /root/ROBOT_PROJECT_V2_ws/install/ROBOT_PROJECT_VERSION_02/share/ROBOT_PROJECT_VERSION_02/config/mapper_params_online_sync.yaml:Zone.Identifier
-- Installing: /root/ROBOT_PROJECT_V2_ws/install/ROBOT_PROJECT_VERSION_02/share/ROBOT_PROJECT_VERSION_02/config/mapper_params_online_sync.yaml
-- Installing: /root/ROBOT_PROJECT_V2_ws/install/ROBOT_PROJECT_VERSION_02/share/ROBOT_PROJECT_VERSION_02/config/map_01.rviz:Zone - Copy.Identifier
-- Installing: /root/ROBOT_PROJECT_V2_ws/install/ROBOT_PROJECT_VERSION_02/share/ROBOT_PROJECT_VERSION_02/config/mapper_params_localization.yaml:Zone - Copy.Identifier:Zone.Identifier
-- Installing: /root/ROBOT_PROJECT_V2_ws/install/ROBOT_PROJECT_VERSION_02/share/ROBOT_PROJECT_VERSION_02/config/mapper_params_localization.yaml:Zone - Copy.Identifier
-- Installing: /root/ROBOT_PROJECT_V2_ws/install/ROBOT_PROJECT_VERSION_02/share/ROBOT_PROJECT_VERSION_02/config/twist_mux.yaml:Zone.Identifier:Zone.Identifier
-- Installing: /root/ROBOT_PROJECT_V2_ws/install/ROBOT_PROJECT_VERSION_02/share/ROBOT_PROJECT_VERSION_02/config/mapper_params_offline.yaml:Zone.Identifier
-- Installing: /root/ROBOT_PROJECT_V2_ws/install/ROBOT_PROJECT_VERSION_02/share/ROBOT_PROJECT_VERSION_02/config/slam_toolbox_default.rviz
-- Installing: /root/ROBOT_PROJECT_V2_ws/install/ROBOT_PROJECT_VERSION_02/share/ROBOT_PROJECT_VERSION_02/config/mapper_params_online_async.yaml:Zone - Copy.Identifier:Zone.Identifier
-- Installing: /root/ROBOT_PROJECT_V2_ws/install/ROBOT_PROJECT_VERSION_02/share/ROBOT_PROJECT_VERSION_02/config/mapper_params_online_async.yaml:Zone.Identifier
-- Installing: /root/ROBOT_PROJECT_V2_ws/install/ROBOT_PROJECT_VERSION_02/share/ROBOT_PROJECT_VERSION_02/config/map_01.rviz:Zone - Copy.Identifier:Zone.Identifier
-- Installing: /root/ROBOT_PROJECT_V2_ws/install/ROBOT_PROJECT_VERSION_02/share/ROBOT_PROJECT_VERSION_02/config/empty.yaml:Zone - Copy.Identifier
-- Installing: /root/ROBOT_PROJECT_V2_ws/install/ROBOT_PROJECT_VERSION_02/share/ROBOT_PROJECT_VERSION_02/description
-- Installing: /root/ROBOT_PROJECT_V2_ws/install/ROBOT_PROJECT_VERSION_02/share/ROBOT_PROJECT_VERSION_02/description/model.sdf
-- Installing: /root/ROBOT_PROJECT_V2_ws/install/ROBOT_PROJECT_VERSION_02/share/ROBOT_PROJECT_VERSION_02/description/model - Copy.xacro:Zone.Identifier:Zone.Identifier
-- Installing: /root/ROBOT_PROJECT_V2_ws/install/ROBOT_PROJECT_VERSION_02/share/ROBOT_PROJECT_VERSION_02/description/model - Copy.sdf:Zone.Identifier:Zone.Identifier
-- Installing: /root/ROBOT_PROJECT_V2_ws/install/ROBOT_PROJECT_VERSION_02/share/ROBOT_PROJECT_VERSION_02/description/inertial_macros.xacro
-- Installing: /root/ROBOT_PROJECT_V2_ws/install/ROBOT_PROJECT_VERSION_02/share/ROBOT_PROJECT_VERSION_02/description/install
-- Installing: /root/ROBOT_PROJECT_V2_ws/install/ROBOT_PROJECT_VERSION_02/share/ROBOT_PROJECT_VERSION_02/description/install/COLCON_IGNORE:Zone - Copy.Identifier
-- Installing: /root/ROBOT_PROJECT_V2_ws/install/ROBOT_PROJECT_VERSION_02/share/ROBOT_PROJECT_VERSION_02/description/install/.colcon_install_layout:Zone.Identifier
-- Installing: /root/ROBOT_PROJECT_V2_ws/install/ROBOT_PROJECT_VERSION_02/share/ROBOT_PROJECT_VERSION_02/description/install/COLCON_IGNORE
-- Installing: /root/ROBOT_PROJECT_V2_ws/install/ROBOT_PROJECT_VERSION_02/share/ROBOT_PROJECT_VERSION_02/description/install/.colcon_install_layout
-- Installing: /root/ROBOT_PROJECT_V2_ws/install/ROBOT_PROJECT_VERSION_02/share/ROBOT_PROJECT_VERSION_02/description/install/COLCON_IGNORE:Zone - Copy.Identifier:Zone.Identifier
-- Installing: /root/ROBOT_PROJECT_V2_ws/install/ROBOT_PROJECT_VERSION_02/share/ROBOT_PROJECT_VERSION_02/description/install/COLCON_IGNORE:Zone.Identifier
-- Installing: /root/ROBOT_PROJECT_V2_ws/install/ROBOT_PROJECT_VERSION_02/share/ROBOT_PROJECT_VERSION_02/description/install/.colcon_install_layout:Zone.Identifier:Zone.Identifier
-- Installing: /root/ROBOT_PROJECT_V2_ws/install/ROBOT_PROJECT_VERSION_02/share/ROBOT_PROJECT_VERSION_02/description/model.config
-- Installing: /root/ROBOT_PROJECT_V2_ws/install/ROBOT_PROJECT_VERSION_02/share/ROBOT_PROJECT_VERSION_02/description/robot.urdf.xacro
-- Installing: /root/ROBOT_PROJECT_V2_ws/install/ROBOT_PROJECT_VERSION_02/share/ROBOT_PROJECT_VERSION_02/description/robot.urdf.xacro:Zone.Identifier
-- Installing: /root/ROBOT_PROJECT_V2_ws/install/ROBOT_PROJECT_VERSION_02/share/ROBOT_PROJECT_VERSION_02/description/lidar.xacro
-- Installing: /root/ROBOT_PROJECT_V2_ws/install/ROBOT_PROJECT_VERSION_02/share/ROBOT_PROJECT_VERSION_02/description/model_test.xacro
-- Installing: /root/ROBOT_PROJECT_V2_ws/install/ROBOT_PROJECT_VERSION_02/share/ROBOT_PROJECT_VERSION_02/description/model.xacro:Zone.Identifier
-- Installing: /root/ROBOT_PROJECT_V2_ws/install/ROBOT_PROJECT_VERSION_02/share/ROBOT_PROJECT_VERSION_02/description/lidar.xacro:Zone.Identifier
-- Installing: /root/ROBOT_PROJECT_V2_ws/install/ROBOT_PROJECT_VERSION_02/share/ROBOT_PROJECT_VERSION_02/description/model.xacro
-- Installing: /root/ROBOT_PROJECT_V2_ws/install/ROBOT_PROJECT_VERSION_02/share/ROBOT_PROJECT_VERSION_02/description/Robot_core.xacro:Zone.Identifier
-- Installing: /root/ROBOT_PROJECT_V2_ws/install/ROBOT_PROJECT_VERSION_02/share/ROBOT_PROJECT_VERSION_02/description/model.sdf:Zone.Identifier
-- Installing: /root/ROBOT_PROJECT_V2_ws/install/ROBOT_PROJECT_VERSION_02/share/ROBOT_PROJECT_VERSION_02/description/Map.xacro
-- Installing: /root/ROBOT_PROJECT_V2_ws/install/ROBOT_PROJECT_VERSION_02/share/ROBOT_PROJECT_VERSION_02/description/model - Copy.sdf:Zone.Identifier
-- Installing: /root/ROBOT_PROJECT_V2_ws/install/ROBOT_PROJECT_VERSION_02/share/ROBOT_PROJECT_VERSION_02/description/inertial_macros.xacro:Zone.Identifier
-- Installing: /root/ROBOT_PROJECT_V2_ws/install/ROBOT_PROJECT_VERSION_02/share/ROBOT_PROJECT_VERSION_02/description/model_test.xacro:Zone.Identifier
-- Installing: /root/ROBOT_PROJECT_V2_ws/install/ROBOT_PROJECT_VERSION_02/share/ROBOT_PROJECT_VERSION_02/description/model - Copy.xacro:Zone.Identifier
-- Installing: /root/ROBOT_PROJECT_V2_ws/install/ROBOT_PROJECT_VERSION_02/share/ROBOT_PROJECT_VERSION_02/description/model.config:Zone.Identifier
-- Installing: /root/ROBOT_PROJECT_V2_ws/install/ROBOT_PROJECT_VERSION_02/share/ROBOT_PROJECT_VERSION_02/description/gazebo_control.xacro
-- Installing: /root/ROBOT_PROJECT_V2_ws/install/ROBOT_PROJECT_VERSION_02/share/ROBOT_PROJECT_VERSION_02/description/gazebo_control.xacro:Zone.Identifier
-- Installing: /root/ROBOT_PROJECT_V2_ws/install/ROBOT_PROJECT_VERSION_02/share/ROBOT_PROJECT_VERSION_02/description/build
-- Installing: /root/ROBOT_PROJECT_V2_ws/install/ROBOT_PROJECT_VERSION_02/share/ROBOT_PROJECT_VERSION_02/description/build/COLCON_IGNORE:Zone - Copy.Identifier
-- Installing: /root/ROBOT_PROJECT_V2_ws/install/ROBOT_PROJECT_VERSION_02/share/ROBOT_PROJECT_VERSION_02/description/build/.built_by:Zone.Identifier
-- Installing: /root/ROBOT_PROJECT_V2_ws/install/ROBOT_PROJECT_VERSION_02/share/ROBOT_PROJECT_VERSION_02/description/build/COLCON_IGNORE
-- Installing: /root/ROBOT_PROJECT_V2_ws/install/ROBOT_PROJECT_VERSION_02/share/ROBOT_PROJECT_VERSION_02/description/build/COLCON_IGNORE:Zone - Copy.Identifier:Zone.Identifier
-- Installing: /root/ROBOT_PROJECT_V2_ws/install/ROBOT_PROJECT_VERSION_02/share/ROBOT_PROJECT_VERSION_02/description/build/COLCON_IGNORE:Zone.Identifier
-- Installing: /root/ROBOT_PROJECT_V2_ws/install/ROBOT_PROJECT_VERSION_02/share/ROBOT_PROJECT_VERSION_02/description/build/.built_by:Zone.Identifier:Zone.Identifier
-- Installing: /root/ROBOT_PROJECT_V2_ws/install/ROBOT_PROJECT_VERSION_02/share/ROBOT_PROJECT_VERSION_02/description/build/.built_by
-- Installing: /root/ROBOT_PROJECT_V2_ws/install/ROBOT_PROJECT_VERSION_02/share/ROBOT_PROJECT_VERSION_02/description/log
-- Installing: /root/ROBOT_PROJECT_V2_ws/install/ROBOT_PROJECT_VERSION_02/share/ROBOT_PROJECT_VERSION_02/description/log/COLCON_IGNORE:Zone - Copy.Identifier
-- Installing: /root/ROBOT_PROJECT_V2_ws/install/ROBOT_PROJECT_VERSION_02/share/ROBOT_PROJECT_VERSION_02/description/log/latest:Zone.Identifier
-- Installing: /root/ROBOT_PROJECT_V2_ws/install/ROBOT_PROJECT_VERSION_02/share/ROBOT_PROJECT_VERSION_02/description/log/COLCON_IGNORE
-- Installing: /root/ROBOT_PROJECT_V2_ws/install/ROBOT_PROJECT_VERSION_02/share/ROBOT_PROJECT_VERSION_02/description/log/latest_build:Zone.Identifier
-- Installing: /root/ROBOT_PROJECT_V2_ws/install/ROBOT_PROJECT_VERSION_02/share/ROBOT_PROJECT_VERSION_02/description/log/COLCON_IGNORE:Zone - Copy.Identifier:Zone.Identifier
-- Installing: /root/ROBOT_PROJECT_V2_ws/install/ROBOT_PROJECT_VERSION_02/share/ROBOT_PROJECT_VERSION_02/description/log/COLCON_IGNORE:Zone.Identifier
-- Installing: /root/ROBOT_PROJECT_V2_ws/install/ROBOT_PROJECT_VERSION_02/share/ROBOT_PROJECT_VERSION_02/description/log/build_2024-12-24_16-32-04
-- Installing: /root/ROBOT_PROJECT_V2_ws/install/ROBOT_PROJECT_VERSION_02/share/ROBOT_PROJECT_VERSION_02/description/log/build_2024-12-24_16-32-04/events.log
-- Installing: /root/ROBOT_PROJECT_V2_ws/install/ROBOT_PROJECT_VERSION_02/share/ROBOT_PROJECT_VERSION_02/description/log/build_2024-12-24_16-32-04/events.log:Zone - Copy.Identifier:Zone.Identifier
-- Installing: /root/ROBOT_PROJECT_V2_ws/install/ROBOT_PROJECT_VERSION_02/share/ROBOT_PROJECT_VERSION_02/description/log/build_2024-12-24_16-32-04/events.log:Zone.Identifier
-- Installing: /root/ROBOT_PROJECT_V2_ws/install/ROBOT_PROJECT_VERSION_02/share/ROBOT_PROJECT_VERSION_02/description/log/build_2024-12-24_16-32-04/logger_all.log
-- Installing: /root/ROBOT_PROJECT_V2_ws/install/ROBOT_PROJECT_VERSION_02/share/ROBOT_PROJECT_VERSION_02/description/log/build_2024-12-24_16-32-04/logger_all.log:Zone - Copy.Identifier
-- Installing: /root/ROBOT_PROJECT_V2_ws/install/ROBOT_PROJECT_VERSION_02/share/ROBOT_PROJECT_VERSION_02/description/log/build_2024-12-24_16-32-04/logger_all.log:Zone - Copy.Identifier:Zone.Identifier
-- Installing: /root/ROBOT_PROJECT_V2_ws/install/ROBOT_PROJECT_VERSION_02/share/ROBOT_PROJECT_VERSION_02/description/log/build_2024-12-24_16-32-04/events.log:Zone - Copy.Identifier
-- Installing: /root/ROBOT_PROJECT_V2_ws/install/ROBOT_PROJECT_VERSION_02/share/ROBOT_PROJECT_VERSION_02/description/log/build_2024-12-24_16-32-04/logger_all.log:Zone.Identifier
-- Installing: /root/ROBOT_PROJECT_V2_ws/install/ROBOT_PROJECT_VERSION_02/share/ROBOT_PROJECT_VERSION_02/description/log/latest_build
-- Installing: /root/ROBOT_PROJECT_V2_ws/install/ROBOT_PROJECT_VERSION_02/share/ROBOT_PROJECT_VERSION_02/description/log/latest
-- Installing: /root/ROBOT_PROJECT_V2_ws/install/ROBOT_PROJECT_VERSION_02/share/ROBOT_PROJECT_VERSION_02/launch
-- Installing: /root/ROBOT_PROJECT_V2_ws/install/ROBOT_PROJECT_VERSION_02/share/ROBOT_PROJECT_VERSION_02/launch/rsp.launch.py:Zone - Copy.Identifier
-- Installing: /root/ROBOT_PROJECT_V2_ws/install/ROBOT_PROJECT_VERSION_02/share/ROBOT_PROJECT_VERSION_02/launch/rsp.launch.py
-- Installing: /root/ROBOT_PROJECT_V2_ws/install/ROBOT_PROJECT_VERSION_02/share/ROBOT_PROJECT_VERSION_02/launch/launch_sim.launch.py:Zone - Copy.Identifier:Zone.Identifier
-- Installing: /root/ROBOT_PROJECT_V2_ws/install/ROBOT_PROJECT_VERSION_02/share/ROBOT_PROJECT_VERSION_02/launch/rsp.launch.py:Zone.Identifier
-- Installing: /root/ROBOT_PROJECT_V2_ws/install/ROBOT_PROJECT_VERSION_02/share/ROBOT_PROJECT_VERSION_02/launch/launch_sim.launch.py
-- Installing: /root/ROBOT_PROJECT_V2_ws/install/ROBOT_PROJECT_VERSION_02/share/ROBOT_PROJECT_VERSION_02/launch/launch_sim.launch.py:Zone.Identifier
-- Installing: /root/ROBOT_PROJECT_V2_ws/install/ROBOT_PROJECT_VERSION_02/share/ROBOT_PROJECT_VERSION_02/launch/launch_sim.launch.py:Zone - Copy.Identifier
-- Installing: /root/ROBOT_PROJECT_V2_ws/install/ROBOT_PROJECT_VERSION_02/share/ROBOT_PROJECT_VERSION_02/launch/rsp.launch.py:Zone - Copy.Identifier:Zone.Identifier
-- Installing: /root/ROBOT_PROJECT_V2_ws/install/ROBOT_PROJECT_VERSION_02/share/ROBOT_PROJECT_VERSION_02/worlds
-- Installing: /root/ROBOT_PROJECT_V2_ws/install/ROBOT_PROJECT_VERSION_02/share/ROBOT_PROJECT_VERSION_02/worlds/World_01
-- Installing: /root/ROBOT_PROJECT_V2_ws/install/ROBOT_PROJECT_VERSION_02/share/ROBOT_PROJECT_VERSION_02/worlds/empty.world:Zone - Copy.Identifier:Zone.Identifier
-- Installing: /root/ROBOT_PROJECT_V2_ws/install/ROBOT_PROJECT_VERSION_02/share/ROBOT_PROJECT_VERSION_02/worlds/empty.world
-- Installing: /root/ROBOT_PROJECT_V2_ws/install/ROBOT_PROJECT_VERSION_02/share/ROBOT_PROJECT_VERSION_02/worlds/empty.world:Zone.Identifier
-- Installing: /root/ROBOT_PROJECT_V2_ws/install/ROBOT_PROJECT_VERSION_02/share/ROBOT_PROJECT_VERSION_02/worlds/World_01:Zone.Identifier
-- Installing: /root/ROBOT_PROJECT_V2_ws/install/ROBOT_PROJECT_VERSION_02/share/ROBOT_PROJECT_VERSION_02/worlds/empty.world:Zone - Copy.Identifier
-- Installing: /root/ROBOT_PROJECT_V2_ws/install/ROBOT_PROJECT_VERSION_02/share/ament_index/resource_index/package_run_dependencies/ROBOT_PROJECT_VERSION_02
-- Installing: /root/ROBOT_PROJECT_V2_ws/install/ROBOT_PROJECT_VERSION_02/share/ament_index/resource_index/parent_prefix_path/ROBOT_PROJECT_VERSION_02
-- Installing: /root/ROBOT_PROJECT_V2_ws/install/ROBOT_PROJECT_VERSION_02/share/ROBOT_PROJECT_VERSION_02/environment/ament_prefix_path.sh
-- Installing: /root/ROBOT_PROJECT_V2_ws/install/ROBOT_PROJECT_VERSION_02/share/ROBOT_PROJECT_VERSION_02/environment/ament_prefix_path.dsv
-- Installing: /root/ROBOT_PROJECT_V2_ws/install/ROBOT_PROJECT_VERSION_02/share/ROBOT_PROJECT_VERSION_02/environment/path.sh
-- Installing: /root/ROBOT_PROJECT_V2_ws/install/ROBOT_PROJECT_VERSION_02/share/ROBOT_PROJECT_VERSION_02/environment/path.dsv
-- Installing: /root/ROBOT_PROJECT_V2_ws/install/ROBOT_PROJECT_VERSION_02/share/ROBOT_PROJECT_VERSION_02/local_setup.bash
-- Installing: /root/ROBOT_PROJECT_V2_ws/install/ROBOT_PROJECT_VERSION_02/share/ROBOT_PROJECT_VERSION_02/local_setup.sh
-- Installing: /root/ROBOT_PROJECT_V2_ws/install/ROBOT_PROJECT_VERSION_02/share/ROBOT_PROJECT_VERSION_02/local_setup.zsh
-- Installing: /root/ROBOT_PROJECT_V2_ws/install/ROBOT_PROJECT_VERSION_02/share/ROBOT_PROJECT_VERSION_02/local_setup.dsv
-- Installing: /root/ROBOT_PROJECT_V2_ws/install/ROBOT_PROJECT_VERSION_02/share/ROBOT_PROJECT_VERSION_02/package.dsv
-- Installing: /root/ROBOT_PROJECT_V2_ws/install/ROBOT_PROJECT_VERSION_02/share/ament_index/resource_index/packages/ROBOT_PROJECT_VERSION_02
-- Installing: /root/ROBOT_PROJECT_V2_ws/install/ROBOT_PROJECT_VERSION_02/share/ROBOT_PROJECT_VERSION_02/cmake/ROBOT_PROJECT_VERSION_02Config.cmake
-- Installing: /root/ROBOT_PROJECT_V2_ws/install/ROBOT_PROJECT_VERSION_02/share/ROBOT_PROJECT_VERSION_02/cmake/ROBOT_PROJECT_VERSION_02Config-version.cmake
-- Installing: /root/ROBOT_PROJECT_V2_ws/install/ROBOT_PROJECT_VERSION_02/share/ROBOT_PROJECT_VERSION_02/package.xml
