[0.019s] Invoking command in '/root/ROBOT_PROJECT_V2_ws/build/ROBOT_PROJECT_VERSION_02': CMAKE_PREFIX_PATH=${CMAKE_PREFIX_PATH}:/root/turtlebot3_ws/install/turtlebot3_teleop:/root/turtlebot3_ws/install/turtlebot3_example:/opt/ros/humble /usr/bin/cmake /root/ROBOT_PROJECT_V2_ws/src/ROBOT_PROJECT_VERSION_02 -DCMAKE_INSTALL_PREFIX=/root/ROBOT_PROJECT_V2_ws/install/ROBOT_PROJECT_VERSION_02
[0.224s] -- The C compiler identification is GNU 11.4.0
[0.566s] -- The CXX compiler identification is GNU 11.4.0
[0.807s] -- Detecting C compiler ABI info
[0.887s] -- Detecting C compiler ABI info - done
[0.891s] -- Check for working C compiler: /usr/bin/cc - skipped
[0.892s] -- Detecting C compile features
[0.893s] -- Detecting C compile features - done
[0.895s] -- Detecting CXX compiler ABI info
[0.972s] -- Detecting CXX compiler ABI info - done
[0.976s] -- Check for working CXX compiler: /usr/bin/c++ - skipped
[0.976s] -- Detecting CXX compile features
[0.976s] -- Detecting CXX compile features - done
[1.003s] -- Found ament_cmake: 1.3.11 (/opt/ros/humble/share/ament_cmake/cmake)
[1.140s] -- Found Python3: /usr/bin/python3 (found version "3.10.12") found components: Interpreter 
[1.235s] -- Found ament_lint_auto: 0.12.11 (/opt/ros/humble/share/ament_lint_auto/cmake)
[1.271s] WARNING: Package name "ROBOT_PROJECT_VERSION_02" does not follow the naming conventions. It should start with a lower case letter and only contain lower case letters, digits, underscores, and dashes.
[1.302s] -- Added test 'copyright' to check source files copyright and LICENSE
[1.312s] -- Added test 'flake8' to check Python code syntax and style conventions
[1.313s] -- Added test 'lint_cmake' to check CMake code style
[1.314s] -- Added test 'pep257' to check Python code against some of the docstring style conventions in PEP 257
[1.318s] -- Added test 'xmllint' to check XML markup files
[1.318s] -- Configuring done
[1.319s] -- Generating done
[1.321s] -- Build files have been written to: /root/ROBOT_PROJECT_V2_ws/build/ROBOT_PROJECT_VERSION_02
[1.324s] Invoked command in '/root/ROBOT_PROJECT_V2_ws/build/ROBOT_PROJECT_VERSION_02' returned '0': CMAKE_PREFIX_PATH=${CMAKE_PREFIX_PATH}:/root/turtlebot3_ws/install/turtlebot3_teleop:/root/turtlebot3_ws/install/turtlebot3_example:/opt/ros/humble /usr/bin/cmake /root/ROBOT_PROJECT_V2_ws/src/ROBOT_PROJECT_VERSION_02 -DCMAKE_INSTALL_PREFIX=/root/ROBOT_PROJECT_V2_ws/install/ROBOT_PROJECT_VERSION_02
[1.325s] Invoking command in '/root/ROBOT_PROJECT_V2_ws/build/ROBOT_PROJECT_VERSION_02': CMAKE_PREFIX_PATH=${CMAKE_PREFIX_PATH}:/root/turtlebot3_ws/install/turtlebot3_teleop:/root/turtlebot3_ws/install/turtlebot3_example:/opt/ros/humble /usr/bin/cmake --build /root/ROBOT_PROJECT_V2_ws/build/ROBOT_PROJECT_VERSION_02 -- -j16 -l16
[1.345s] Invoked command in '/root/ROBOT_PROJECT_V2_ws/build/ROBOT_PROJECT_VERSION_02' returned '0': CMAKE_PREFIX_PATH=${CMAKE_PREFIX_PATH}:/root/turtlebot3_ws/install/turtlebot3_teleop:/root/turtlebot3_ws/install/turtlebot3_example:/opt/ros/humble /usr/bin/cmake --build /root/ROBOT_PROJECT_V2_ws/build/ROBOT_PROJECT_VERSION_02 -- -j16 -l16
[1.346s] Invoking command in '/root/ROBOT_PROJECT_V2_ws/build/ROBOT_PROJECT_VERSION_02': CMAKE_PREFIX_PATH=${CMAKE_PREFIX_PATH}:/root/turtlebot3_ws/install/turtlebot3_teleop:/root/turtlebot3_ws/install/turtlebot3_example:/opt/ros/humble /usr/bin/cmake --install /root/ROBOT_PROJECT_V2_ws/build/ROBOT_PROJECT_VERSION_02
[1.351s] -- Install configuration: ""
[1.351s] -- Installing: /root/ROBOT_PROJECT_V2_ws/install/ROBOT_PROJECT_VERSION_02/share/ROBOT_PROJECT_VERSION_02/config
[1.351s] -- Installing: /root/ROBOT_PROJECT_V2_ws/install/ROBOT_PROJECT_VERSION_02/share/ROBOT_PROJECT_VERSION_02/config/twist_mux.yaml:Zone.Identifier
[1.353s] -- Installing: /root/ROBOT_PROJECT_V2_ws/install/ROBOT_PROJECT_VERSION_02/share/ROBOT_PROJECT_VERSION_02/config/map_01.rviz
[1.353s] -- Installing: /root/ROBOT_PROJECT_V2_ws/install/ROBOT_PROJECT_VERSION_02/share/ROBOT_PROJECT_VERSION_02/config/empty.yaml
[1.353s] -- Installing: /root/ROBOT_PROJECT_V2_ws/install/ROBOT_PROJECT_VERSION_02/share/ROBOT_PROJECT_VERSION_02/config/twist_mux.yaml
[1.354s] -- Installing: /root/ROBOT_PROJECT_V2_ws/install/ROBOT_PROJECT_VERSION_02/share/ROBOT_PROJECT_VERSION_02/config/mapper_params_offline.yaml
[1.354s] -- Installing: /root/ROBOT_PROJECT_V2_ws/install/ROBOT_PROJECT_VERSION_02/share/ROBOT_PROJECT_VERSION_02/config/empty.yaml:Zone - Copy.Identifier:Zone.Identifier
[1.354s] -- Installing: /root/ROBOT_PROJECT_V2_ws/install/ROBOT_PROJECT_VERSION_02/share/ROBOT_PROJECT_VERSION_02/config/mapper_params_online_async.yaml
[1.354s] -- Installing: /root/ROBOT_PROJECT_V2_ws/install/ROBOT_PROJECT_VERSION_02/share/ROBOT_PROJECT_VERSION_02/config/mapper_params_lifelong.yaml:Zone - Copy.Identifier:Zone.Identifier
[1.354s] -- Installing: /root/ROBOT_PROJECT_V2_ws/install/ROBOT_PROJECT_VERSION_02/share/ROBOT_PROJECT_VERSION_02/config/mapper_params_lifelong.yaml:Zone - Copy.Identifier
[1.354s] -- Installing: /root/ROBOT_PROJECT_V2_ws/install/ROBOT_PROJECT_VERSION_02/share/ROBOT_PROJECT_VERSION_02/config/mapper_params_lifelong.yaml
[1.354s] -- Installing: /root/ROBOT_PROJECT_V2_ws/install/ROBOT_PROJECT_VERSION_02/share/ROBOT_PROJECT_VERSION_02/config/slam_toolbox_default.rviz:Zone.Identifier:Zone.Identifier
[1.354s] -- Installing: /root/ROBOT_PROJECT_V2_ws/install/ROBOT_PROJECT_VERSION_02/share/ROBOT_PROJECT_VERSION_02/config/slam_toolbox_default.rviz:Zone.Identifier
[1.354s] -- Installing: /root/ROBOT_PROJECT_V2_ws/install/ROBOT_PROJECT_VERSION_02/share/ROBOT_PROJECT_VERSION_02/config/mapper_params_lifelong.yaml:Zone.Identifier
[1.354s] -- Installing: /root/ROBOT_PROJECT_V2_ws/install/ROBOT_PROJECT_VERSION_02/share/ROBOT_PROJECT_VERSION_02/config/mapper_params_offline.yaml:Zone - Copy.Identifier
[1.354s] -- Installing: /root/ROBOT_PROJECT_V2_ws/install/ROBOT_PROJECT_VERSION_02/share/ROBOT_PROJECT_VERSION_02/config/empty.yaml:Zone.Identifier
[1.354s] -- Installing: /root/ROBOT_PROJECT_V2_ws/install/ROBOT_PROJECT_VERSION_02/share/ROBOT_PROJECT_VERSION_02/config/mapper_params_localization.yaml
[1.355s] -- Installing: /root/ROBOT_PROJECT_V2_ws/install/ROBOT_PROJECT_VERSION_02/share/ROBOT_PROJECT_VERSION_02/config/slam_toolbox_default.rviz:Zone.Identifier:Zone.Identifier:Zone.Identifier
[1.355s] -- Installing: /root/ROBOT_PROJECT_V2_ws/install/ROBOT_PROJECT_VERSION_02/share/ROBOT_PROJECT_VERSION_02/config/map_01.rviz:Zone.Identifier
[1.355s] -- Installing: /root/ROBOT_PROJECT_V2_ws/install/ROBOT_PROJECT_VERSION_02/share/ROBOT_PROJECT_VERSION_02/config/mapper_params_online_sync.yaml:Zone.Identifier:Zone.Identifier
[1.356s] -- Installing: /root/ROBOT_PROJECT_V2_ws/install/ROBOT_PROJECT_VERSION_02/share/ROBOT_PROJECT_VERSION_02/config/mapper_params_online_async.yaml:Zone - Copy.Identifier
[1.356s] -- Installing: /root/ROBOT_PROJECT_V2_ws/install/ROBOT_PROJECT_VERSION_02/share/ROBOT_PROJECT_VERSION_02/config/mapper_params_offline.yaml:Zone - Copy.Identifier:Zone.Identifier
[1.356s] -- Installing: /root/ROBOT_PROJECT_V2_ws/install/ROBOT_PROJECT_VERSION_02/share/ROBOT_PROJECT_VERSION_02/config/mapper_params_online_sync.yaml:Zone.Identifier:Zone.Identifier:Zone.Identifier
[1.356s] -- Installing: /root/ROBOT_PROJECT_V2_ws/install/ROBOT_PROJECT_VERSION_02/share/ROBOT_PROJECT_VERSION_02/config/mapper_params_localization.yaml:Zone.Identifier
[1.356s] -- Installing: /root/ROBOT_PROJECT_V2_ws/install/ROBOT_PROJECT_VERSION_02/share/ROBOT_PROJECT_VERSION_02/config/mapper_params_online_sync.yaml:Zone.Identifier
[1.356s] -- Installing: /root/ROBOT_PROJECT_V2_ws/install/ROBOT_PROJECT_VERSION_02/share/ROBOT_PROJECT_VERSION_02/config/mapper_params_online_sync.yaml
[1.356s] -- Installing: /root/ROBOT_PROJECT_V2_ws/install/ROBOT_PROJECT_VERSION_02/share/ROBOT_PROJECT_VERSION_02/config/map_01.rviz:Zone - Copy.Identifier
[1.356s] -- Installing: /root/ROBOT_PROJECT_V2_ws/install/ROBOT_PROJECT_VERSION_02/share/ROBOT_PROJECT_VERSION_02/config/mapper_params_localization.yaml:Zone - Copy.Identifier:Zone.Identifier
[1.357s] -- Installing: /root/ROBOT_PROJECT_V2_ws/install/ROBOT_PROJECT_VERSION_02/share/ROBOT_PROJECT_VERSION_02/config/mapper_params_localization.yaml:Zone - Copy.Identifier
[1.357s] -- Installing: /root/ROBOT_PROJECT_V2_ws/install/ROBOT_PROJECT_VERSION_02/share/ROBOT_PROJECT_VERSION_02/config/twist_mux.yaml:Zone.Identifier:Zone.Identifier
[1.357s] -- Installing: /root/ROBOT_PROJECT_V2_ws/install/ROBOT_PROJECT_VERSION_02/share/ROBOT_PROJECT_VERSION_02/config/mapper_params_offline.yaml:Zone.Identifier
[1.357s] -- Installing: /root/ROBOT_PROJECT_V2_ws/install/ROBOT_PROJECT_VERSION_02/share/ROBOT_PROJECT_VERSION_02/config/slam_toolbox_default.rviz
[1.357s] -- Installing: /root/ROBOT_PROJECT_V2_ws/install/ROBOT_PROJECT_VERSION_02/share/ROBOT_PROJECT_VERSION_02/config/mapper_params_online_async.yaml:Zone - Copy.Identifier:Zone.Identifier
[1.357s] -- Installing: /root/ROBOT_PROJECT_V2_ws/install/ROBOT_PROJECT_VERSION_02/share/ROBOT_PROJECT_VERSION_02/config/mapper_params_online_async.yaml:Zone.Identifier
[1.357s] -- Installing: /root/ROBOT_PROJECT_V2_ws/install/ROBOT_PROJECT_VERSION_02/share/ROBOT_PROJECT_VERSION_02/config/map_01.rviz:Zone - Copy.Identifier:Zone.Identifier
[1.357s] -- Installing: /root/ROBOT_PROJECT_V2_ws/install/ROBOT_PROJECT_VERSION_02/share/ROBOT_PROJECT_VERSION_02/config/empty.yaml:Zone - Copy.Identifier
[1.357s] -- Installing: /root/ROBOT_PROJECT_V2_ws/install/ROBOT_PROJECT_VERSION_02/share/ROBOT_PROJECT_VERSION_02/description
[1.357s] -- Installing: /root/ROBOT_PROJECT_V2_ws/install/ROBOT_PROJECT_VERSION_02/share/ROBOT_PROJECT_VERSION_02/description/model.sdf
[1.357s] -- Installing: /root/ROBOT_PROJECT_V2_ws/install/ROBOT_PROJECT_VERSION_02/share/ROBOT_PROJECT_VERSION_02/description/model - Copy.xacro:Zone.Identifier:Zone.Identifier
[1.358s] -- Installing: /root/ROBOT_PROJECT_V2_ws/install/ROBOT_PROJECT_VERSION_02/share/ROBOT_PROJECT_VERSION_02/description/model - Copy.sdf:Zone.Identifier:Zone.Identifier
[1.358s] -- Installing: /root/ROBOT_PROJECT_V2_ws/install/ROBOT_PROJECT_VERSION_02/share/ROBOT_PROJECT_VERSION_02/description/inertial_macros.xacro
[1.358s] -- Installing: /root/ROBOT_PROJECT_V2_ws/install/ROBOT_PROJECT_VERSION_02/share/ROBOT_PROJECT_VERSION_02/description/install
[1.358s] -- Installing: /root/ROBOT_PROJECT_V2_ws/install/ROBOT_PROJECT_VERSION_02/share/ROBOT_PROJECT_VERSION_02/description/install/COLCON_IGNORE:Zone - Copy.Identifier
[1.358s] -- Installing: /root/ROBOT_PROJECT_V2_ws/install/ROBOT_PROJECT_VERSION_02/share/ROBOT_PROJECT_VERSION_02/description/install/.colcon_install_layout:Zone.Identifier
[1.358s] -- Installing: /root/ROBOT_PROJECT_V2_ws/install/ROBOT_PROJECT_VERSION_02/share/ROBOT_PROJECT_VERSION_02/description/install/COLCON_IGNORE
[1.358s] -- Installing: /root/ROBOT_PROJECT_V2_ws/install/ROBOT_PROJECT_VERSION_02/share/ROBOT_PROJECT_VERSION_02/description/install/.colcon_install_layout
[1.358s] -- Installing: /root/ROBOT_PROJECT_V2_ws/install/ROBOT_PROJECT_VERSION_02/share/ROBOT_PROJECT_VERSION_02/description/install/COLCON_IGNORE:Zone - Copy.Identifier:Zone.Identifier
[1.359s] -- Installing: /root/ROBOT_PROJECT_V2_ws/install/ROBOT_PROJECT_VERSION_02/share/ROBOT_PROJECT_VERSION_02/description/install/COLCON_IGNORE:Zone.Identifier
[1.359s] -- Installing: /root/ROBOT_PROJECT_V2_ws/install/ROBOT_PROJECT_VERSION_02/share/ROBOT_PROJECT_VERSION_02/description/install/.colcon_install_layout:Zone.Identifier:Zone.Identifier
[1.359s] -- Installing: /root/ROBOT_PROJECT_V2_ws/install/ROBOT_PROJECT_VERSION_02/share/ROBOT_PROJECT_VERSION_02/description/model.config
[1.359s] -- Installing: /root/ROBOT_PROJECT_V2_ws/install/ROBOT_PROJECT_VERSION_02/share/ROBOT_PROJECT_VERSION_02/description/robot.urdf.xacro
[1.359s] -- Installing: /root/ROBOT_PROJECT_V2_ws/install/ROBOT_PROJECT_VERSION_02/share/ROBOT_PROJECT_VERSION_02/description/robot.urdf.xacro:Zone.Identifier
[1.359s] -- Installing: /root/ROBOT_PROJECT_V2_ws/install/ROBOT_PROJECT_VERSION_02/share/ROBOT_PROJECT_VERSION_02/description/lidar.xacro
[1.360s] -- Installing: /root/ROBOT_PROJECT_V2_ws/install/ROBOT_PROJECT_VERSION_02/share/ROBOT_PROJECT_VERSION_02/description/model_test.xacro
[1.360s] -- Installing: /root/ROBOT_PROJECT_V2_ws/install/ROBOT_PROJECT_VERSION_02/share/ROBOT_PROJECT_VERSION_02/description/model.xacro:Zone.Identifier
[1.360s] -- Installing: /root/ROBOT_PROJECT_V2_ws/install/ROBOT_PROJECT_VERSION_02/share/ROBOT_PROJECT_VERSION_02/description/lidar.xacro:Zone.Identifier
[1.360s] -- Installing: /root/ROBOT_PROJECT_V2_ws/install/ROBOT_PROJECT_VERSION_02/share/ROBOT_PROJECT_VERSION_02/description/model.xacro
[1.360s] -- Installing: /root/ROBOT_PROJECT_V2_ws/install/ROBOT_PROJECT_VERSION_02/share/ROBOT_PROJECT_VERSION_02/description/Robot_core.xacro:Zone.Identifier
[1.360s] -- Installing: /root/ROBOT_PROJECT_V2_ws/install/ROBOT_PROJECT_VERSION_02/share/ROBOT_PROJECT_VERSION_02/description/model.sdf:Zone.Identifier
[1.360s] -- Installing: /root/ROBOT_PROJECT_V2_ws/install/ROBOT_PROJECT_VERSION_02/share/ROBOT_PROJECT_VERSION_02/description/Map.xacro
[1.360s] -- Installing: /root/ROBOT_PROJECT_V2_ws/install/ROBOT_PROJECT_VERSION_02/share/ROBOT_PROJECT_VERSION_02/description/model - Copy.sdf:Zone.Identifier
[1.361s] -- Installing: /root/ROBOT_PROJECT_V2_ws/install/ROBOT_PROJECT_VERSION_02/share/ROBOT_PROJECT_VERSION_02/description/inertial_macros.xacro:Zone.Identifier
[1.361s] -- Installing: /root/ROBOT_PROJECT_V2_ws/install/ROBOT_PROJECT_VERSION_02/share/ROBOT_PROJECT_VERSION_02/description/model_test.xacro:Zone.Identifier
[1.361s] -- Installing: /root/ROBOT_PROJECT_V2_ws/install/ROBOT_PROJECT_VERSION_02/share/ROBOT_PROJECT_VERSION_02/description/model - Copy.xacro:Zone.Identifier
[1.361s] -- Installing: /root/ROBOT_PROJECT_V2_ws/install/ROBOT_PROJECT_VERSION_02/share/ROBOT_PROJECT_VERSION_02/description/model.config:Zone.Identifier
[1.361s] -- Installing: /root/ROBOT_PROJECT_V2_ws/install/ROBOT_PROJECT_VERSION_02/share/ROBOT_PROJECT_VERSION_02/description/gazebo_control.xacro
[1.361s] -- Installing: /root/ROBOT_PROJECT_V2_ws/install/ROBOT_PROJECT_VERSION_02/share/ROBOT_PROJECT_VERSION_02/description/gazebo_control.xacro:Zone.Identifier
[1.361s] -- Installing: /root/ROBOT_PROJECT_V2_ws/install/ROBOT_PROJECT_VERSION_02/share/ROBOT_PROJECT_VERSION_02/description/build
[1.361s] -- Installing: /root/ROBOT_PROJECT_V2_ws/install/ROBOT_PROJECT_VERSION_02/share/ROBOT_PROJECT_VERSION_02/description/build/COLCON_IGNORE:Zone - Copy.Identifier
[1.361s] -- Installing: /root/ROBOT_PROJECT_V2_ws/install/ROBOT_PROJECT_VERSION_02/share/ROBOT_PROJECT_VERSION_02/description/build/.built_by:Zone.Identifier
[1.361s] -- Installing: /root/ROBOT_PROJECT_V2_ws/install/ROBOT_PROJECT_VERSION_02/share/ROBOT_PROJECT_VERSION_02/description/build/COLCON_IGNORE
[1.361s] -- Installing: /root/ROBOT_PROJECT_V2_ws/install/ROBOT_PROJECT_VERSION_02/share/ROBOT_PROJECT_VERSION_02/description/build/COLCON_IGNORE:Zone - Copy.Identifier:Zone.Identifier
[1.361s] -- Installing: /root/ROBOT_PROJECT_V2_ws/install/ROBOT_PROJECT_VERSION_02/share/ROBOT_PROJECT_VERSION_02/description/build/COLCON_IGNORE:Zone.Identifier
[1.362s] -- Installing: /root/ROBOT_PROJECT_V2_ws/install/ROBOT_PROJECT_VERSION_02/share/ROBOT_PROJECT_VERSION_02/description/build/.built_by:Zone.Identifier:Zone.Identifier
[1.362s] -- Installing: /root/ROBOT_PROJECT_V2_ws/install/ROBOT_PROJECT_VERSION_02/share/ROBOT_PROJECT_VERSION_02/description/build/.built_by
[1.362s] -- Installing: /root/ROBOT_PROJECT_V2_ws/install/ROBOT_PROJECT_VERSION_02/share/ROBOT_PROJECT_VERSION_02/description/log
[1.362s] -- Installing: /root/ROBOT_PROJECT_V2_ws/install/ROBOT_PROJECT_VERSION_02/share/ROBOT_PROJECT_VERSION_02/description/log/COLCON_IGNORE:Zone - Copy.Identifier
[1.362s] -- Installing: /root/ROBOT_PROJECT_V2_ws/install/ROBOT_PROJECT_VERSION_02/share/ROBOT_PROJECT_VERSION_02/description/log/latest:Zone.Identifier
[1.362s] -- Installing: /root/ROBOT_PROJECT_V2_ws/install/ROBOT_PROJECT_VERSION_02/share/ROBOT_PROJECT_VERSION_02/description/log/COLCON_IGNORE
[1.362s] -- Installing: /root/ROBOT_PROJECT_V2_ws/install/ROBOT_PROJECT_VERSION_02/share/ROBOT_PROJECT_VERSION_02/description/log/latest_build:Zone.Identifier
[1.362s] -- Installing: /root/ROBOT_PROJECT_V2_ws/install/ROBOT_PROJECT_VERSION_02/share/ROBOT_PROJECT_VERSION_02/description/log/COLCON_IGNORE:Zone - Copy.Identifier:Zone.Identifier
[1.362s] -- Installing: /root/ROBOT_PROJECT_V2_ws/install/ROBOT_PROJECT_VERSION_02/share/ROBOT_PROJECT_VERSION_02/description/log/COLCON_IGNORE:Zone.Identifier
[1.362s] -- Installing: /root/ROBOT_PROJECT_V2_ws/install/ROBOT_PROJECT_VERSION_02/share/ROBOT_PROJECT_VERSION_02/description/log/build_2024-12-24_16-32-04
[1.362s] -- Installing: /root/ROBOT_PROJECT_V2_ws/install/ROBOT_PROJECT_VERSION_02/share/ROBOT_PROJECT_VERSION_02/description/log/build_2024-12-24_16-32-04/events.log
[1.362s] -- Installing: /root/ROBOT_PROJECT_V2_ws/install/ROBOT_PROJECT_VERSION_02/share/ROBOT_PROJECT_VERSION_02/description/log/build_2024-12-24_16-32-04/events.log:Zone - Copy.Identifier:Zone.Identifier
[1.362s] -- Installing: /root/ROBOT_PROJECT_V2_ws/install/ROBOT_PROJECT_VERSION_02/share/ROBOT_PROJECT_VERSION_02/description/log/build_2024-12-24_16-32-04/events.log:Zone.Identifier
[1.363s] -- Installing: /root/ROBOT_PROJECT_V2_ws/install/ROBOT_PROJECT_VERSION_02/share/ROBOT_PROJECT_VERSION_02/description/log/build_2024-12-24_16-32-04/logger_all.log
[1.363s] -- Installing: /root/ROBOT_PROJECT_V2_ws/install/ROBOT_PROJECT_VERSION_02/share/ROBOT_PROJECT_VERSION_02/description/log/build_2024-12-24_16-32-04/logger_all.log:Zone - Copy.Identifier
[1.363s] -- Installing: /root/ROBOT_PROJECT_V2_ws/install/ROBOT_PROJECT_VERSION_02/share/ROBOT_PROJECT_VERSION_02/description/log/build_2024-12-24_16-32-04/logger_all.log:Zone - Copy.Identifier:Zone.Identifier
[1.363s] -- Installing: /root/ROBOT_PROJECT_V2_ws/install/ROBOT_PROJECT_VERSION_02/share/ROBOT_PROJECT_VERSION_02/description/log/build_2024-12-24_16-32-04/events.log:Zone - Copy.Identifier
[1.363s] -- Installing: /root/ROBOT_PROJECT_V2_ws/install/ROBOT_PROJECT_VERSION_02/share/ROBOT_PROJECT_VERSION_02/description/log/build_2024-12-24_16-32-04/logger_all.log:Zone.Identifier
[1.363s] -- Installing: /root/ROBOT_PROJECT_V2_ws/install/ROBOT_PROJECT_VERSION_02/share/ROBOT_PROJECT_VERSION_02/description/log/latest_build
[1.363s] -- Installing: /root/ROBOT_PROJECT_V2_ws/install/ROBOT_PROJECT_VERSION_02/share/ROBOT_PROJECT_VERSION_02/description/log/latest
[1.363s] -- Installing: /root/ROBOT_PROJECT_V2_ws/install/ROBOT_PROJECT_VERSION_02/share/ROBOT_PROJECT_VERSION_02/launch
[1.364s] -- Installing: /root/ROBOT_PROJECT_V2_ws/install/ROBOT_PROJECT_VERSION_02/share/ROBOT_PROJECT_VERSION_02/launch/rsp.launch.py:Zone - Copy.Identifier
[1.364s] -- Installing: /root/ROBOT_PROJECT_V2_ws/install/ROBOT_PROJECT_VERSION_02/share/ROBOT_PROJECT_VERSION_02/launch/rsp.launch.py
[1.364s] -- Installing: /root/ROBOT_PROJECT_V2_ws/install/ROBOT_PROJECT_VERSION_02/share/ROBOT_PROJECT_VERSION_02/launch/launch_sim.launch.py:Zone - Copy.Identifier:Zone.Identifier
[1.364s] -- Installing: /root/ROBOT_PROJECT_V2_ws/install/ROBOT_PROJECT_VERSION_02/share/ROBOT_PROJECT_VERSION_02/launch/rsp.launch.py:Zone.Identifier
[1.364s] -- Installing: /root/ROBOT_PROJECT_V2_ws/install/ROBOT_PROJECT_VERSION_02/share/ROBOT_PROJECT_VERSION_02/launch/launch_sim.launch.py
[1.364s] -- Installing: /root/ROBOT_PROJECT_V2_ws/install/ROBOT_PROJECT_VERSION_02/share/ROBOT_PROJECT_VERSION_02/launch/launch_sim.launch.py:Zone.Identifier
[1.364s] -- Installing: /root/ROBOT_PROJECT_V2_ws/install/ROBOT_PROJECT_VERSION_02/share/ROBOT_PROJECT_VERSION_02/launch/launch_sim.launch.py:Zone - Copy.Identifier
[1.364s] -- Installing: /root/ROBOT_PROJECT_V2_ws/install/ROBOT_PROJECT_VERSION_02/share/ROBOT_PROJECT_VERSION_02/launch/rsp.launch.py:Zone - Copy.Identifier:Zone.Identifier
[1.364s] -- Installing: /root/ROBOT_PROJECT_V2_ws/install/ROBOT_PROJECT_VERSION_02/share/ROBOT_PROJECT_VERSION_02/worlds
[1.364s] -- Installing: /root/ROBOT_PROJECT_V2_ws/install/ROBOT_PROJECT_VERSION_02/share/ROBOT_PROJECT_VERSION_02/worlds/World_01
[1.364s] -- Installing: /root/ROBOT_PROJECT_V2_ws/install/ROBOT_PROJECT_VERSION_02/share/ROBOT_PROJECT_VERSION_02/worlds/empty.world:Zone - Copy.Identifier:Zone.Identifier
[1.364s] -- Installing: /root/ROBOT_PROJECT_V2_ws/install/ROBOT_PROJECT_VERSION_02/share/ROBOT_PROJECT_VERSION_02/worlds/empty.world
[1.364s] -- Installing: /root/ROBOT_PROJECT_V2_ws/install/ROBOT_PROJECT_VERSION_02/share/ROBOT_PROJECT_VERSION_02/worlds/empty.world:Zone.Identifier
[1.364s] -- Installing: /root/ROBOT_PROJECT_V2_ws/install/ROBOT_PROJECT_VERSION_02/share/ROBOT_PROJECT_VERSION_02/worlds/World_01:Zone.Identifier
[1.364s] -- Installing: /root/ROBOT_PROJECT_V2_ws/install/ROBOT_PROJECT_VERSION_02/share/ROBOT_PROJECT_VERSION_02/worlds/empty.world:Zone - Copy.Identifier
[1.364s] -- Installing: /root/ROBOT_PROJECT_V2_ws/install/ROBOT_PROJECT_VERSION_02/share/ament_index/resource_index/package_run_dependencies/ROBOT_PROJECT_VERSION_02
[1.365s] -- Installing: /root/ROBOT_PROJECT_V2_ws/install/ROBOT_PROJECT_VERSION_02/share/ament_index/resource_index/parent_prefix_path/ROBOT_PROJECT_VERSION_02
[1.365s] -- Installing: /root/ROBOT_PROJECT_V2_ws/install/ROBOT_PROJECT_VERSION_02/share/ROBOT_PROJECT_VERSION_02/environment/ament_prefix_path.sh
[1.365s] -- Installing: /root/ROBOT_PROJECT_V2_ws/install/ROBOT_PROJECT_VERSION_02/share/ROBOT_PROJECT_VERSION_02/environment/ament_prefix_path.dsv
[1.365s] -- Installing: /root/ROBOT_PROJECT_V2_ws/install/ROBOT_PROJECT_VERSION_02/share/ROBOT_PROJECT_VERSION_02/environment/path.sh
[1.365s] -- Installing: /root/ROBOT_PROJECT_V2_ws/install/ROBOT_PROJECT_VERSION_02/share/ROBOT_PROJECT_VERSION_02/environment/path.dsv
[1.365s] -- Installing: /root/ROBOT_PROJECT_V2_ws/install/ROBOT_PROJECT_VERSION_02/share/ROBOT_PROJECT_VERSION_02/local_setup.bash
[1.365s] -- Installing: /root/ROBOT_PROJECT_V2_ws/install/ROBOT_PROJECT_VERSION_02/share/ROBOT_PROJECT_VERSION_02/local_setup.sh
[1.365s] -- Installing: /root/ROBOT_PROJECT_V2_ws/install/ROBOT_PROJECT_VERSION_02/share/ROBOT_PROJECT_VERSION_02/local_setup.zsh
[1.365s] -- Installing: /root/ROBOT_PROJECT_V2_ws/install/ROBOT_PROJECT_VERSION_02/share/ROBOT_PROJECT_VERSION_02/local_setup.dsv
[1.365s] -- Installing: /root/ROBOT_PROJECT_V2_ws/install/ROBOT_PROJECT_VERSION_02/share/ROBOT_PROJECT_VERSION_02/package.dsv
[1.365s] -- Installing: /root/ROBOT_PROJECT_V2_ws/install/ROBOT_PROJECT_VERSION_02/share/ament_index/resource_index/packages/ROBOT_PROJECT_VERSION_02
[1.365s] -- Installing: /root/ROBOT_PROJECT_V2_ws/install/ROBOT_PROJECT_VERSION_02/share/ROBOT_PROJECT_VERSION_02/cmake/ROBOT_PROJECT_VERSION_02Config.cmake
[1.365s] -- Installing: /root/ROBOT_PROJECT_V2_ws/install/ROBOT_PROJECT_VERSION_02/share/ROBOT_PROJECT_VERSION_02/cmake/ROBOT_PROJECT_VERSION_02Config-version.cmake
[1.366s] -- Installing: /root/ROBOT_PROJECT_V2_ws/install/ROBOT_PROJECT_VERSION_02/share/ROBOT_PROJECT_VERSION_02/package.xml
[1.387s] Invoked command in '/root/ROBOT_PROJECT_V2_ws/build/ROBOT_PROJECT_VERSION_02' returned '0': CMAKE_PREFIX_PATH=${CMAKE_PREFIX_PATH}:/root/turtlebot3_ws/install/turtlebot3_teleop:/root/turtlebot3_ws/install/turtlebot3_example:/opt/ros/humble /usr/bin/cmake --install /root/ROBOT_PROJECT_V2_ws/build/ROBOT_PROJECT_VERSION_02
