[0.011s] Invoking command in '/root/ROBOT_PROJECT_V2_ws/build/ROBOT_PROJECT_VERSION_02': CMAKE_PREFIX_PATH=${CMAKE_PREFIX_PATH}:/root/turtlebot3_ws/install/turtlebot3_teleop:/root/turtlebot3_ws/install/turtlebot3_example:/opt/ros/humble /usr/bin/cmake --build /root/ROBOT_PROJECT_V2_ws/build/ROBOT_PROJECT_VERSION_02 -- -j16 -l16
[0.034s] Invoked command in '/root/ROBOT_PROJECT_V2_ws/build/ROBOT_PROJECT_VERSION_02' returned '0': CMAKE_PREFIX_PATH=${CMAKE_PREFIX_PATH}:/root/turtlebot3_ws/install/turtlebot3_teleop:/root/turtlebot3_ws/install/turtlebot3_example:/opt/ros/humble /usr/bin/cmake --build /root/ROBOT_PROJECT_V2_ws/build/ROBOT_PROJECT_VERSION_02 -- -j16 -l16
[0.040s] Invoking command in '/root/ROBOT_PROJECT_V2_ws/build/ROBOT_PROJECT_VERSION_02': CMAKE_PREFIX_PATH=${CMAKE_PREFIX_PATH}:/root/turtlebot3_ws/install/turtlebot3_teleop:/root/turtlebot3_ws/install/turtlebot3_example:/opt/ros/humble /usr/bin/cmake --install /root/ROBOT_PROJECT_V2_ws/build/ROBOT_PROJECT_VERSION_02
[0.044s] -- Install configuration: ""
[0.044s] -- Up-to-date: /root/ROBOT_PROJECT_V2_ws/install/ROBOT_PROJECT_VERSION_02/share/ROBOT_PROJECT_VERSION_02/config
[0.044s] -- Up-to-date: /root/ROBOT_PROJECT_V2_ws/install/ROBOT_PROJECT_VERSION_02/share/ROBOT_PROJECT_VERSION_02/config/twist_mux.yaml:Zone.Identifier
[0.045s] -- Up-to-date: /root/ROBOT_PROJECT_V2_ws/install/ROBOT_PROJECT_VERSION_02/share/ROBOT_PROJECT_VERSION_02/config/map_01.rviz
[0.045s] -- Up-to-date: /root/ROBOT_PROJECT_V2_ws/install/ROBOT_PROJECT_VERSION_02/share/ROBOT_PROJECT_VERSION_02/config/empty.yaml
[0.045s] -- Up-to-date: /root/ROBOT_PROJECT_V2_ws/install/ROBOT_PROJECT_VERSION_02/share/ROBOT_PROJECT_VERSION_02/config/twist_mux.yaml
[0.045s] -- Up-to-date: /root/ROBOT_PROJECT_V2_ws/install/ROBOT_PROJECT_VERSION_02/share/ROBOT_PROJECT_VERSION_02/config/mapper_params_offline.yaml
[0.045s] -- Up-to-date: /root/ROBOT_PROJECT_V2_ws/install/ROBOT_PROJECT_VERSION_02/share/ROBOT_PROJECT_VERSION_02/config/empty.yaml:Zone - Copy.Identifier:Zone.Identifier
[0.045s] -- Up-to-date: /root/ROBOT_PROJECT_V2_ws/install/ROBOT_PROJECT_VERSION_02/share/ROBOT_PROJECT_VERSION_02/config/mapper_params_online_async.yaml
[0.045s] -- Up-to-date: /root/ROBOT_PROJECT_V2_ws/install/ROBOT_PROJECT_VERSION_02/share/ROBOT_PROJECT_VERSION_02/config/mapper_params_lifelong.yaml:Zone - Copy.Identifier:Zone.Identifier
[0.045s] -- Up-to-date: /root/ROBOT_PROJECT_V2_ws/install/ROBOT_PROJECT_VERSION_02/share/ROBOT_PROJECT_VERSION_02/config/mapper_params_lifelong.yaml:Zone - Copy.Identifier
[0.046s] -- Up-to-date: /root/ROBOT_PROJECT_V2_ws/install/ROBOT_PROJECT_VERSION_02/share/ROBOT_PROJECT_VERSION_02/config/mapper_params_lifelong.yaml
[0.046s] -- Up-to-date: /root/ROBOT_PROJECT_V2_ws/install/ROBOT_PROJECT_VERSION_02/share/ROBOT_PROJECT_VERSION_02/config/slam_toolbox_default.rviz:Zone.Identifier:Zone.Identifier
[0.046s] -- Up-to-date: /root/ROBOT_PROJECT_V2_ws/install/ROBOT_PROJECT_VERSION_02/share/ROBOT_PROJECT_VERSION_02/config/slam_toolbox_default.rviz:Zone.Identifier
[0.046s] -- Up-to-date: /root/ROBOT_PROJECT_V2_ws/install/ROBOT_PROJECT_VERSION_02/share/ROBOT_PROJECT_VERSION_02/config/mapper_params_lifelong.yaml:Zone.Identifier
[0.046s] -- Up-to-date: /root/ROBOT_PROJECT_V2_ws/install/ROBOT_PROJECT_VERSION_02/share/ROBOT_PROJECT_VERSION_02/config/mapper_params_offline.yaml:Zone - Copy.Identifier
[0.046s] -- Up-to-date: /root/ROBOT_PROJECT_V2_ws/install/ROBOT_PROJECT_VERSION_02/share/ROBOT_PROJECT_VERSION_02/config/empty.yaml:Zone.Identifier
[0.046s] -- Up-to-date: /root/ROBOT_PROJECT_V2_ws/install/ROBOT_PROJECT_VERSION_02/share/ROBOT_PROJECT_VERSION_02/config/mapper_params_localization.yaml
[0.046s] -- Up-to-date: /root/ROBOT_PROJECT_V2_ws/install/ROBOT_PROJECT_VERSION_02/share/ROBOT_PROJECT_VERSION_02/config/slam_toolbox_default.rviz:Zone.Identifier:Zone.Identifier:Zone.Identifier
[0.046s] -- Up-to-date: /root/ROBOT_PROJECT_V2_ws/install/ROBOT_PROJECT_VERSION_02/share/ROBOT_PROJECT_VERSION_02/config/map_01.rviz:Zone.Identifier
[0.047s] -- Up-to-date: /root/ROBOT_PROJECT_V2_ws/install/ROBOT_PROJECT_VERSION_02/share/ROBOT_PROJECT_VERSION_02/config/mapper_params_online_sync.yaml:Zone.Identifier:Zone.Identifier
[0.047s] -- Up-to-date: /root/ROBOT_PROJECT_V2_ws/install/ROBOT_PROJECT_VERSION_02/share/ROBOT_PROJECT_VERSION_02/config/mapper_params_online_async.yaml:Zone - Copy.Identifier
[0.047s] -- Up-to-date: /root/ROBOT_PROJECT_V2_ws/install/ROBOT_PROJECT_VERSION_02/share/ROBOT_PROJECT_VERSION_02/config/mapper_params_offline.yaml:Zone - Copy.Identifier:Zone.Identifier
[0.047s] -- Up-to-date: /root/ROBOT_PROJECT_V2_ws/install/ROBOT_PROJECT_VERSION_02/share/ROBOT_PROJECT_VERSION_02/config/mapper_params_online_sync.yaml:Zone.Identifier:Zone.Identifier:Zone.Identifier
[0.047s] -- Up-to-date: /root/ROBOT_PROJECT_V2_ws/install/ROBOT_PROJECT_VERSION_02/share/ROBOT_PROJECT_VERSION_02/config/mapper_params_localization.yaml:Zone.Identifier
[0.047s] -- Up-to-date: /root/ROBOT_PROJECT_V2_ws/install/ROBOT_PROJECT_VERSION_02/share/ROBOT_PROJECT_VERSION_02/config/mapper_params_online_sync.yaml:Zone.Identifier
[0.047s] -- Up-to-date: /root/ROBOT_PROJECT_V2_ws/install/ROBOT_PROJECT_VERSION_02/share/ROBOT_PROJECT_VERSION_02/config/mapper_params_online_sync.yaml
[0.048s] -- Up-to-date: /root/ROBOT_PROJECT_V2_ws/install/ROBOT_PROJECT_VERSION_02/share/ROBOT_PROJECT_VERSION_02/config/map_01.rviz:Zone - Copy.Identifier
[0.048s] -- Up-to-date: /root/ROBOT_PROJECT_V2_ws/install/ROBOT_PROJECT_VERSION_02/share/ROBOT_PROJECT_VERSION_02/config/mapper_params_localization.yaml:Zone - Copy.Identifier:Zone.Identifier
[0.048s] -- Up-to-date: /root/ROBOT_PROJECT_V2_ws/install/ROBOT_PROJECT_VERSION_02/share/ROBOT_PROJECT_VERSION_02/config/mapper_params_localization.yaml:Zone - Copy.Identifier
[0.048s] -- Up-to-date: /root/ROBOT_PROJECT_V2_ws/install/ROBOT_PROJECT_VERSION_02/share/ROBOT_PROJECT_VERSION_02/config/twist_mux.yaml:Zone.Identifier:Zone.Identifier
[0.048s] -- Up-to-date: /root/ROBOT_PROJECT_V2_ws/install/ROBOT_PROJECT_VERSION_02/share/ROBOT_PROJECT_VERSION_02/config/mapper_params_offline.yaml:Zone.Identifier
[0.048s] -- Up-to-date: /root/ROBOT_PROJECT_V2_ws/install/ROBOT_PROJECT_VERSION_02/share/ROBOT_PROJECT_VERSION_02/config/slam_toolbox_default.rviz
[0.048s] -- Up-to-date: /root/ROBOT_PROJECT_V2_ws/install/ROBOT_PROJECT_VERSION_02/share/ROBOT_PROJECT_VERSION_02/config/mapper_params_online_async.yaml:Zone - Copy.Identifier:Zone.Identifier
[0.048s] -- Up-to-date: /root/ROBOT_PROJECT_V2_ws/install/ROBOT_PROJECT_VERSION_02/share/ROBOT_PROJECT_VERSION_02/config/mapper_params_online_async.yaml:Zone.Identifier
[0.048s] -- Up-to-date: /root/ROBOT_PROJECT_V2_ws/install/ROBOT_PROJECT_VERSION_02/share/ROBOT_PROJECT_VERSION_02/config/map_01.rviz:Zone - Copy.Identifier:Zone.Identifier
[0.048s] -- Up-to-date: /root/ROBOT_PROJECT_V2_ws/install/ROBOT_PROJECT_VERSION_02/share/ROBOT_PROJECT_VERSION_02/config/empty.yaml:Zone - Copy.Identifier
[0.048s] -- Up-to-date: /root/ROBOT_PROJECT_V2_ws/install/ROBOT_PROJECT_VERSION_02/share/ROBOT_PROJECT_VERSION_02/description
[0.048s] -- Up-to-date: /root/ROBOT_PROJECT_V2_ws/install/ROBOT_PROJECT_VERSION_02/share/ROBOT_PROJECT_VERSION_02/description/model.sdf
[0.048s] -- Up-to-date: /root/ROBOT_PROJECT_V2_ws/install/ROBOT_PROJECT_VERSION_02/share/ROBOT_PROJECT_VERSION_02/description/model - Copy.xacro:Zone.Identifier:Zone.Identifier
[0.049s] -- Up-to-date: /root/ROBOT_PROJECT_V2_ws/install/ROBOT_PROJECT_VERSION_02/share/ROBOT_PROJECT_VERSION_02/description/model - Copy.sdf:Zone.Identifier:Zone.Identifier
[0.049s] -- Up-to-date: /root/ROBOT_PROJECT_V2_ws/install/ROBOT_PROJECT_VERSION_02/share/ROBOT_PROJECT_VERSION_02/description/inertial_macros.xacro
[0.049s] -- Up-to-date: /root/ROBOT_PROJECT_V2_ws/install/ROBOT_PROJECT_VERSION_02/share/ROBOT_PROJECT_VERSION_02/description/install
[0.049s] -- Up-to-date: /root/ROBOT_PROJECT_V2_ws/install/ROBOT_PROJECT_VERSION_02/share/ROBOT_PROJECT_VERSION_02/description/install/COLCON_IGNORE:Zone - Copy.Identifier
[0.049s] -- Up-to-date: /root/ROBOT_PROJECT_V2_ws/install/ROBOT_PROJECT_VERSION_02/share/ROBOT_PROJECT_VERSION_02/description/install/.colcon_install_layout:Zone.Identifier
[0.049s] -- Up-to-date: /root/ROBOT_PROJECT_V2_ws/install/ROBOT_PROJECT_VERSION_02/share/ROBOT_PROJECT_VERSION_02/description/install/COLCON_IGNORE
[0.049s] -- Up-to-date: /root/ROBOT_PROJECT_V2_ws/install/ROBOT_PROJECT_VERSION_02/share/ROBOT_PROJECT_VERSION_02/description/install/.colcon_install_layout
[0.049s] -- Up-to-date: /root/ROBOT_PROJECT_V2_ws/install/ROBOT_PROJECT_VERSION_02/share/ROBOT_PROJECT_VERSION_02/description/install/COLCON_IGNORE:Zone - Copy.Identifier:Zone.Identifier
[0.049s] -- Up-to-date: /root/ROBOT_PROJECT_V2_ws/install/ROBOT_PROJECT_VERSION_02/share/ROBOT_PROJECT_VERSION_02/description/install/COLCON_IGNORE:Zone.Identifier
[0.049s] -- Up-to-date: /root/ROBOT_PROJECT_V2_ws/install/ROBOT_PROJECT_VERSION_02/share/ROBOT_PROJECT_VERSION_02/description/install/.colcon_install_layout:Zone.Identifier:Zone.Identifier
[0.052s] -- Up-to-date: /root/ROBOT_PROJECT_V2_ws/install/ROBOT_PROJECT_VERSION_02/share/ROBOT_PROJECT_VERSION_02/description/model.config
[0.053s] -- Up-to-date: /root/ROBOT_PROJECT_V2_ws/install/ROBOT_PROJECT_VERSION_02/share/ROBOT_PROJECT_VERSION_02/description/robot.urdf.xacro
[0.053s] -- Up-to-date: /root/ROBOT_PROJECT_V2_ws/install/ROBOT_PROJECT_VERSION_02/share/ROBOT_PROJECT_VERSION_02/description/robot.urdf.xacro:Zone.Identifier
[0.053s] -- Up-to-date: /root/ROBOT_PROJECT_V2_ws/install/ROBOT_PROJECT_VERSION_02/share/ROBOT_PROJECT_VERSION_02/description/lidar.xacro
[0.053s] -- Up-to-date: /root/ROBOT_PROJECT_V2_ws/install/ROBOT_PROJECT_VERSION_02/share/ROBOT_PROJECT_VERSION_02/description/model_test.xacro
[0.053s] -- Up-to-date: /root/ROBOT_PROJECT_V2_ws/install/ROBOT_PROJECT_VERSION_02/share/ROBOT_PROJECT_VERSION_02/description/model.xacro:Zone.Identifier
[0.053s] -- Up-to-date: /root/ROBOT_PROJECT_V2_ws/install/ROBOT_PROJECT_VERSION_02/share/ROBOT_PROJECT_VERSION_02/description/lidar.xacro:Zone.Identifier
[0.053s] -- Up-to-date: /root/ROBOT_PROJECT_V2_ws/install/ROBOT_PROJECT_VERSION_02/share/ROBOT_PROJECT_VERSION_02/description/model.xacro
[0.053s] -- Up-to-date: /root/ROBOT_PROJECT_V2_ws/install/ROBOT_PROJECT_VERSION_02/share/ROBOT_PROJECT_VERSION_02/description/Robot_core.xacro:Zone.Identifier
[0.053s] -- Up-to-date: /root/ROBOT_PROJECT_V2_ws/install/ROBOT_PROJECT_VERSION_02/share/ROBOT_PROJECT_VERSION_02/description/model.sdf:Zone.Identifier
[0.053s] -- Up-to-date: /root/ROBOT_PROJECT_V2_ws/install/ROBOT_PROJECT_VERSION_02/share/ROBOT_PROJECT_VERSION_02/description/Map.xacro
[0.053s] -- Up-to-date: /root/ROBOT_PROJECT_V2_ws/install/ROBOT_PROJECT_VERSION_02/share/ROBOT_PROJECT_VERSION_02/description/model - Copy.sdf:Zone.Identifier
[0.053s] -- Up-to-date: /root/ROBOT_PROJECT_V2_ws/install/ROBOT_PROJECT_VERSION_02/share/ROBOT_PROJECT_VERSION_02/description/inertial_macros.xacro:Zone.Identifier
[0.054s] -- Up-to-date: /root/ROBOT_PROJECT_V2_ws/install/ROBOT_PROJECT_VERSION_02/share/ROBOT_PROJECT_VERSION_02/description/model_test.xacro:Zone.Identifier
[0.054s] -- Up-to-date: /root/ROBOT_PROJECT_V2_ws/install/ROBOT_PROJECT_VERSION_02/share/ROBOT_PROJECT_VERSION_02/description/model - Copy.xacro:Zone.Identifier
[0.054s] -- Up-to-date: /root/ROBOT_PROJECT_V2_ws/install/ROBOT_PROJECT_VERSION_02/share/ROBOT_PROJECT_VERSION_02/description/model.config:Zone.Identifier
[0.054s] -- Up-to-date: /root/ROBOT_PROJECT_V2_ws/install/ROBOT_PROJECT_VERSION_02/share/ROBOT_PROJECT_VERSION_02/description/gazebo_control.xacro
[0.054s] -- Up-to-date: /root/ROBOT_PROJECT_V2_ws/install/ROBOT_PROJECT_VERSION_02/share/ROBOT_PROJECT_VERSION_02/description/gazebo_control.xacro:Zone.Identifier
[0.054s] -- Up-to-date: /root/ROBOT_PROJECT_V2_ws/install/ROBOT_PROJECT_VERSION_02/share/ROBOT_PROJECT_VERSION_02/description/build
[0.054s] -- Up-to-date: /root/ROBOT_PROJECT_V2_ws/install/ROBOT_PROJECT_VERSION_02/share/ROBOT_PROJECT_VERSION_02/description/build/COLCON_IGNORE:Zone - Copy.Identifier
[0.054s] -- Up-to-date: /root/ROBOT_PROJECT_V2_ws/install/ROBOT_PROJECT_VERSION_02/share/ROBOT_PROJECT_VERSION_02/description/build/.built_by:Zone.Identifier
[0.054s] -- Up-to-date: /root/ROBOT_PROJECT_V2_ws/install/ROBOT_PROJECT_VERSION_02/share/ROBOT_PROJECT_VERSION_02/description/build/COLCON_IGNORE
[0.054s] -- Up-to-date: /root/ROBOT_PROJECT_V2_ws/install/ROBOT_PROJECT_VERSION_02/share/ROBOT_PROJECT_VERSION_02/description/build/COLCON_IGNORE:Zone - Copy.Identifier:Zone.Identifier
[0.054s] -- Up-to-date: /root/ROBOT_PROJECT_V2_ws/install/ROBOT_PROJECT_VERSION_02/share/ROBOT_PROJECT_VERSION_02/description/build/COLCON_IGNORE:Zone.Identifier
[0.054s] -- Up-to-date: /root/ROBOT_PROJECT_V2_ws/install/ROBOT_PROJECT_VERSION_02/share/ROBOT_PROJECT_VERSION_02/description/build/.built_by:Zone.Identifier:Zone.Identifier
[0.054s] -- Up-to-date: /root/ROBOT_PROJECT_V2_ws/install/ROBOT_PROJECT_VERSION_02/share/ROBOT_PROJECT_VERSION_02/description/build/.built_by
[0.055s] -- Up-to-date: /root/ROBOT_PROJECT_V2_ws/install/ROBOT_PROJECT_VERSION_02/share/ROBOT_PROJECT_VERSION_02/description/log
[0.055s] -- Up-to-date: /root/ROBOT_PROJECT_V2_ws/install/ROBOT_PROJECT_VERSION_02/share/ROBOT_PROJECT_VERSION_02/description/log/COLCON_IGNORE:Zone - Copy.Identifier
[0.055s] -- Up-to-date: /root/ROBOT_PROJECT_V2_ws/install/ROBOT_PROJECT_VERSION_02/share/ROBOT_PROJECT_VERSION_02/description/log/latest:Zone.Identifier
[0.055s] -- Up-to-date: /root/ROBOT_PROJECT_V2_ws/install/ROBOT_PROJECT_VERSION_02/share/ROBOT_PROJECT_VERSION_02/description/log/COLCON_IGNORE
[0.055s] -- Up-to-date: /root/ROBOT_PROJECT_V2_ws/install/ROBOT_PROJECT_VERSION_02/share/ROBOT_PROJECT_VERSION_02/description/log/latest_build:Zone.Identifier
[0.055s] -- Up-to-date: /root/ROBOT_PROJECT_V2_ws/install/ROBOT_PROJECT_VERSION_02/share/ROBOT_PROJECT_VERSION_02/description/log/COLCON_IGNORE:Zone - Copy.Identifier:Zone.Identifier
[0.055s] -- Up-to-date: /root/ROBOT_PROJECT_V2_ws/install/ROBOT_PROJECT_VERSION_02/share/ROBOT_PROJECT_VERSION_02/description/log/COLCON_IGNORE:Zone.Identifier
[0.055s] -- Up-to-date: /root/ROBOT_PROJECT_V2_ws/install/ROBOT_PROJECT_VERSION_02/share/ROBOT_PROJECT_VERSION_02/description/log/build_2024-12-24_16-32-04
[0.055s] -- Up-to-date: /root/ROBOT_PROJECT_V2_ws/install/ROBOT_PROJECT_VERSION_02/share/ROBOT_PROJECT_VERSION_02/description/log/build_2024-12-24_16-32-04/events.log
[0.056s] -- Up-to-date: /root/ROBOT_PROJECT_V2_ws/install/ROBOT_PROJECT_VERSION_02/share/ROBOT_PROJECT_VERSION_02/description/log/build_2024-12-24_16-32-04/events.log:Zone - Copy.Identifier:Zone.Identifier
[0.056s] -- Up-to-date: /root/ROBOT_PROJECT_V2_ws/install/ROBOT_PROJECT_VERSION_02/share/ROBOT_PROJECT_VERSION_02/description/log/build_2024-12-24_16-32-04/events.log:Zone.Identifier
[0.056s] -- Up-to-date: /root/ROBOT_PROJECT_V2_ws/install/ROBOT_PROJECT_VERSION_02/share/ROBOT_PROJECT_VERSION_02/description/log/build_2024-12-24_16-32-04/logger_all.log
[0.056s] -- Up-to-date: /root/ROBOT_PROJECT_V2_ws/install/ROBOT_PROJECT_VERSION_02/share/ROBOT_PROJECT_VERSION_02/description/log/build_2024-12-24_16-32-04/logger_all.log:Zone - Copy.Identifier
[0.056s] -- Up-to-date: /root/ROBOT_PROJECT_V2_ws/install/ROBOT_PROJECT_VERSION_02/share/ROBOT_PROJECT_VERSION_02/description/log/build_2024-12-24_16-32-04/logger_all.log:Zone - Copy.Identifier:Zone.Identifier
[0.056s] -- Up-to-date: /root/ROBOT_PROJECT_V2_ws/install/ROBOT_PROJECT_VERSION_02/share/ROBOT_PROJECT_VERSION_02/description/log/build_2024-12-24_16-32-04/events.log:Zone - Copy.Identifier
[0.056s] -- Up-to-date: /root/ROBOT_PROJECT_V2_ws/install/ROBOT_PROJECT_VERSION_02/share/ROBOT_PROJECT_VERSION_02/description/log/build_2024-12-24_16-32-04/logger_all.log:Zone.Identifier
[0.056s] -- Up-to-date: /root/ROBOT_PROJECT_V2_ws/install/ROBOT_PROJECT_VERSION_02/share/ROBOT_PROJECT_VERSION_02/description/log/latest_build
[0.056s] -- Up-to-date: /root/ROBOT_PROJECT_V2_ws/install/ROBOT_PROJECT_VERSION_02/share/ROBOT_PROJECT_VERSION_02/description/log/latest
[0.056s] -- Up-to-date: /root/ROBOT_PROJECT_V2_ws/install/ROBOT_PROJECT_VERSION_02/share/ROBOT_PROJECT_VERSION_02/launch
[0.056s] -- Up-to-date: /root/ROBOT_PROJECT_V2_ws/install/ROBOT_PROJECT_VERSION_02/share/ROBOT_PROJECT_VERSION_02/launch/rsp.launch.py:Zone - Copy.Identifier
[0.056s] -- Up-to-date: /root/ROBOT_PROJECT_V2_ws/install/ROBOT_PROJECT_VERSION_02/share/ROBOT_PROJECT_VERSION_02/launch/rsp.launch.py
[0.056s] -- Up-to-date: /root/ROBOT_PROJECT_V2_ws/install/ROBOT_PROJECT_VERSION_02/share/ROBOT_PROJECT_VERSION_02/launch/launch_sim.launch.py:Zone - Copy.Identifier:Zone.Identifier
[0.057s] -- Up-to-date: /root/ROBOT_PROJECT_V2_ws/install/ROBOT_PROJECT_VERSION_02/share/ROBOT_PROJECT_VERSION_02/launch/rsp.launch.py:Zone.Identifier
[0.057s] -- Up-to-date: /root/ROBOT_PROJECT_V2_ws/install/ROBOT_PROJECT_VERSION_02/share/ROBOT_PROJECT_VERSION_02/launch/launch_sim.launch.py
[0.057s] -- Up-to-date: /root/ROBOT_PROJECT_V2_ws/install/ROBOT_PROJECT_VERSION_02/share/ROBOT_PROJECT_VERSION_02/launch/launch_sim.launch.py:Zone.Identifier
[0.057s] -- Up-to-date: /root/ROBOT_PROJECT_V2_ws/install/ROBOT_PROJECT_VERSION_02/share/ROBOT_PROJECT_VERSION_02/launch/launch_sim.launch.py:Zone - Copy.Identifier
[0.057s] -- Up-to-date: /root/ROBOT_PROJECT_V2_ws/install/ROBOT_PROJECT_VERSION_02/share/ROBOT_PROJECT_VERSION_02/launch/rsp.launch.py:Zone - Copy.Identifier:Zone.Identifier
[0.057s] -- Up-to-date: /root/ROBOT_PROJECT_V2_ws/install/ROBOT_PROJECT_VERSION_02/share/ROBOT_PROJECT_VERSION_02/worlds
[0.057s] -- Up-to-date: /root/ROBOT_PROJECT_V2_ws/install/ROBOT_PROJECT_VERSION_02/share/ROBOT_PROJECT_VERSION_02/worlds/World_01
[0.057s] -- Up-to-date: /root/ROBOT_PROJECT_V2_ws/install/ROBOT_PROJECT_VERSION_02/share/ROBOT_PROJECT_VERSION_02/worlds/empty.world:Zone - Copy.Identifier:Zone.Identifier
[0.057s] -- Up-to-date: /root/ROBOT_PROJECT_V2_ws/install/ROBOT_PROJECT_VERSION_02/share/ROBOT_PROJECT_VERSION_02/worlds/empty.world
[0.057s] -- Up-to-date: /root/ROBOT_PROJECT_V2_ws/install/ROBOT_PROJECT_VERSION_02/share/ROBOT_PROJECT_VERSION_02/worlds/empty.world:Zone.Identifier
[0.057s] -- Up-to-date: /root/ROBOT_PROJECT_V2_ws/install/ROBOT_PROJECT_VERSION_02/share/ROBOT_PROJECT_VERSION_02/worlds/World_01:Zone.Identifier
[0.057s] -- Up-to-date: /root/ROBOT_PROJECT_V2_ws/install/ROBOT_PROJECT_VERSION_02/share/ROBOT_PROJECT_VERSION_02/worlds/empty.world:Zone - Copy.Identifier
[0.058s] -- Up-to-date: /root/ROBOT_PROJECT_V2_ws/install/ROBOT_PROJECT_VERSION_02/share/ament_index/resource_index/package_run_dependencies/ROBOT_PROJECT_VERSION_02
[0.058s] -- Up-to-date: /root/ROBOT_PROJECT_V2_ws/install/ROBOT_PROJECT_VERSION_02/share/ament_index/resource_index/parent_prefix_path/ROBOT_PROJECT_VERSION_02
[0.058s] -- Up-to-date: /root/ROBOT_PROJECT_V2_ws/install/ROBOT_PROJECT_VERSION_02/share/ROBOT_PROJECT_VERSION_02/environment/ament_prefix_path.sh
[0.058s] -- Up-to-date: /root/ROBOT_PROJECT_V2_ws/install/ROBOT_PROJECT_VERSION_02/share/ROBOT_PROJECT_VERSION_02/environment/ament_prefix_path.dsv
[0.058s] -- Up-to-date: /root/ROBOT_PROJECT_V2_ws/install/ROBOT_PROJECT_VERSION_02/share/ROBOT_PROJECT_VERSION_02/environment/path.sh
[0.058s] -- Up-to-date: /root/ROBOT_PROJECT_V2_ws/install/ROBOT_PROJECT_VERSION_02/share/ROBOT_PROJECT_VERSION_02/environment/path.dsv
[0.058s] -- Up-to-date: /root/ROBOT_PROJECT_V2_ws/install/ROBOT_PROJECT_VERSION_02/share/ROBOT_PROJECT_VERSION_02/local_setup.bash
[0.058s] -- Up-to-date: /root/ROBOT_PROJECT_V2_ws/install/ROBOT_PROJECT_VERSION_02/share/ROBOT_PROJECT_VERSION_02/local_setup.sh
[0.058s] -- Up-to-date: /root/ROBOT_PROJECT_V2_ws/install/ROBOT_PROJECT_VERSION_02/share/ROBOT_PROJECT_VERSION_02/local_setup.zsh
[0.059s] -- Up-to-date: /root/ROBOT_PROJECT_V2_ws/install/ROBOT_PROJECT_VERSION_02/share/ROBOT_PROJECT_VERSION_02/local_setup.dsv
[0.059s] -- Installing: /root/ROBOT_PROJECT_V2_ws/install/ROBOT_PROJECT_VERSION_02/share/ROBOT_PROJECT_VERSION_02/package.dsv
[0.059s] -- Up-to-date: /root/ROBOT_PROJECT_V2_ws/install/ROBOT_PROJECT_VERSION_02/share/ament_index/resource_index/packages/ROBOT_PROJECT_VERSION_02
[0.059s] -- Up-to-date: /root/ROBOT_PROJECT_V2_ws/install/ROBOT_PROJECT_VERSION_02/share/ROBOT_PROJECT_VERSION_02/cmake/ROBOT_PROJECT_VERSION_02Config.cmake
[0.059s] -- Up-to-date: /root/ROBOT_PROJECT_V2_ws/install/ROBOT_PROJECT_VERSION_02/share/ROBOT_PROJECT_VERSION_02/cmake/ROBOT_PROJECT_VERSION_02Config-version.cmake
[0.059s] -- Up-to-date: /root/ROBOT_PROJECT_V2_ws/install/ROBOT_PROJECT_VERSION_02/share/ROBOT_PROJECT_VERSION_02/package.xml
[0.059s] Invoked command in '/root/ROBOT_PROJECT_V2_ws/build/ROBOT_PROJECT_VERSION_02' returned '0': CMAKE_PREFIX_PATH=${CMAKE_PREFIX_PATH}:/root/turtlebot3_ws/install/turtlebot3_teleop:/root/turtlebot3_ws/install/turtlebot3_example:/opt/ros/humble /usr/bin/cmake --install /root/ROBOT_PROJECT_V2_ws/build/ROBOT_PROJECT_VERSION_02
