[0.650s] DEBUG:colcon:Command line arguments: ['/usr/bin/colcon', 'build']
[0.650s] DEBUG:colcon:Parsed command line arguments: Namespace(log_base=None, log_level=None, verb_name='build', build_base='build', install_base='install', merge_install=False, symlink_install=False, test_result_base=None, continue_on_error=False, executor='parallel', parallel_workers=16, event_handlers=None, ignore_user_meta=False, metas=['./colcon.meta'], base_paths=['.'], packages_ignore=None, packages_ignore_regex=None, paths=None, packages_up_to=None, packages_up_to_regex=None, packages_above=None, packages_above_and_dependencies=None, packages_above_depth=None, packages_select_by_dep=None, packages_skip_by_dep=None, packages_skip_up_to=None, packages_select_build_failed=False, packages_skip_build_finished=False, packages_select_test_failures=False, packages_skip_test_passed=False, packages_select=None, packages_skip=None, packages_select_regex=None, packages_skip_regex=None, packages_start=None, packages_end=None, allow_overriding=[], cmake_args=None, cmake_target=None, cmake_target_skip_unavailable=False, cmake_clean_cache=False, cmake_clean_first=False, cmake_force_configure=False, ament_cmake_args=None, catkin_cmake_args=None, catkin_skip_building_tests=False, mixin_files=None, mixin=None, verb_parser=<colcon_mixin.mixin.mixin_argument.MixinArgumentDecorator object at 0x7f6625b0a6b0>, verb_extension=<colcon_core.verb.build.BuildVerb object at 0x7f6625b09cf0>, main=<bound method BuildVerb.main of <colcon_core.verb.build.BuildVerb object at 0x7f6625b09cf0>>, mixin_verb=('build',))
[1.034s] Level 1:colcon.colcon_core.package_discovery:discover_packages(colcon_meta) check parameters
[1.035s] Level 1:colcon.colcon_core.package_discovery:discover_packages(recursive) check parameters
[1.035s] Level 1:colcon.colcon_core.package_discovery:discover_packages(ignore) check parameters
[1.035s] Level 1:colcon.colcon_core.package_discovery:discover_packages(path) check parameters
[1.035s] Level 1:colcon.colcon_core.package_discovery:discover_packages(colcon_meta) discover
[1.035s] Level 1:colcon.colcon_core.package_discovery:discover_packages(recursive) discover
[1.035s] INFO:colcon.colcon_core.package_discovery:Crawling recursively for packages in '/root/ROBOT_PROJECT_V2_ws'
[1.035s] Level 1:colcon.colcon_core.package_identification:_identify(.) by extensions ['ignore', 'ignore_ament_install']
[1.035s] Level 1:colcon.colcon_core.package_identification:_identify(.) by extension 'ignore'
[1.035s] Level 1:colcon.colcon_core.package_identification:_identify(.) by extension 'ignore_ament_install'
[1.035s] Level 1:colcon.colcon_core.package_identification:_identify(.) by extensions ['colcon_pkg']
[1.035s] Level 1:colcon.colcon_core.package_identification:_identify(.) by extension 'colcon_pkg'
[1.035s] Level 1:colcon.colcon_core.package_identification:_identify(.) by extensions ['colcon_meta']
[1.035s] Level 1:colcon.colcon_core.package_identification:_identify(.) by extension 'colcon_meta'
[1.035s] Level 1:colcon.colcon_core.package_identification:_identify(.) by extensions ['ros']
[1.035s] Level 1:colcon.colcon_core.package_identification:_identify(.) by extension 'ros'
[1.049s] Level 1:colcon.colcon_core.package_identification:_identify(.) by extensions ['cmake', 'python']
[1.049s] Level 1:colcon.colcon_core.package_identification:_identify(.) by extension 'cmake'
[1.049s] Level 1:colcon.colcon_core.package_identification:_identify(.) by extension 'python'
[1.049s] Level 1:colcon.colcon_core.package_identification:_identify(.) by extensions ['python_setup_py']
[1.049s] Level 1:colcon.colcon_core.package_identification:_identify(.) by extension 'python_setup_py'
[1.050s] Level 1:colcon.colcon_core.package_identification:_identify(ROBOT_PROJECT_VERSION_02) by extensions ['ignore', 'ignore_ament_install']
[1.050s] Level 1:colcon.colcon_core.package_identification:_identify(ROBOT_PROJECT_VERSION_02) by extension 'ignore'
[1.050s] Level 1:colcon.colcon_core.package_identification:_identify(ROBOT_PROJECT_VERSION_02) by extension 'ignore_ament_install'
[1.050s] Level 1:colcon.colcon_core.package_identification:_identify(ROBOT_PROJECT_VERSION_02) by extensions ['colcon_pkg']
[1.050s] Level 1:colcon.colcon_core.package_identification:_identify(ROBOT_PROJECT_VERSION_02) by extension 'colcon_pkg'
[1.050s] Level 1:colcon.colcon_core.package_identification:_identify(ROBOT_PROJECT_VERSION_02) by extensions ['colcon_meta']
[1.050s] Level 1:colcon.colcon_core.package_identification:_identify(ROBOT_PROJECT_VERSION_02) by extension 'colcon_meta'
[1.050s] Level 1:colcon.colcon_core.package_identification:_identify(ROBOT_PROJECT_VERSION_02) by extensions ['ros']
[1.050s] Level 1:colcon.colcon_core.package_identification:_identify(ROBOT_PROJECT_VERSION_02) by extension 'ros'
[1.054s] DEBUG:colcon.colcon_core.package_identification:Package 'ROBOT_PROJECT_VERSION_02' with type 'ros.ament_cmake' and name 'articubot_one'
[1.054s] Level 1:colcon.colcon_core.package_identification:_identify(build) by extensions ['ignore', 'ignore_ament_install']
[1.054s] Level 1:colcon.colcon_core.package_identification:_identify(build) by extension 'ignore'
[1.054s] Level 1:colcon.colcon_core.package_identification:_identify(build) ignored
[1.054s] Level 1:colcon.colcon_core.package_identification:_identify(install) by extensions ['ignore', 'ignore_ament_install']
[1.054s] Level 1:colcon.colcon_core.package_identification:_identify(install) by extension 'ignore'
[1.054s] Level 1:colcon.colcon_core.package_identification:_identify(install) ignored
[1.054s] Level 1:colcon.colcon_core.package_identification:_identify(log) by extensions ['ignore', 'ignore_ament_install']
[1.054s] Level 1:colcon.colcon_core.package_identification:_identify(log) by extension 'ignore'
[1.054s] Level 1:colcon.colcon_core.package_identification:_identify(log) ignored
[1.054s] Level 1:colcon.colcon_core.package_identification:_identify(src) by extensions ['ignore', 'ignore_ament_install']
[1.055s] Level 1:colcon.colcon_core.package_identification:_identify(src) by extension 'ignore'
[1.055s] Level 1:colcon.colcon_core.package_identification:_identify(src) by extension 'ignore_ament_install'
[1.055s] Level 1:colcon.colcon_core.package_identification:_identify(src) by extensions ['colcon_pkg']
[1.055s] Level 1:colcon.colcon_core.package_identification:_identify(src) by extension 'colcon_pkg'
[1.055s] Level 1:colcon.colcon_core.package_identification:_identify(src) by extensions ['colcon_meta']
[1.055s] Level 1:colcon.colcon_core.package_identification:_identify(src) by extension 'colcon_meta'
[1.055s] Level 1:colcon.colcon_core.package_identification:_identify(src) by extensions ['ros']
[1.055s] Level 1:colcon.colcon_core.package_identification:_identify(src) by extension 'ros'
[1.055s] Level 1:colcon.colcon_core.package_identification:_identify(src) by extensions ['cmake', 'python']
[1.055s] Level 1:colcon.colcon_core.package_identification:_identify(src) by extension 'cmake'
[1.055s] Level 1:colcon.colcon_core.package_identification:_identify(src) by extension 'python'
[1.055s] Level 1:colcon.colcon_core.package_identification:_identify(src) by extensions ['python_setup_py']
[1.055s] Level 1:colcon.colcon_core.package_identification:_identify(src) by extension 'python_setup_py'
[1.055s] Level 1:colcon.colcon_core.package_identification:_identify(src/ROBOT_PROJECT_VERSION_02) by extensions ['ignore', 'ignore_ament_install']
[1.055s] Level 1:colcon.colcon_core.package_identification:_identify(src/ROBOT_PROJECT_VERSION_02) by extension 'ignore'
[1.055s] Level 1:colcon.colcon_core.package_identification:_identify(src/ROBOT_PROJECT_VERSION_02) by extension 'ignore_ament_install'
[1.055s] Level 1:colcon.colcon_core.package_identification:_identify(src/ROBOT_PROJECT_VERSION_02) by extensions ['colcon_pkg']
[1.055s] Level 1:colcon.colcon_core.package_identification:_identify(src/ROBOT_PROJECT_VERSION_02) by extension 'colcon_pkg'
[1.055s] Level 1:colcon.colcon_core.package_identification:_identify(src/ROBOT_PROJECT_VERSION_02) by extensions ['colcon_meta']
[1.055s] Level 1:colcon.colcon_core.package_identification:_identify(src/ROBOT_PROJECT_VERSION_02) by extension 'colcon_meta'
[1.055s] Level 1:colcon.colcon_core.package_identification:_identify(src/ROBOT_PROJECT_VERSION_02) by extensions ['ros']
[1.055s] Level 1:colcon.colcon_core.package_identification:_identify(src/ROBOT_PROJECT_VERSION_02) by extension 'ros'
[1.056s] DEBUG:colcon.colcon_core.package_identification:Package 'src/ROBOT_PROJECT_VERSION_02' with type 'ros.ament_cmake' and name 'ROBOT_PROJECT_VERSION_02'
[1.056s] Level 1:colcon.colcon_core.package_discovery:discover_packages(recursive) using defaults
[1.056s] Level 1:colcon.colcon_core.package_discovery:discover_packages(ignore) discover
[1.056s] Level 1:colcon.colcon_core.package_discovery:discover_packages(ignore) using defaults
[1.056s] Level 1:colcon.colcon_core.package_discovery:discover_packages(path) discover
[1.056s] Level 1:colcon.colcon_core.package_discovery:discover_packages(path) using defaults
[1.094s] Level 1:colcon.colcon_core.package_discovery:discover_packages(prefix_path) check parameters
[1.094s] Level 1:colcon.colcon_core.package_discovery:discover_packages(prefix_path) discover
[1.099s] DEBUG:colcon.colcon_installed_package_information.package_discovery:Found 12 installed packages in /root/turtlebot3_ws/install
[1.100s] DEBUG:colcon.colcon_installed_package_information.package_discovery:Found 371 installed packages in /opt/ros/humble
[1.101s] Level 1:colcon.colcon_core.package_discovery:discover_packages(prefix_path) using defaults
[1.183s] Level 5:colcon.colcon_core.verb:set package 'ROBOT_PROJECT_VERSION_02' build argument 'cmake_args' from command line to 'None'
[1.183s] Level 5:colcon.colcon_core.verb:set package 'ROBOT_PROJECT_VERSION_02' build argument 'cmake_target' from command line to 'None'
[1.183s] Level 5:colcon.colcon_core.verb:set package 'ROBOT_PROJECT_VERSION_02' build argument 'cmake_target_skip_unavailable' from command line to 'False'
[1.183s] Level 5:colcon.colcon_core.verb:set package 'ROBOT_PROJECT_VERSION_02' build argument 'cmake_clean_cache' from command line to 'False'
[1.183s] Level 5:colcon.colcon_core.verb:set package 'ROBOT_PROJECT_VERSION_02' build argument 'cmake_clean_first' from command line to 'False'
[1.183s] Level 5:colcon.colcon_core.verb:set package 'ROBOT_PROJECT_VERSION_02' build argument 'cmake_force_configure' from command line to 'False'
[1.183s] Level 5:colcon.colcon_core.verb:set package 'ROBOT_PROJECT_VERSION_02' build argument 'ament_cmake_args' from command line to 'None'
[1.183s] Level 5:colcon.colcon_core.verb:set package 'ROBOT_PROJECT_VERSION_02' build argument 'catkin_cmake_args' from command line to 'None'
[1.183s] Level 5:colcon.colcon_core.verb:set package 'ROBOT_PROJECT_VERSION_02' build argument 'catkin_skip_building_tests' from command line to 'False'
[1.183s] DEBUG:colcon.colcon_core.verb:Building package 'ROBOT_PROJECT_VERSION_02' with the following arguments: {'ament_cmake_args': None, 'build_base': '/root/ROBOT_PROJECT_V2_ws/build/ROBOT_PROJECT_VERSION_02', 'catkin_cmake_args': None, 'catkin_skip_building_tests': False, 'cmake_args': None, 'cmake_clean_cache': False, 'cmake_clean_first': False, 'cmake_force_configure': False, 'cmake_target': None, 'cmake_target_skip_unavailable': False, 'install_base': '/root/ROBOT_PROJECT_V2_ws/install/ROBOT_PROJECT_VERSION_02', 'merge_install': False, 'path': '/root/ROBOT_PROJECT_V2_ws/src/ROBOT_PROJECT_VERSION_02', 'symlink_install': False, 'test_result_base': None}
[1.183s] Level 5:colcon.colcon_core.verb:set package 'articubot_one' build argument 'cmake_args' from command line to 'None'
[1.183s] Level 5:colcon.colcon_core.verb:set package 'articubot_one' build argument 'cmake_target' from command line to 'None'
[1.183s] Level 5:colcon.colcon_core.verb:set package 'articubot_one' build argument 'cmake_target_skip_unavailable' from command line to 'False'
[1.183s] Level 5:colcon.colcon_core.verb:set package 'articubot_one' build argument 'cmake_clean_cache' from command line to 'False'
[1.183s] Level 5:colcon.colcon_core.verb:set package 'articubot_one' build argument 'cmake_clean_first' from command line to 'False'
[1.183s] Level 5:colcon.colcon_core.verb:set package 'articubot_one' build argument 'cmake_force_configure' from command line to 'False'
[1.183s] Level 5:colcon.colcon_core.verb:set package 'articubot_one' build argument 'ament_cmake_args' from command line to 'None'
[1.183s] Level 5:colcon.colcon_core.verb:set package 'articubot_one' build argument 'catkin_cmake_args' from command line to 'None'
[1.184s] Level 5:colcon.colcon_core.verb:set package 'articubot_one' build argument 'catkin_skip_building_tests' from command line to 'False'
[1.184s] DEBUG:colcon.colcon_core.verb:Building package 'articubot_one' with the following arguments: {'ament_cmake_args': None, 'build_base': '/root/ROBOT_PROJECT_V2_ws/build/articubot_one', 'catkin_cmake_args': None, 'catkin_skip_building_tests': False, 'cmake_args': None, 'cmake_clean_cache': False, 'cmake_clean_first': False, 'cmake_force_configure': False, 'cmake_target': None, 'cmake_target_skip_unavailable': False, 'install_base': '/root/ROBOT_PROJECT_V2_ws/install/articubot_one', 'merge_install': False, 'path': '/root/ROBOT_PROJECT_V2_ws/ROBOT_PROJECT_VERSION_02', 'symlink_install': False, 'test_result_base': None}
[1.184s] INFO:colcon.colcon_core.executor:Executing jobs using 'parallel' executor
[1.184s] DEBUG:colcon.colcon_parallel_executor.executor.parallel:run_until_complete
[1.185s] INFO:colcon.colcon_ros.task.ament_cmake.build:Building ROS package in '/root/ROBOT_PROJECT_V2_ws/src/ROBOT_PROJECT_VERSION_02' with build type 'ament_cmake'
[1.185s] INFO:colcon.colcon_cmake.task.cmake.build:Building CMake package in '/root/ROBOT_PROJECT_V2_ws/src/ROBOT_PROJECT_VERSION_02'
[1.194s] INFO:colcon.colcon_core.plugin_system:Skipping extension 'colcon_core.shell.bat': Not used on non-Windows systems
[1.194s] INFO:colcon.colcon_core.shell:Skip shell extension 'powershell' for command environment: Not usable outside of PowerShell
[1.194s] DEBUG:colcon.colcon_core.shell:Skip shell extension 'dsv' for command environment
[1.200s] INFO:colcon.colcon_ros.task.ament_cmake.build:Building ROS package in '/root/ROBOT_PROJECT_V2_ws/ROBOT_PROJECT_VERSION_02' with build type 'ament_cmake'
[1.200s] INFO:colcon.colcon_cmake.task.cmake.build:Building CMake package in '/root/ROBOT_PROJECT_V2_ws/ROBOT_PROJECT_VERSION_02'
[1.200s] INFO:colcon.colcon_core.shell:Skip shell extension 'powershell' for command environment: Not usable outside of PowerShell
[1.201s] DEBUG:colcon.colcon_core.shell:Skip shell extension 'dsv' for command environment
[1.213s] DEBUG:colcon.colcon_core.event_handler.log_command:Invoking command in '/root/ROBOT_PROJECT_V2_ws/build/ROBOT_PROJECT_VERSION_02': CMAKE_PREFIX_PATH=${CMAKE_PREFIX_PATH}:/root/turtlebot3_ws/install/turtlebot3_teleop:/root/turtlebot3_ws/install/turtlebot3_example:/opt/ros/humble /usr/bin/cmake --build /root/ROBOT_PROJECT_V2_ws/build/ROBOT_PROJECT_VERSION_02 -- -j16 -l16
[1.218s] DEBUG:colcon.colcon_core.event_handler.log_command:Invoking command in '/root/ROBOT_PROJECT_V2_ws/build/articubot_one': CMAKE_PREFIX_PATH=${CMAKE_PREFIX_PATH}:/root/turtlebot3_ws/install/turtlebot3_teleop:/root/turtlebot3_ws/install/turtlebot3_example:/opt/ros/humble /usr/bin/cmake --build /root/ROBOT_PROJECT_V2_ws/build/articubot_one -- -j16 -l16
[1.318s] DEBUG:colcon.colcon_core.event_handler.log_command:Invoked command in '/root/ROBOT_PROJECT_V2_ws/build/ROBOT_PROJECT_VERSION_02' returned '0': CMAKE_PREFIX_PATH=${CMAKE_PREFIX_PATH}:/root/turtlebot3_ws/install/turtlebot3_teleop:/root/turtlebot3_ws/install/turtlebot3_example:/opt/ros/humble /usr/bin/cmake --build /root/ROBOT_PROJECT_V2_ws/build/ROBOT_PROJECT_VERSION_02 -- -j16 -l16
[1.326s] DEBUG:colcon.colcon_core.event_handler.log_command:Invoking command in '/root/ROBOT_PROJECT_V2_ws/build/ROBOT_PROJECT_VERSION_02': CMAKE_PREFIX_PATH=${CMAKE_PREFIX_PATH}:/root/turtlebot3_ws/install/turtlebot3_teleop:/root/turtlebot3_ws/install/turtlebot3_example:/opt/ros/humble /usr/bin/cmake --install /root/ROBOT_PROJECT_V2_ws/build/ROBOT_PROJECT_VERSION_02
[1.327s] DEBUG:colcon.colcon_core.event_handler.log_command:Invoked command in '/root/ROBOT_PROJECT_V2_ws/build/articubot_one' returned '0': CMAKE_PREFIX_PATH=${CMAKE_PREFIX_PATH}:/root/turtlebot3_ws/install/turtlebot3_teleop:/root/turtlebot3_ws/install/turtlebot3_example:/opt/ros/humble /usr/bin/cmake --build /root/ROBOT_PROJECT_V2_ws/build/articubot_one -- -j16 -l16
[1.331s] DEBUG:colcon.colcon_core.event_handler.log_command:Invoking command in '/root/ROBOT_PROJECT_V2_ws/build/articubot_one': CMAKE_PREFIX_PATH=${CMAKE_PREFIX_PATH}:/root/turtlebot3_ws/install/turtlebot3_teleop:/root/turtlebot3_ws/install/turtlebot3_example:/opt/ros/humble /usr/bin/cmake --install /root/ROBOT_PROJECT_V2_ws/build/articubot_one
[1.348s] Level 1:colcon.colcon_core.environment:create_environment_scripts_only(articubot_one)
[1.351s] DEBUG:colcon.colcon_core.event_handler.log_command:Invoked command in '/root/ROBOT_PROJECT_V2_ws/build/articubot_one' returned '0': CMAKE_PREFIX_PATH=${CMAKE_PREFIX_PATH}:/root/turtlebot3_ws/install/turtlebot3_teleop:/root/turtlebot3_ws/install/turtlebot3_example:/opt/ros/humble /usr/bin/cmake --install /root/ROBOT_PROJECT_V2_ws/build/articubot_one
[1.363s] Level 1:colcon.colcon_core.environment:checking '/root/ROBOT_PROJECT_V2_ws/install/articubot_one' for CMake module files
[1.363s] Level 1:colcon.colcon_core.environment:checking '/root/ROBOT_PROJECT_V2_ws/install/articubot_one' for CMake config files
[1.365s] Level 1:colcon.colcon_core.shell:create_environment_hook('articubot_one', 'cmake_prefix_path')
[1.365s] INFO:colcon.colcon_core.shell:Creating environment hook '/root/ROBOT_PROJECT_V2_ws/install/articubot_one/share/articubot_one/hook/cmake_prefix_path.ps1'
[1.367s] INFO:colcon.colcon_core.shell:Creating environment descriptor '/root/ROBOT_PROJECT_V2_ws/install/articubot_one/share/articubot_one/hook/cmake_prefix_path.dsv'
[1.368s] INFO:colcon.colcon_core.shell:Creating environment hook '/root/ROBOT_PROJECT_V2_ws/install/articubot_one/share/articubot_one/hook/cmake_prefix_path.sh'
[1.369s] Level 1:colcon.colcon_core.environment:checking '/root/ROBOT_PROJECT_V2_ws/install/articubot_one/bin'
[1.369s] Level 1:colcon.colcon_core.environment:checking '/root/ROBOT_PROJECT_V2_ws/install/articubot_one/lib/pkgconfig/articubot_one.pc'
[1.369s] Level 1:colcon.colcon_core.environment:checking '/root/ROBOT_PROJECT_V2_ws/install/articubot_one/lib/python3.10/site-packages'
[1.369s] Level 1:colcon.colcon_core.environment:checking '/root/ROBOT_PROJECT_V2_ws/install/articubot_one/bin'
[1.369s] INFO:colcon.colcon_core.shell:Creating package script '/root/ROBOT_PROJECT_V2_ws/install/articubot_one/share/articubot_one/package.ps1'
[1.371s] INFO:colcon.colcon_core.shell:Creating package descriptor '/root/ROBOT_PROJECT_V2_ws/install/articubot_one/share/articubot_one/package.dsv'
[1.372s] INFO:colcon.colcon_core.shell:Creating package script '/root/ROBOT_PROJECT_V2_ws/install/articubot_one/share/articubot_one/package.sh'
[1.373s] INFO:colcon.colcon_core.shell:Creating package script '/root/ROBOT_PROJECT_V2_ws/install/articubot_one/share/articubot_one/package.bash'
[1.375s] INFO:colcon.colcon_core.shell:Creating package script '/root/ROBOT_PROJECT_V2_ws/install/articubot_one/share/articubot_one/package.zsh'
[1.377s] Level 1:colcon.colcon_core.environment:create_file_with_runtime_dependencies(/root/ROBOT_PROJECT_V2_ws/install/articubot_one/share/colcon-core/packages/articubot_one)
[1.379s] Level 1:colcon.colcon_core.environment:create_environment_scripts_only(articubot_one)
[1.379s] Level 1:colcon.colcon_core.environment:checking '/root/ROBOT_PROJECT_V2_ws/install/articubot_one' for CMake module files
[1.379s] Level 1:colcon.colcon_core.environment:checking '/root/ROBOT_PROJECT_V2_ws/install/articubot_one' for CMake config files
[1.379s] Level 1:colcon.colcon_core.shell:create_environment_hook('articubot_one', 'cmake_prefix_path')
[1.379s] INFO:colcon.colcon_core.shell:Creating environment hook '/root/ROBOT_PROJECT_V2_ws/install/articubot_one/share/articubot_one/hook/cmake_prefix_path.ps1'
[1.379s] INFO:colcon.colcon_core.shell:Creating environment descriptor '/root/ROBOT_PROJECT_V2_ws/install/articubot_one/share/articubot_one/hook/cmake_prefix_path.dsv'
[1.380s] INFO:colcon.colcon_core.shell:Creating environment hook '/root/ROBOT_PROJECT_V2_ws/install/articubot_one/share/articubot_one/hook/cmake_prefix_path.sh'
[1.380s] Level 1:colcon.colcon_core.environment:checking '/root/ROBOT_PROJECT_V2_ws/install/articubot_one/bin'
[1.380s] Level 1:colcon.colcon_core.environment:checking '/root/ROBOT_PROJECT_V2_ws/install/articubot_one/lib/pkgconfig/articubot_one.pc'
[1.380s] Level 1:colcon.colcon_core.environment:checking '/root/ROBOT_PROJECT_V2_ws/install/articubot_one/lib/python3.10/site-packages'
[1.380s] Level 1:colcon.colcon_core.environment:checking '/root/ROBOT_PROJECT_V2_ws/install/articubot_one/bin'
[1.380s] INFO:colcon.colcon_core.shell:Creating package script '/root/ROBOT_PROJECT_V2_ws/install/articubot_one/share/articubot_one/package.ps1'
[1.381s] INFO:colcon.colcon_core.shell:Creating package descriptor '/root/ROBOT_PROJECT_V2_ws/install/articubot_one/share/articubot_one/package.dsv'
[1.381s] INFO:colcon.colcon_core.shell:Creating package script '/root/ROBOT_PROJECT_V2_ws/install/articubot_one/share/articubot_one/package.sh'
[1.381s] INFO:colcon.colcon_core.shell:Creating package script '/root/ROBOT_PROJECT_V2_ws/install/articubot_one/share/articubot_one/package.bash'
[1.382s] INFO:colcon.colcon_core.shell:Creating package script '/root/ROBOT_PROJECT_V2_ws/install/articubot_one/share/articubot_one/package.zsh'
[1.382s] Level 1:colcon.colcon_core.environment:create_file_with_runtime_dependencies(/root/ROBOT_PROJECT_V2_ws/install/articubot_one/share/colcon-core/packages/articubot_one)
[1.384s] Level 1:colcon.colcon_core.environment:create_environment_scripts_only(ROBOT_PROJECT_VERSION_02)
[1.384s] Level 1:colcon.colcon_core.environment:checking '/root/ROBOT_PROJECT_V2_ws/install/ROBOT_PROJECT_VERSION_02' for CMake module files
[1.384s] DEBUG:colcon.colcon_core.event_handler.log_command:Invoked command in '/root/ROBOT_PROJECT_V2_ws/build/ROBOT_PROJECT_VERSION_02' returned '0': CMAKE_PREFIX_PATH=${CMAKE_PREFIX_PATH}:/root/turtlebot3_ws/install/turtlebot3_teleop:/root/turtlebot3_ws/install/turtlebot3_example:/opt/ros/humble /usr/bin/cmake --install /root/ROBOT_PROJECT_V2_ws/build/ROBOT_PROJECT_VERSION_02
[1.384s] Level 1:colcon.colcon_core.environment:checking '/root/ROBOT_PROJECT_V2_ws/install/ROBOT_PROJECT_VERSION_02' for CMake config files
[1.387s] Level 1:colcon.colcon_core.shell:create_environment_hook('ROBOT_PROJECT_VERSION_02', 'cmake_prefix_path')
[1.387s] INFO:colcon.colcon_core.shell:Creating environment hook '/root/ROBOT_PROJECT_V2_ws/install/ROBOT_PROJECT_VERSION_02/share/ROBOT_PROJECT_VERSION_02/hook/cmake_prefix_path.ps1'
[1.387s] INFO:colcon.colcon_core.shell:Creating environment descriptor '/root/ROBOT_PROJECT_V2_ws/install/ROBOT_PROJECT_VERSION_02/share/ROBOT_PROJECT_VERSION_02/hook/cmake_prefix_path.dsv'
[1.387s] INFO:colcon.colcon_core.shell:Creating environment hook '/root/ROBOT_PROJECT_V2_ws/install/ROBOT_PROJECT_VERSION_02/share/ROBOT_PROJECT_VERSION_02/hook/cmake_prefix_path.sh'
[1.388s] Level 1:colcon.colcon_core.environment:checking '/root/ROBOT_PROJECT_V2_ws/install/ROBOT_PROJECT_VERSION_02/bin'
[1.388s] Level 1:colcon.colcon_core.environment:checking '/root/ROBOT_PROJECT_V2_ws/install/ROBOT_PROJECT_VERSION_02/lib/pkgconfig/ROBOT_PROJECT_VERSION_02.pc'
[1.388s] Level 1:colcon.colcon_core.environment:checking '/root/ROBOT_PROJECT_V2_ws/install/ROBOT_PROJECT_VERSION_02/lib/python3.10/site-packages'
[1.388s] Level 1:colcon.colcon_core.environment:checking '/root/ROBOT_PROJECT_V2_ws/install/ROBOT_PROJECT_VERSION_02/bin'
[1.388s] INFO:colcon.colcon_core.shell:Creating package script '/root/ROBOT_PROJECT_V2_ws/install/ROBOT_PROJECT_VERSION_02/share/ROBOT_PROJECT_VERSION_02/package.ps1'
[1.389s] INFO:colcon.colcon_core.shell:Creating package descriptor '/root/ROBOT_PROJECT_V2_ws/install/ROBOT_PROJECT_VERSION_02/share/ROBOT_PROJECT_VERSION_02/package.dsv'
[1.389s] INFO:colcon.colcon_core.shell:Creating package script '/root/ROBOT_PROJECT_V2_ws/install/ROBOT_PROJECT_VERSION_02/share/ROBOT_PROJECT_VERSION_02/package.sh'
[1.389s] INFO:colcon.colcon_core.shell:Creating package script '/root/ROBOT_PROJECT_V2_ws/install/ROBOT_PROJECT_VERSION_02/share/ROBOT_PROJECT_VERSION_02/package.bash'
[1.390s] INFO:colcon.colcon_core.shell:Creating package script '/root/ROBOT_PROJECT_V2_ws/install/ROBOT_PROJECT_VERSION_02/share/ROBOT_PROJECT_VERSION_02/package.zsh'
[1.390s] Level 1:colcon.colcon_core.environment:create_file_with_runtime_dependencies(/root/ROBOT_PROJECT_V2_ws/install/ROBOT_PROJECT_VERSION_02/share/colcon-core/packages/ROBOT_PROJECT_VERSION_02)
[1.390s] Level 1:colcon.colcon_core.environment:create_environment_scripts_only(ROBOT_PROJECT_VERSION_02)
[1.390s] Level 1:colcon.colcon_core.environment:checking '/root/ROBOT_PROJECT_V2_ws/install/ROBOT_PROJECT_VERSION_02' for CMake module files
[1.391s] Level 1:colcon.colcon_core.environment:checking '/root/ROBOT_PROJECT_V2_ws/install/ROBOT_PROJECT_VERSION_02' for CMake config files
[1.391s] Level 1:colcon.colcon_core.shell:create_environment_hook('ROBOT_PROJECT_VERSION_02', 'cmake_prefix_path')
[1.391s] INFO:colcon.colcon_core.shell:Creating environment hook '/root/ROBOT_PROJECT_V2_ws/install/ROBOT_PROJECT_VERSION_02/share/ROBOT_PROJECT_VERSION_02/hook/cmake_prefix_path.ps1'
[1.391s] INFO:colcon.colcon_core.shell:Creating environment descriptor '/root/ROBOT_PROJECT_V2_ws/install/ROBOT_PROJECT_VERSION_02/share/ROBOT_PROJECT_VERSION_02/hook/cmake_prefix_path.dsv'
[1.391s] INFO:colcon.colcon_core.shell:Creating environment hook '/root/ROBOT_PROJECT_V2_ws/install/ROBOT_PROJECT_VERSION_02/share/ROBOT_PROJECT_VERSION_02/hook/cmake_prefix_path.sh'
[1.392s] Level 1:colcon.colcon_core.environment:checking '/root/ROBOT_PROJECT_V2_ws/install/ROBOT_PROJECT_VERSION_02/bin'
[1.392s] Level 1:colcon.colcon_core.environment:checking '/root/ROBOT_PROJECT_V2_ws/install/ROBOT_PROJECT_VERSION_02/lib/pkgconfig/ROBOT_PROJECT_VERSION_02.pc'
[1.392s] Level 1:colcon.colcon_core.environment:checking '/root/ROBOT_PROJECT_V2_ws/install/ROBOT_PROJECT_VERSION_02/lib/python3.10/site-packages'
[1.392s] Level 1:colcon.colcon_core.environment:checking '/root/ROBOT_PROJECT_V2_ws/install/ROBOT_PROJECT_VERSION_02/bin'
[1.392s] INFO:colcon.colcon_core.shell:Creating package script '/root/ROBOT_PROJECT_V2_ws/install/ROBOT_PROJECT_VERSION_02/share/ROBOT_PROJECT_VERSION_02/package.ps1'
[1.392s] INFO:colcon.colcon_core.shell:Creating package descriptor '/root/ROBOT_PROJECT_V2_ws/install/ROBOT_PROJECT_VERSION_02/share/ROBOT_PROJECT_VERSION_02/package.dsv'
[1.393s] INFO:colcon.colcon_core.shell:Creating package script '/root/ROBOT_PROJECT_V2_ws/install/ROBOT_PROJECT_VERSION_02/share/ROBOT_PROJECT_VERSION_02/package.sh'
[1.393s] INFO:colcon.colcon_core.shell:Creating package script '/root/ROBOT_PROJECT_V2_ws/install/ROBOT_PROJECT_VERSION_02/share/ROBOT_PROJECT_VERSION_02/package.bash'
[1.393s] INFO:colcon.colcon_core.shell:Creating package script '/root/ROBOT_PROJECT_V2_ws/install/ROBOT_PROJECT_VERSION_02/share/ROBOT_PROJECT_VERSION_02/package.zsh'
[1.394s] Level 1:colcon.colcon_core.environment:create_file_with_runtime_dependencies(/root/ROBOT_PROJECT_V2_ws/install/ROBOT_PROJECT_VERSION_02/share/colcon-core/packages/ROBOT_PROJECT_VERSION_02)
[1.394s] DEBUG:colcon.colcon_parallel_executor.executor.parallel:closing loop
[1.394s] DEBUG:colcon.colcon_parallel_executor.executor.parallel:loop closed
[1.394s] DEBUG:colcon.colcon_parallel_executor.executor.parallel:run_until_complete finished with '0'
[1.394s] DEBUG:colcon.colcon_core.event_reactor:joining thread
[1.493s] INFO:colcon.colcon_core.plugin_system:Skipping extension 'colcon_notification.desktop_notification.notify_send': Could not find 'notify-send'
[1.493s] INFO:colcon.colcon_core.plugin_system:Skipping extension 'colcon_notification.desktop_notification.terminal_notifier': Not used on non-Darwin systems
[1.493s] INFO:colcon.colcon_core.plugin_system:Skipping extension 'colcon_notification.desktop_notification.win32': Not used on non-Windows systems
[1.493s] INFO:colcon.colcon_notification.desktop_notification:Sending desktop notification using 'notify2'
[26.555s] DEBUG:colcon.colcon_notification.desktop_notification.notify2:Failed to initialize notify2: org.freedesktop.DBus.Error.NoReply: Did not receive a reply. Possible causes include: the remote application did not send a reply, the message bus security policy blocked the reply, the reply timeout expired, or the network connection was broken.
[26.556s] DEBUG:colcon.colcon_core.event_reactor:joined thread
[26.557s] INFO:colcon.colcon_core.shell:Creating prefix script '/root/ROBOT_PROJECT_V2_ws/install/local_setup.ps1'
[26.562s] INFO:colcon.colcon_core.shell:Creating prefix util module '/root/ROBOT_PROJECT_V2_ws/install/_local_setup_util_ps1.py'
[26.565s] INFO:colcon.colcon_core.shell:Creating prefix chain script '/root/ROBOT_PROJECT_V2_ws/install/setup.ps1'
[26.567s] INFO:colcon.colcon_core.shell:Creating prefix script '/root/ROBOT_PROJECT_V2_ws/install/local_setup.sh'
[26.569s] INFO:colcon.colcon_core.shell:Creating prefix util module '/root/ROBOT_PROJECT_V2_ws/install/_local_setup_util_sh.py'
[26.569s] INFO:colcon.colcon_core.shell:Creating prefix chain script '/root/ROBOT_PROJECT_V2_ws/install/setup.sh'
[26.571s] INFO:colcon.colcon_core.shell:Creating prefix script '/root/ROBOT_PROJECT_V2_ws/install/local_setup.bash'
[26.572s] INFO:colcon.colcon_core.shell:Creating prefix chain script '/root/ROBOT_PROJECT_V2_ws/install/setup.bash'
[26.573s] INFO:colcon.colcon_core.shell:Creating prefix script '/root/ROBOT_PROJECT_V2_ws/install/local_setup.zsh'
[26.574s] INFO:colcon.colcon_core.shell:Creating prefix chain script '/root/ROBOT_PROJECT_V2_ws/install/setup.zsh'
