[0.012s] Invoking command in '/root/ROBOT_PROJECT_V2_ws/build/articubot_one': CMAKE_PREFIX_PATH=${CMAKE_PREFIX_PATH}:/root/turtlebot3_ws/install/turtlebot3_teleop:/root/turtlebot3_ws/install/turtlebot3_example:/opt/ros/humble /usr/bin/cmake /root/ROBOT_PROJECT_V2_ws/ROBOT_PROJECT_VERSION_02 -DCMAKE_INSTALL_PREFIX=/root/ROBOT_PROJECT_V2_ws/install/articubot_one
[0.210s] -- The C compiler identification is GNU 11.4.0
[0.552s] -- The CXX compiler identification is GNU 11.4.0
[0.793s] -- Detecting C compiler ABI info
[0.873s] -- Detecting C compiler ABI info - done
[0.877s] -- Check for working C compiler: /usr/bin/cc - skipped
[0.878s] -- Detecting C compile features
[0.878s] -- Detecting C compile features - done
[0.881s] -- Detecting CXX compiler ABI info
[0.957s] -- Detecting CXX compiler ABI info - done
[0.961s] -- Check for working CXX compiler: /usr/bin/c++ - skipped
[0.961s] -- Detecting CXX compile features
[0.962s] -- Detecting CXX compile features - done
[0.989s] -- Found ament_cmake: 1.3.11 (/opt/ros/humble/share/ament_cmake/cmake)
[1.126s] -- Found Python3: /usr/bin/python3 (found version "3.10.12") found components: Interpreter 
[1.221s] -- Found ament_lint_auto: 0.12.11 (/opt/ros/humble/share/ament_lint_auto/cmake)
[1.287s] -- Added test 'copyright' to check source files copyright and LICENSE
[1.290s] -- Added test 'flake8' to check Python code syntax and style conventions
[1.291s] -- Added test 'lint_cmake' to check CMake code style
[1.292s] -- Added test 'pep257' to check Python code against some of the docstring style conventions in PEP 257
[1.293s] -- Added test 'xmllint' to check XML markup files
[1.295s] -- Configuring done
[1.297s] -- Generating done
[1.298s] -- Build files have been written to: /root/ROBOT_PROJECT_V2_ws/build/articubot_one
[1.302s] Invoked command in '/root/ROBOT_PROJECT_V2_ws/build/articubot_one' returned '0': CMAKE_PREFIX_PATH=${CMAKE_PREFIX_PATH}:/root/turtlebot3_ws/install/turtlebot3_teleop:/root/turtlebot3_ws/install/turtlebot3_example:/opt/ros/humble /usr/bin/cmake /root/ROBOT_PROJECT_V2_ws/ROBOT_PROJECT_VERSION_02 -DCMAKE_INSTALL_PREFIX=/root/ROBOT_PROJECT_V2_ws/install/articubot_one
[1.304s] Invoking command in '/root/ROBOT_PROJECT_V2_ws/build/articubot_one': CMAKE_PREFIX_PATH=${CMAKE_PREFIX_PATH}:/root/turtlebot3_ws/install/turtlebot3_teleop:/root/turtlebot3_ws/install/turtlebot3_example:/opt/ros/humble /usr/bin/cmake --build /root/ROBOT_PROJECT_V2_ws/build/articubot_one -- -j16 -l16
[1.324s] Invoked command in '/root/ROBOT_PROJECT_V2_ws/build/articubot_one' returned '0': CMAKE_PREFIX_PATH=${CMAKE_PREFIX_PATH}:/root/turtlebot3_ws/install/turtlebot3_teleop:/root/turtlebot3_ws/install/turtlebot3_example:/opt/ros/humble /usr/bin/cmake --build /root/ROBOT_PROJECT_V2_ws/build/articubot_one -- -j16 -l16
[1.330s] Invoking command in '/root/ROBOT_PROJECT_V2_ws/build/articubot_one': CMAKE_PREFIX_PATH=${CMAKE_PREFIX_PATH}:/root/turtlebot3_ws/install/turtlebot3_teleop:/root/turtlebot3_ws/install/turtlebot3_example:/opt/ros/humble /usr/bin/cmake --install /root/ROBOT_PROJECT_V2_ws/build/articubot_one
[1.334s] -- Install configuration: ""
[1.334s] -- Installing: /root/ROBOT_PROJECT_V2_ws/install/articubot_one/share/articubot_one/config
[1.334s] -- Installing: /root/ROBOT_PROJECT_V2_ws/install/articubot_one/share/articubot_one/config/empty.yaml
[1.335s] -- Installing: /root/ROBOT_PROJECT_V2_ws/install/articubot_one/share/articubot_one/description
[1.335s] -- Installing: /root/ROBOT_PROJECT_V2_ws/install/articubot_one/share/articubot_one/description/robot.urdf.xacro
[1.335s] -- Installing: /root/ROBOT_PROJECT_V2_ws/install/articubot_one/share/articubot_one/launch
[1.336s] -- Installing: /root/ROBOT_PROJECT_V2_ws/install/articubot_one/share/articubot_one/launch/rsp.launch.py
[1.336s] -- Installing: /root/ROBOT_PROJECT_V2_ws/install/articubot_one/share/articubot_one/worlds
[1.336s] -- Installing: /root/ROBOT_PROJECT_V2_ws/install/articubot_one/share/articubot_one/worlds/World_01
[1.336s] -- Installing: /root/ROBOT_PROJECT_V2_ws/install/articubot_one/share/articubot_one/worlds/empty.world
[1.337s] -- Installing: /root/ROBOT_PROJECT_V2_ws/install/articubot_one/share/ament_index/resource_index/package_run_dependencies/articubot_one
[1.337s] -- Installing: /root/ROBOT_PROJECT_V2_ws/install/articubot_one/share/ament_index/resource_index/parent_prefix_path/articubot_one
[1.337s] -- Installing: /root/ROBOT_PROJECT_V2_ws/install/articubot_one/share/articubot_one/environment/ament_prefix_path.sh
[1.337s] -- Installing: /root/ROBOT_PROJECT_V2_ws/install/articubot_one/share/articubot_one/environment/ament_prefix_path.dsv
[1.337s] -- Installing: /root/ROBOT_PROJECT_V2_ws/install/articubot_one/share/articubot_one/environment/path.sh
[1.338s] -- Installing: /root/ROBOT_PROJECT_V2_ws/install/articubot_one/share/articubot_one/environment/path.dsv
[1.338s] -- Installing: /root/ROBOT_PROJECT_V2_ws/install/articubot_one/share/articubot_one/local_setup.bash
[1.338s] -- Installing: /root/ROBOT_PROJECT_V2_ws/install/articubot_one/share/articubot_one/local_setup.sh
[1.338s] -- Installing: /root/ROBOT_PROJECT_V2_ws/install/articubot_one/share/articubot_one/local_setup.zsh
[1.338s] -- Installing: /root/ROBOT_PROJECT_V2_ws/install/articubot_one/share/articubot_one/local_setup.dsv
[1.338s] -- Installing: /root/ROBOT_PROJECT_V2_ws/install/articubot_one/share/articubot_one/package.dsv
[1.338s] -- Installing: /root/ROBOT_PROJECT_V2_ws/install/articubot_one/share/ament_index/resource_index/packages/articubot_one
[1.338s] -- Installing: /root/ROBOT_PROJECT_V2_ws/install/articubot_one/share/articubot_one/cmake/articubot_oneConfig.cmake
[1.338s] -- Installing: /root/ROBOT_PROJECT_V2_ws/install/articubot_one/share/articubot_one/cmake/articubot_oneConfig-version.cmake
[1.338s] -- Installing: /root/ROBOT_PROJECT_V2_ws/install/articubot_one/share/articubot_one/package.xml
[1.344s] Invoked command in '/root/ROBOT_PROJECT_V2_ws/build/articubot_one' returned '0': CMAKE_PREFIX_PATH=${CMAKE_PREFIX_PATH}:/root/turtlebot3_ws/install/turtlebot3_teleop:/root/turtlebot3_ws/install/turtlebot3_example:/opt/ros/humble /usr/bin/cmake --install /root/ROBOT_PROJECT_V2_ws/build/articubot_one
