[0.675s] DEBUG:colcon:Command line arguments: ['/usr/bin/colcon', 'build']
[0.675s] DEBUG:colcon:Parsed command line arguments: Namespace(log_base=None, log_level=None, verb_name='build', build_base='build', install_base='install', merge_install=False, symlink_install=False, test_result_base=None, continue_on_error=False, executor='parallel', parallel_workers=16, event_handlers=None, ignore_user_meta=False, metas=['./colcon.meta'], base_paths=['.'], packages_ignore=None, packages_ignore_regex=None, paths=None, packages_up_to=None, packages_up_to_regex=None, packages_above=None, packages_above_and_dependencies=None, packages_above_depth=None, packages_select_by_dep=None, packages_skip_by_dep=None, packages_skip_up_to=None, packages_select_build_failed=False, packages_skip_build_finished=False, packages_select_test_failures=False, packages_skip_test_passed=False, packages_select=None, packages_skip=None, packages_select_regex=None, packages_skip_regex=None, packages_start=None, packages_end=None, allow_overriding=[], cmake_args=None, cmake_target=None, cmake_target_skip_unavailable=False, cmake_clean_cache=False, cmake_clean_first=False, cmake_force_configure=False, ament_cmake_args=None, catkin_cmake_args=None, catkin_skip_building_tests=False, mixin_files=None, mixin=None, verb_parser=<colcon_mixin.mixin.mixin_argument.MixinArgumentDecorator object at 0x7f3df57fe6b0>, verb_extension=<colcon_core.verb.build.BuildVerb object at 0x7f3df57fdcf0>, main=<bound method BuildVerb.main of <colcon_core.verb.build.BuildVerb object at 0x7f3df57fdcf0>>, mixin_verb=('build',))
[1.084s] Level 1:colcon.colcon_core.package_discovery:discover_packages(colcon_meta) check parameters
[1.085s] Level 1:colcon.colcon_core.package_discovery:discover_packages(recursive) check parameters
[1.085s] Level 1:colcon.colcon_core.package_discovery:discover_packages(ignore) check parameters
[1.085s] Level 1:colcon.colcon_core.package_discovery:discover_packages(path) check parameters
[1.085s] Level 1:colcon.colcon_core.package_discovery:discover_packages(colcon_meta) discover
[1.085s] Level 1:colcon.colcon_core.package_discovery:discover_packages(recursive) discover
[1.085s] INFO:colcon.colcon_core.package_discovery:Crawling recursively for packages in '/root/ROBOT_PROJECT_V2_ws'
[1.085s] Level 1:colcon.colcon_core.package_identification:_identify(.) by extensions ['ignore', 'ignore_ament_install']
[1.085s] Level 1:colcon.colcon_core.package_identification:_identify(.) by extension 'ignore'
[1.085s] Level 1:colcon.colcon_core.package_identification:_identify(.) by extension 'ignore_ament_install'
[1.085s] Level 1:colcon.colcon_core.package_identification:_identify(.) by extensions ['colcon_pkg']
[1.085s] Level 1:colcon.colcon_core.package_identification:_identify(.) by extension 'colcon_pkg'
[1.085s] Level 1:colcon.colcon_core.package_identification:_identify(.) by extensions ['colcon_meta']
[1.085s] Level 1:colcon.colcon_core.package_identification:_identify(.) by extension 'colcon_meta'
[1.085s] Level 1:colcon.colcon_core.package_identification:_identify(.) by extensions ['ros']
[1.085s] Level 1:colcon.colcon_core.package_identification:_identify(.) by extension 'ros'
[1.099s] Level 1:colcon.colcon_core.package_identification:_identify(.) by extensions ['cmake', 'python']
[1.099s] Level 1:colcon.colcon_core.package_identification:_identify(.) by extension 'cmake'
[1.099s] Level 1:colcon.colcon_core.package_identification:_identify(.) by extension 'python'
[1.099s] Level 1:colcon.colcon_core.package_identification:_identify(.) by extensions ['python_setup_py']
[1.099s] Level 1:colcon.colcon_core.package_identification:_identify(.) by extension 'python_setup_py'
[1.099s] Level 1:colcon.colcon_core.package_identification:_identify(ROBOT_PROJECT_VERSION_02) by extensions ['ignore', 'ignore_ament_install']
[1.099s] Level 1:colcon.colcon_core.package_identification:_identify(ROBOT_PROJECT_VERSION_02) by extension 'ignore'
[1.099s] Level 1:colcon.colcon_core.package_identification:_identify(ROBOT_PROJECT_VERSION_02) by extension 'ignore_ament_install'
[1.099s] Level 1:colcon.colcon_core.package_identification:_identify(ROBOT_PROJECT_VERSION_02) by extensions ['colcon_pkg']
[1.100s] Level 1:colcon.colcon_core.package_identification:_identify(ROBOT_PROJECT_VERSION_02) by extension 'colcon_pkg'
[1.100s] Level 1:colcon.colcon_core.package_identification:_identify(ROBOT_PROJECT_VERSION_02) by extensions ['colcon_meta']
[1.100s] Level 1:colcon.colcon_core.package_identification:_identify(ROBOT_PROJECT_VERSION_02) by extension 'colcon_meta'
[1.100s] Level 1:colcon.colcon_core.package_identification:_identify(ROBOT_PROJECT_VERSION_02) by extensions ['ros']
[1.100s] Level 1:colcon.colcon_core.package_identification:_identify(ROBOT_PROJECT_VERSION_02) by extension 'ros'
[1.104s] DEBUG:colcon.colcon_core.package_identification:Package 'ROBOT_PROJECT_VERSION_02' with type 'ros.ament_cmake' and name 'articubot_one'
[1.104s] Level 1:colcon.colcon_core.package_identification:_identify(build) by extensions ['ignore', 'ignore_ament_install']
[1.104s] Level 1:colcon.colcon_core.package_identification:_identify(build) by extension 'ignore'
[1.104s] Level 1:colcon.colcon_core.package_identification:_identify(build) ignored
[1.104s] Level 1:colcon.colcon_core.package_identification:_identify(install) by extensions ['ignore', 'ignore_ament_install']
[1.104s] Level 1:colcon.colcon_core.package_identification:_identify(install) by extension 'ignore'
[1.104s] Level 1:colcon.colcon_core.package_identification:_identify(install) ignored
[1.104s] Level 1:colcon.colcon_core.package_identification:_identify(log) by extensions ['ignore', 'ignore_ament_install']
[1.104s] Level 1:colcon.colcon_core.package_identification:_identify(log) by extension 'ignore'
[1.104s] Level 1:colcon.colcon_core.package_identification:_identify(log) ignored
[1.104s] Level 1:colcon.colcon_core.package_identification:_identify(src) by extensions ['ignore', 'ignore_ament_install']
[1.104s] Level 1:colcon.colcon_core.package_identification:_identify(src) by extension 'ignore'
[1.104s] Level 1:colcon.colcon_core.package_identification:_identify(src) by extension 'ignore_ament_install'
[1.104s] Level 1:colcon.colcon_core.package_identification:_identify(src) by extensions ['colcon_pkg']
[1.104s] Level 1:colcon.colcon_core.package_identification:_identify(src) by extension 'colcon_pkg'
[1.104s] Level 1:colcon.colcon_core.package_identification:_identify(src) by extensions ['colcon_meta']
[1.104s] Level 1:colcon.colcon_core.package_identification:_identify(src) by extension 'colcon_meta'
[1.104s] Level 1:colcon.colcon_core.package_identification:_identify(src) by extensions ['ros']
[1.104s] Level 1:colcon.colcon_core.package_identification:_identify(src) by extension 'ros'
[1.104s] Level 1:colcon.colcon_core.package_identification:_identify(src) by extensions ['cmake', 'python']
[1.104s] Level 1:colcon.colcon_core.package_identification:_identify(src) by extension 'cmake'
[1.104s] Level 1:colcon.colcon_core.package_identification:_identify(src) by extension 'python'
[1.104s] Level 1:colcon.colcon_core.package_identification:_identify(src) by extensions ['python_setup_py']
[1.104s] Level 1:colcon.colcon_core.package_identification:_identify(src) by extension 'python_setup_py'
[1.104s] Level 1:colcon.colcon_core.package_identification:_identify(src/ROBOT_PROJECT_VERSION_02) by extensions ['ignore', 'ignore_ament_install']
[1.105s] Level 1:colcon.colcon_core.package_identification:_identify(src/ROBOT_PROJECT_VERSION_02) by extension 'ignore'
[1.105s] Level 1:colcon.colcon_core.package_identification:_identify(src/ROBOT_PROJECT_VERSION_02) by extension 'ignore_ament_install'
[1.105s] Level 1:colcon.colcon_core.package_identification:_identify(src/ROBOT_PROJECT_VERSION_02) by extensions ['colcon_pkg']
[1.105s] Level 1:colcon.colcon_core.package_identification:_identify(src/ROBOT_PROJECT_VERSION_02) by extension 'colcon_pkg'
[1.105s] Level 1:colcon.colcon_core.package_identification:_identify(src/ROBOT_PROJECT_VERSION_02) by extensions ['colcon_meta']
[1.105s] Level 1:colcon.colcon_core.package_identification:_identify(src/ROBOT_PROJECT_VERSION_02) by extension 'colcon_meta'
[1.105s] Level 1:colcon.colcon_core.package_identification:_identify(src/ROBOT_PROJECT_VERSION_02) by extensions ['ros']
[1.105s] Level 1:colcon.colcon_core.package_identification:_identify(src/ROBOT_PROJECT_VERSION_02) by extension 'ros'
[1.106s] DEBUG:colcon.colcon_core.package_identification:Package 'src/ROBOT_PROJECT_VERSION_02' with type 'ros.ament_cmake' and name 'ROBOT_PROJECT_VERSION_02'
[1.106s] Level 1:colcon.colcon_core.package_discovery:discover_packages(recursive) using defaults
[1.106s] Level 1:colcon.colcon_core.package_discovery:discover_packages(ignore) discover
[1.106s] Level 1:colcon.colcon_core.package_discovery:discover_packages(ignore) using defaults
[1.106s] Level 1:colcon.colcon_core.package_discovery:discover_packages(path) discover
[1.106s] Level 1:colcon.colcon_core.package_discovery:discover_packages(path) using defaults
[1.143s] Level 1:colcon.colcon_core.package_discovery:discover_packages(prefix_path) check parameters
[1.144s] Level 1:colcon.colcon_core.package_discovery:discover_packages(prefix_path) discover
[1.149s] DEBUG:colcon.colcon_installed_package_information.package_discovery:Found 12 installed packages in /root/turtlebot3_ws/install
[1.150s] DEBUG:colcon.colcon_installed_package_information.package_discovery:Found 371 installed packages in /opt/ros/humble
[1.152s] Level 1:colcon.colcon_core.package_discovery:discover_packages(prefix_path) using defaults
[1.248s] Level 5:colcon.colcon_core.verb:set package 'ROBOT_PROJECT_VERSION_02' build argument 'cmake_args' from command line to 'None'
[1.248s] Level 5:colcon.colcon_core.verb:set package 'ROBOT_PROJECT_VERSION_02' build argument 'cmake_target' from command line to 'None'
[1.248s] Level 5:colcon.colcon_core.verb:set package 'ROBOT_PROJECT_VERSION_02' build argument 'cmake_target_skip_unavailable' from command line to 'False'
[1.248s] Level 5:colcon.colcon_core.verb:set package 'ROBOT_PROJECT_VERSION_02' build argument 'cmake_clean_cache' from command line to 'False'
[1.248s] Level 5:colcon.colcon_core.verb:set package 'ROBOT_PROJECT_VERSION_02' build argument 'cmake_clean_first' from command line to 'False'
[1.248s] Level 5:colcon.colcon_core.verb:set package 'ROBOT_PROJECT_VERSION_02' build argument 'cmake_force_configure' from command line to 'False'
[1.248s] Level 5:colcon.colcon_core.verb:set package 'ROBOT_PROJECT_VERSION_02' build argument 'ament_cmake_args' from command line to 'None'
[1.248s] Level 5:colcon.colcon_core.verb:set package 'ROBOT_PROJECT_VERSION_02' build argument 'catkin_cmake_args' from command line to 'None'
[1.248s] Level 5:colcon.colcon_core.verb:set package 'ROBOT_PROJECT_VERSION_02' build argument 'catkin_skip_building_tests' from command line to 'False'
[1.248s] DEBUG:colcon.colcon_core.verb:Building package 'ROBOT_PROJECT_VERSION_02' with the following arguments: {'ament_cmake_args': None, 'build_base': '/root/ROBOT_PROJECT_V2_ws/build/ROBOT_PROJECT_VERSION_02', 'catkin_cmake_args': None, 'catkin_skip_building_tests': False, 'cmake_args': None, 'cmake_clean_cache': False, 'cmake_clean_first': False, 'cmake_force_configure': False, 'cmake_target': None, 'cmake_target_skip_unavailable': False, 'install_base': '/root/ROBOT_PROJECT_V2_ws/install/ROBOT_PROJECT_VERSION_02', 'merge_install': False, 'path': '/root/ROBOT_PROJECT_V2_ws/src/ROBOT_PROJECT_VERSION_02', 'symlink_install': False, 'test_result_base': None}
[1.248s] Level 5:colcon.colcon_core.verb:set package 'articubot_one' build argument 'cmake_args' from command line to 'None'
[1.248s] Level 5:colcon.colcon_core.verb:set package 'articubot_one' build argument 'cmake_target' from command line to 'None'
[1.248s] Level 5:colcon.colcon_core.verb:set package 'articubot_one' build argument 'cmake_target_skip_unavailable' from command line to 'False'
[1.248s] Level 5:colcon.colcon_core.verb:set package 'articubot_one' build argument 'cmake_clean_cache' from command line to 'False'
[1.248s] Level 5:colcon.colcon_core.verb:set package 'articubot_one' build argument 'cmake_clean_first' from command line to 'False'
[1.248s] Level 5:colcon.colcon_core.verb:set package 'articubot_one' build argument 'cmake_force_configure' from command line to 'False'
[1.248s] Level 5:colcon.colcon_core.verb:set package 'articubot_one' build argument 'ament_cmake_args' from command line to 'None'
[1.249s] Level 5:colcon.colcon_core.verb:set package 'articubot_one' build argument 'catkin_cmake_args' from command line to 'None'
[1.249s] Level 5:colcon.colcon_core.verb:set package 'articubot_one' build argument 'catkin_skip_building_tests' from command line to 'False'
[1.249s] DEBUG:colcon.colcon_core.verb:Building package 'articubot_one' with the following arguments: {'ament_cmake_args': None, 'build_base': '/root/ROBOT_PROJECT_V2_ws/build/articubot_one', 'catkin_cmake_args': None, 'catkin_skip_building_tests': False, 'cmake_args': None, 'cmake_clean_cache': False, 'cmake_clean_first': False, 'cmake_force_configure': False, 'cmake_target': None, 'cmake_target_skip_unavailable': False, 'install_base': '/root/ROBOT_PROJECT_V2_ws/install/articubot_one', 'merge_install': False, 'path': '/root/ROBOT_PROJECT_V2_ws/ROBOT_PROJECT_VERSION_02', 'symlink_install': False, 'test_result_base': None}
[1.249s] INFO:colcon.colcon_core.executor:Executing jobs using 'parallel' executor
[1.249s] DEBUG:colcon.colcon_parallel_executor.executor.parallel:run_until_complete
[1.250s] INFO:colcon.colcon_ros.task.ament_cmake.build:Building ROS package in '/root/ROBOT_PROJECT_V2_ws/src/ROBOT_PROJECT_VERSION_02' with build type 'ament_cmake'
[1.250s] INFO:colcon.colcon_cmake.task.cmake.build:Building CMake package in '/root/ROBOT_PROJECT_V2_ws/src/ROBOT_PROJECT_VERSION_02'
[1.259s] INFO:colcon.colcon_core.plugin_system:Skipping extension 'colcon_core.shell.bat': Not used on non-Windows systems
[1.260s] INFO:colcon.colcon_core.shell:Skip shell extension 'powershell' for command environment: Not usable outside of PowerShell
[1.260s] DEBUG:colcon.colcon_core.shell:Skip shell extension 'dsv' for command environment
[1.265s] INFO:colcon.colcon_ros.task.ament_cmake.build:Building ROS package in '/root/ROBOT_PROJECT_V2_ws/ROBOT_PROJECT_VERSION_02' with build type 'ament_cmake'
[1.265s] INFO:colcon.colcon_cmake.task.cmake.build:Building CMake package in '/root/ROBOT_PROJECT_V2_ws/ROBOT_PROJECT_VERSION_02'
[1.265s] INFO:colcon.colcon_core.shell:Skip shell extension 'powershell' for command environment: Not usable outside of PowerShell
[1.265s] DEBUG:colcon.colcon_core.shell:Skip shell extension 'dsv' for command environment
[1.282s] DEBUG:colcon.colcon_core.event_handler.log_command:Invoking command in '/root/ROBOT_PROJECT_V2_ws/build/ROBOT_PROJECT_VERSION_02': CMAKE_PREFIX_PATH=${CMAKE_PREFIX_PATH}:/root/turtlebot3_ws/install/turtlebot3_teleop:/root/turtlebot3_ws/install/turtlebot3_example:/opt/ros/humble /usr/bin/cmake --build /root/ROBOT_PROJECT_V2_ws/build/ROBOT_PROJECT_VERSION_02 -- -j16 -l16
[1.289s] DEBUG:colcon.colcon_core.event_handler.log_command:Invoking command in '/root/ROBOT_PROJECT_V2_ws/build/articubot_one': CMAKE_PREFIX_PATH=${CMAKE_PREFIX_PATH}:/root/turtlebot3_ws/install/turtlebot3_teleop:/root/turtlebot3_ws/install/turtlebot3_example:/opt/ros/humble /usr/bin/cmake --build /root/ROBOT_PROJECT_V2_ws/build/articubot_one -- -j16 -l16
[1.398s] DEBUG:colcon.colcon_core.event_handler.log_command:Invoked command in '/root/ROBOT_PROJECT_V2_ws/build/articubot_one' returned '0': CMAKE_PREFIX_PATH=${CMAKE_PREFIX_PATH}:/root/turtlebot3_ws/install/turtlebot3_teleop:/root/turtlebot3_ws/install/turtlebot3_example:/opt/ros/humble /usr/bin/cmake --build /root/ROBOT_PROJECT_V2_ws/build/articubot_one -- -j16 -l16
[1.406s] DEBUG:colcon.colcon_core.event_handler.log_command:Invoking command in '/root/ROBOT_PROJECT_V2_ws/build/articubot_one': CMAKE_PREFIX_PATH=${CMAKE_PREFIX_PATH}:/root/turtlebot3_ws/install/turtlebot3_teleop:/root/turtlebot3_ws/install/turtlebot3_example:/opt/ros/humble /usr/bin/cmake --install /root/ROBOT_PROJECT_V2_ws/build/articubot_one
[1.407s] DEBUG:colcon.colcon_core.event_handler.log_command:Invoked command in '/root/ROBOT_PROJECT_V2_ws/build/ROBOT_PROJECT_VERSION_02' returned '0': CMAKE_PREFIX_PATH=${CMAKE_PREFIX_PATH}:/root/turtlebot3_ws/install/turtlebot3_teleop:/root/turtlebot3_ws/install/turtlebot3_example:/opt/ros/humble /usr/bin/cmake --build /root/ROBOT_PROJECT_V2_ws/build/ROBOT_PROJECT_VERSION_02 -- -j16 -l16
[1.410s] DEBUG:colcon.colcon_core.event_handler.log_command:Invoking command in '/root/ROBOT_PROJECT_V2_ws/build/ROBOT_PROJECT_VERSION_02': CMAKE_PREFIX_PATH=${CMAKE_PREFIX_PATH}:/root/turtlebot3_ws/install/turtlebot3_teleop:/root/turtlebot3_ws/install/turtlebot3_example:/opt/ros/humble /usr/bin/cmake --install /root/ROBOT_PROJECT_V2_ws/build/ROBOT_PROJECT_VERSION_02
[1.423s] Level 1:colcon.colcon_core.environment:create_environment_scripts_only(articubot_one)
[1.431s] DEBUG:colcon.colcon_core.event_handler.log_command:Invoked command in '/root/ROBOT_PROJECT_V2_ws/build/articubot_one' returned '0': CMAKE_PREFIX_PATH=${CMAKE_PREFIX_PATH}:/root/turtlebot3_ws/install/turtlebot3_teleop:/root/turtlebot3_ws/install/turtlebot3_example:/opt/ros/humble /usr/bin/cmake --install /root/ROBOT_PROJECT_V2_ws/build/articubot_one
[1.440s] Level 1:colcon.colcon_core.environment:checking '/root/ROBOT_PROJECT_V2_ws/install/articubot_one' for CMake module files
[1.440s] Level 1:colcon.colcon_core.environment:checking '/root/ROBOT_PROJECT_V2_ws/install/articubot_one' for CMake config files
[1.440s] Level 1:colcon.colcon_core.shell:create_environment_hook('articubot_one', 'cmake_prefix_path')
[1.441s] INFO:colcon.colcon_core.shell:Creating environment hook '/root/ROBOT_PROJECT_V2_ws/install/articubot_one/share/articubot_one/hook/cmake_prefix_path.ps1'
[1.442s] INFO:colcon.colcon_core.shell:Creating environment descriptor '/root/ROBOT_PROJECT_V2_ws/install/articubot_one/share/articubot_one/hook/cmake_prefix_path.dsv'
[1.442s] INFO:colcon.colcon_core.shell:Creating environment hook '/root/ROBOT_PROJECT_V2_ws/install/articubot_one/share/articubot_one/hook/cmake_prefix_path.sh'
[1.443s] Level 1:colcon.colcon_core.environment:checking '/root/ROBOT_PROJECT_V2_ws/install/articubot_one/bin'
[1.443s] Level 1:colcon.colcon_core.environment:checking '/root/ROBOT_PROJECT_V2_ws/install/articubot_one/lib/pkgconfig/articubot_one.pc'
[1.444s] Level 1:colcon.colcon_core.environment:checking '/root/ROBOT_PROJECT_V2_ws/install/articubot_one/lib/python3.10/site-packages'
[1.444s] Level 1:colcon.colcon_core.environment:checking '/root/ROBOT_PROJECT_V2_ws/install/articubot_one/bin'
[1.444s] INFO:colcon.colcon_core.shell:Creating package script '/root/ROBOT_PROJECT_V2_ws/install/articubot_one/share/articubot_one/package.ps1'
[1.445s] INFO:colcon.colcon_core.shell:Creating package descriptor '/root/ROBOT_PROJECT_V2_ws/install/articubot_one/share/articubot_one/package.dsv'
[1.446s] INFO:colcon.colcon_core.shell:Creating package script '/root/ROBOT_PROJECT_V2_ws/install/articubot_one/share/articubot_one/package.sh'
[1.447s] INFO:colcon.colcon_core.shell:Creating package script '/root/ROBOT_PROJECT_V2_ws/install/articubot_one/share/articubot_one/package.bash'
[1.448s] INFO:colcon.colcon_core.shell:Creating package script '/root/ROBOT_PROJECT_V2_ws/install/articubot_one/share/articubot_one/package.zsh'
[1.449s] Level 1:colcon.colcon_core.environment:create_file_with_runtime_dependencies(/root/ROBOT_PROJECT_V2_ws/install/articubot_one/share/colcon-core/packages/articubot_one)
[1.450s] Level 1:colcon.colcon_core.environment:create_environment_scripts_only(articubot_one)
[1.450s] Level 1:colcon.colcon_core.environment:checking '/root/ROBOT_PROJECT_V2_ws/install/articubot_one' for CMake module files
[1.450s] Level 1:colcon.colcon_core.environment:checking '/root/ROBOT_PROJECT_V2_ws/install/articubot_one' for CMake config files
[1.451s] Level 1:colcon.colcon_core.shell:create_environment_hook('articubot_one', 'cmake_prefix_path')
[1.451s] INFO:colcon.colcon_core.shell:Creating environment hook '/root/ROBOT_PROJECT_V2_ws/install/articubot_one/share/articubot_one/hook/cmake_prefix_path.ps1'
[1.451s] INFO:colcon.colcon_core.shell:Creating environment descriptor '/root/ROBOT_PROJECT_V2_ws/install/articubot_one/share/articubot_one/hook/cmake_prefix_path.dsv'
[1.451s] INFO:colcon.colcon_core.shell:Creating environment hook '/root/ROBOT_PROJECT_V2_ws/install/articubot_one/share/articubot_one/hook/cmake_prefix_path.sh'
[1.452s] Level 1:colcon.colcon_core.environment:checking '/root/ROBOT_PROJECT_V2_ws/install/articubot_one/bin'
[1.452s] Level 1:colcon.colcon_core.environment:checking '/root/ROBOT_PROJECT_V2_ws/install/articubot_one/lib/pkgconfig/articubot_one.pc'
[1.452s] Level 1:colcon.colcon_core.environment:checking '/root/ROBOT_PROJECT_V2_ws/install/articubot_one/lib/python3.10/site-packages'
[1.452s] Level 1:colcon.colcon_core.environment:checking '/root/ROBOT_PROJECT_V2_ws/install/articubot_one/bin'
[1.452s] INFO:colcon.colcon_core.shell:Creating package script '/root/ROBOT_PROJECT_V2_ws/install/articubot_one/share/articubot_one/package.ps1'
[1.452s] INFO:colcon.colcon_core.shell:Creating package descriptor '/root/ROBOT_PROJECT_V2_ws/install/articubot_one/share/articubot_one/package.dsv'
[1.453s] INFO:colcon.colcon_core.shell:Creating package script '/root/ROBOT_PROJECT_V2_ws/install/articubot_one/share/articubot_one/package.sh'
[1.453s] INFO:colcon.colcon_core.shell:Creating package script '/root/ROBOT_PROJECT_V2_ws/install/articubot_one/share/articubot_one/package.bash'
[1.453s] INFO:colcon.colcon_core.shell:Creating package script '/root/ROBOT_PROJECT_V2_ws/install/articubot_one/share/articubot_one/package.zsh'
[1.454s] Level 1:colcon.colcon_core.environment:create_file_with_runtime_dependencies(/root/ROBOT_PROJECT_V2_ws/install/articubot_one/share/colcon-core/packages/articubot_one)
[1.455s] Level 1:colcon.colcon_core.environment:create_environment_scripts_only(ROBOT_PROJECT_VERSION_02)
[1.455s] DEBUG:colcon.colcon_core.event_handler.log_command:Invoked command in '/root/ROBOT_PROJECT_V2_ws/build/ROBOT_PROJECT_VERSION_02' returned '0': CMAKE_PREFIX_PATH=${CMAKE_PREFIX_PATH}:/root/turtlebot3_ws/install/turtlebot3_teleop:/root/turtlebot3_ws/install/turtlebot3_example:/opt/ros/humble /usr/bin/cmake --install /root/ROBOT_PROJECT_V2_ws/build/ROBOT_PROJECT_VERSION_02
[1.455s] Level 1:colcon.colcon_core.environment:checking '/root/ROBOT_PROJECT_V2_ws/install/ROBOT_PROJECT_VERSION_02' for CMake module files
[1.456s] Level 1:colcon.colcon_core.environment:checking '/root/ROBOT_PROJECT_V2_ws/install/ROBOT_PROJECT_VERSION_02' for CMake config files
[1.457s] Level 1:colcon.colcon_core.shell:create_environment_hook('ROBOT_PROJECT_VERSION_02', 'cmake_prefix_path')
[1.457s] INFO:colcon.colcon_core.shell:Creating environment hook '/root/ROBOT_PROJECT_V2_ws/install/ROBOT_PROJECT_VERSION_02/share/ROBOT_PROJECT_VERSION_02/hook/cmake_prefix_path.ps1'
[1.457s] INFO:colcon.colcon_core.shell:Creating environment descriptor '/root/ROBOT_PROJECT_V2_ws/install/ROBOT_PROJECT_VERSION_02/share/ROBOT_PROJECT_VERSION_02/hook/cmake_prefix_path.dsv'
[1.458s] INFO:colcon.colcon_core.shell:Creating environment hook '/root/ROBOT_PROJECT_V2_ws/install/ROBOT_PROJECT_VERSION_02/share/ROBOT_PROJECT_VERSION_02/hook/cmake_prefix_path.sh'
[1.458s] Level 1:colcon.colcon_core.environment:checking '/root/ROBOT_PROJECT_V2_ws/install/ROBOT_PROJECT_VERSION_02/bin'
[1.458s] Level 1:colcon.colcon_core.environment:checking '/root/ROBOT_PROJECT_V2_ws/install/ROBOT_PROJECT_VERSION_02/lib/pkgconfig/ROBOT_PROJECT_VERSION_02.pc'
[1.458s] Level 1:colcon.colcon_core.environment:checking '/root/ROBOT_PROJECT_V2_ws/install/ROBOT_PROJECT_VERSION_02/lib/python3.10/site-packages'
[1.458s] Level 1:colcon.colcon_core.environment:checking '/root/ROBOT_PROJECT_V2_ws/install/ROBOT_PROJECT_VERSION_02/bin'
[1.458s] INFO:colcon.colcon_core.shell:Creating package script '/root/ROBOT_PROJECT_V2_ws/install/ROBOT_PROJECT_VERSION_02/share/ROBOT_PROJECT_VERSION_02/package.ps1'
[1.459s] INFO:colcon.colcon_core.shell:Creating package descriptor '/root/ROBOT_PROJECT_V2_ws/install/ROBOT_PROJECT_VERSION_02/share/ROBOT_PROJECT_VERSION_02/package.dsv'
[1.459s] INFO:colcon.colcon_core.shell:Creating package script '/root/ROBOT_PROJECT_V2_ws/install/ROBOT_PROJECT_VERSION_02/share/ROBOT_PROJECT_VERSION_02/package.sh'
[1.459s] INFO:colcon.colcon_core.shell:Creating package script '/root/ROBOT_PROJECT_V2_ws/install/ROBOT_PROJECT_VERSION_02/share/ROBOT_PROJECT_VERSION_02/package.bash'
[1.459s] INFO:colcon.colcon_core.shell:Creating package script '/root/ROBOT_PROJECT_V2_ws/install/ROBOT_PROJECT_VERSION_02/share/ROBOT_PROJECT_VERSION_02/package.zsh'
[1.460s] Level 1:colcon.colcon_core.environment:create_file_with_runtime_dependencies(/root/ROBOT_PROJECT_V2_ws/install/ROBOT_PROJECT_VERSION_02/share/colcon-core/packages/ROBOT_PROJECT_VERSION_02)
[1.460s] Level 1:colcon.colcon_core.environment:create_environment_scripts_only(ROBOT_PROJECT_VERSION_02)
[1.460s] Level 1:colcon.colcon_core.environment:checking '/root/ROBOT_PROJECT_V2_ws/install/ROBOT_PROJECT_VERSION_02' for CMake module files
[1.460s] Level 1:colcon.colcon_core.environment:checking '/root/ROBOT_PROJECT_V2_ws/install/ROBOT_PROJECT_VERSION_02' for CMake config files
[1.460s] Level 1:colcon.colcon_core.shell:create_environment_hook('ROBOT_PROJECT_VERSION_02', 'cmake_prefix_path')
[1.460s] INFO:colcon.colcon_core.shell:Creating environment hook '/root/ROBOT_PROJECT_V2_ws/install/ROBOT_PROJECT_VERSION_02/share/ROBOT_PROJECT_VERSION_02/hook/cmake_prefix_path.ps1'
[1.461s] INFO:colcon.colcon_core.shell:Creating environment descriptor '/root/ROBOT_PROJECT_V2_ws/install/ROBOT_PROJECT_VERSION_02/share/ROBOT_PROJECT_VERSION_02/hook/cmake_prefix_path.dsv'
[1.461s] INFO:colcon.colcon_core.shell:Creating environment hook '/root/ROBOT_PROJECT_V2_ws/install/ROBOT_PROJECT_VERSION_02/share/ROBOT_PROJECT_VERSION_02/hook/cmake_prefix_path.sh'
[1.461s] Level 1:colcon.colcon_core.environment:checking '/root/ROBOT_PROJECT_V2_ws/install/ROBOT_PROJECT_VERSION_02/bin'
[1.461s] Level 1:colcon.colcon_core.environment:checking '/root/ROBOT_PROJECT_V2_ws/install/ROBOT_PROJECT_VERSION_02/lib/pkgconfig/ROBOT_PROJECT_VERSION_02.pc'
[1.461s] Level 1:colcon.colcon_core.environment:checking '/root/ROBOT_PROJECT_V2_ws/install/ROBOT_PROJECT_VERSION_02/lib/python3.10/site-packages'
[1.461s] Level 1:colcon.colcon_core.environment:checking '/root/ROBOT_PROJECT_V2_ws/install/ROBOT_PROJECT_VERSION_02/bin'
[1.462s] INFO:colcon.colcon_core.shell:Creating package script '/root/ROBOT_PROJECT_V2_ws/install/ROBOT_PROJECT_VERSION_02/share/ROBOT_PROJECT_VERSION_02/package.ps1'
[1.462s] INFO:colcon.colcon_core.shell:Creating package descriptor '/root/ROBOT_PROJECT_V2_ws/install/ROBOT_PROJECT_VERSION_02/share/ROBOT_PROJECT_VERSION_02/package.dsv'
[1.462s] INFO:colcon.colcon_core.shell:Creating package script '/root/ROBOT_PROJECT_V2_ws/install/ROBOT_PROJECT_VERSION_02/share/ROBOT_PROJECT_VERSION_02/package.sh'
[1.463s] INFO:colcon.colcon_core.shell:Creating package script '/root/ROBOT_PROJECT_V2_ws/install/ROBOT_PROJECT_VERSION_02/share/ROBOT_PROJECT_VERSION_02/package.bash'
[1.463s] INFO:colcon.colcon_core.shell:Creating package script '/root/ROBOT_PROJECT_V2_ws/install/ROBOT_PROJECT_VERSION_02/share/ROBOT_PROJECT_VERSION_02/package.zsh'
[1.463s] Level 1:colcon.colcon_core.environment:create_file_with_runtime_dependencies(/root/ROBOT_PROJECT_V2_ws/install/ROBOT_PROJECT_VERSION_02/share/colcon-core/packages/ROBOT_PROJECT_VERSION_02)
[1.464s] DEBUG:colcon.colcon_parallel_executor.executor.parallel:closing loop
[1.464s] DEBUG:colcon.colcon_parallel_executor.executor.parallel:loop closed
[1.464s] DEBUG:colcon.colcon_parallel_executor.executor.parallel:run_until_complete finished with '0'
[1.464s] DEBUG:colcon.colcon_core.event_reactor:joining thread
[1.535s] INFO:colcon.colcon_core.plugin_system:Skipping extension 'colcon_notification.desktop_notification.notify_send': Could not find 'notify-send'
[1.535s] INFO:colcon.colcon_core.plugin_system:Skipping extension 'colcon_notification.desktop_notification.terminal_notifier': Not used on non-Darwin systems
[1.535s] INFO:colcon.colcon_core.plugin_system:Skipping extension 'colcon_notification.desktop_notification.win32': Not used on non-Windows systems
[1.535s] INFO:colcon.colcon_notification.desktop_notification:Sending desktop notification using 'notify2'
[26.597s] DEBUG:colcon.colcon_notification.desktop_notification.notify2:Failed to initialize notify2: org.freedesktop.DBus.Error.NoReply: Did not receive a reply. Possible causes include: the remote application did not send a reply, the message bus security policy blocked the reply, the reply timeout expired, or the network connection was broken.
[26.597s] DEBUG:colcon.colcon_core.event_reactor:joined thread
[26.598s] INFO:colcon.colcon_core.shell:Creating prefix script '/root/ROBOT_PROJECT_V2_ws/install/local_setup.ps1'
[26.603s] INFO:colcon.colcon_core.shell:Creating prefix util module '/root/ROBOT_PROJECT_V2_ws/install/_local_setup_util_ps1.py'
[26.606s] INFO:colcon.colcon_core.shell:Creating prefix chain script '/root/ROBOT_PROJECT_V2_ws/install/setup.ps1'
[26.608s] INFO:colcon.colcon_core.shell:Creating prefix script '/root/ROBOT_PROJECT_V2_ws/install/local_setup.sh'
[26.609s] INFO:colcon.colcon_core.shell:Creating prefix util module '/root/ROBOT_PROJECT_V2_ws/install/_local_setup_util_sh.py'
[26.609s] INFO:colcon.colcon_core.shell:Creating prefix chain script '/root/ROBOT_PROJECT_V2_ws/install/setup.sh'
[26.611s] INFO:colcon.colcon_core.shell:Creating prefix script '/root/ROBOT_PROJECT_V2_ws/install/local_setup.bash'
[26.612s] INFO:colcon.colcon_core.shell:Creating prefix chain script '/root/ROBOT_PROJECT_V2_ws/install/setup.bash'
[26.613s] INFO:colcon.colcon_core.shell:Creating prefix script '/root/ROBOT_PROJECT_V2_ws/install/local_setup.zsh'
[26.614s] INFO:colcon.colcon_core.shell:Creating prefix chain script '/root/ROBOT_PROJECT_V2_ws/install/setup.zsh'
